2025-09-11 08:12:44.410 [info] [main] Log level: Info
2025-09-11 08:12:44.410 [info] [main] Validating found git in: "git"
2025-09-11 08:12:44.410 [info] [main] Using git "2.50.1" from "git"
2025-09-11 08:12:44.410 [info] [Model][doInitialScan] Initial repository scan started
2025-09-11 08:12:44.410 [info] > git rev-parse --show-toplevel [13ms]
2025-09-11 08:12:44.410 [info] fatal: not a git repository (or any of the parent directories): .git
2025-09-11 08:12:44.410 [info] > git rev-parse --show-toplevel [4ms]
2025-09-11 08:12:44.410 [info] fatal: not a git repository (or any of the parent directories): .git
2025-09-11 08:12:44.410 [info] > git rev-parse --show-toplevel [3ms]
2025-09-11 08:12:44.410 [info] fatal: not a git repository (or any of the parent directories): .git
2025-09-11 08:12:44.410 [info] > git rev-parse --show-toplevel [5ms]
2025-09-11 08:12:44.410 [info] fatal: not a git repository (or any of the parent directories): .git
2025-09-11 08:12:44.410 [info] > git rev-parse --show-toplevel [4ms]
2025-09-11 08:12:44.410 [info] fatal: not a git repository (or any of the parent directories): .git
2025-09-11 08:12:44.410 [info] > git rev-parse --show-toplevel [3ms]
2025-09-11 08:12:44.410 [info] fatal: not a git repository (or any of the parent directories): .git
2025-09-11 08:12:44.410 [info] > git rev-parse --show-toplevel [3ms]
2025-09-11 08:12:44.410 [info] fatal: not a git repository (or any of the parent directories): .git
2025-09-11 08:12:44.410 [info] > git rev-parse --show-toplevel [3ms]
2025-09-11 08:12:44.410 [info] fatal: not a git repository (or any of the parent directories): .git
2025-09-11 08:12:44.410 [info] > git rev-parse --show-toplevel [3ms]
2025-09-11 08:12:44.410 [info] fatal: not a git repository (or any of the parent directories): .git
2025-09-11 08:12:44.410 [info] > git rev-parse --show-toplevel [54ms]
2025-09-11 08:12:44.410 [info] fatal: not a git repository (or any of the parent directories): .git
2025-09-11 08:12:44.413 [info] > git rev-parse --show-toplevel [4ms]
2025-09-11 08:12:44.413 [info] fatal: not a git repository (or any of the parent directories): .git
2025-09-11 08:12:44.427 [info] > git rev-parse --show-toplevel [3ms]
2025-09-11 08:12:44.427 [info] fatal: not a git repository (or any of the parent directories): .git
2025-09-11 08:12:44.442 [info] > git rev-parse --show-toplevel [4ms]
2025-09-11 08:12:44.442 [info] fatal: not a git repository (or any of the parent directories): .git
2025-09-11 08:12:44.456 [info] > git rev-parse --show-toplevel [4ms]
2025-09-11 08:12:44.456 [info] fatal: not a git repository (or any of the parent directories): .git
2025-09-11 08:12:44.522 [info] > git rev-parse --show-toplevel [49ms]
2025-09-11 08:12:44.522 [info] fatal: not a git repository (or any of the parent directories): .git
2025-09-11 08:12:44.584 [info] > git rev-parse --show-toplevel [13ms]
2025-09-11 08:12:44.584 [info] fatal: not a git repository (or any of the parent directories): .git
2025-09-11 08:12:44.598 [info] > git rev-parse --show-toplevel [3ms]
2025-09-11 08:12:44.598 [info] fatal: not a git repository (or any of the parent directories): .git
2025-09-11 08:12:44.612 [info] > git rev-parse --show-toplevel [4ms]
2025-09-11 08:12:44.612 [info] fatal: not a git repository (or any of the parent directories): .git
2025-09-11 08:12:44.626 [info] > git rev-parse --show-toplevel [4ms]
2025-09-11 08:12:44.626 [info] fatal: not a git repository (or any of the parent directories): .git
2025-09-11 08:12:44.637 [info] > git rev-parse --show-toplevel [3ms]
2025-09-11 08:12:44.637 [info] fatal: not a git repository (or any of the parent directories): .git
2025-09-11 08:12:44.649 [info] > git rev-parse --show-toplevel [3ms]
2025-09-11 08:12:44.649 [info] fatal: not a git repository (or any of the parent directories): .git
2025-09-11 08:12:44.661 [info] > git rev-parse --show-toplevel [4ms]
2025-09-11 08:12:44.661 [info] fatal: not a git repository (or any of the parent directories): .git
2025-09-11 08:12:44.674 [info] > git rev-parse --show-toplevel [3ms]
2025-09-11 08:12:44.675 [info] fatal: not a git repository (or any of the parent directories): .git
2025-09-11 08:12:44.688 [info] > git rev-parse --show-toplevel [4ms]
2025-09-11 08:12:44.688 [info] fatal: not a git repository (or any of the parent directories): .git
2025-09-11 08:12:44.701 [info] > git rev-parse --show-toplevel [3ms]
2025-09-11 08:12:44.701 [info] fatal: not a git repository (or any of the parent directories): .git
2025-09-11 08:12:44.714 [info] > git rev-parse --show-toplevel [3ms]
2025-09-11 08:12:44.714 [info] fatal: not a git repository (or any of the parent directories): .git
2025-09-11 08:12:44.725 [info] > git rev-parse --show-toplevel [2ms]
2025-09-11 08:12:44.725 [info] fatal: not a git repository (or any of the parent directories): .git
2025-09-11 08:12:44.738 [info] > git rev-parse --show-toplevel [3ms]
2025-09-11 08:12:44.738 [info] fatal: not a git repository (or any of the parent directories): .git
2025-09-11 08:12:44.751 [info] > git rev-parse --show-toplevel [3ms]
2025-09-11 08:12:44.751 [info] fatal: not a git repository (or any of the parent directories): .git
2025-09-11 08:12:44.765 [info] > git rev-parse --show-toplevel [4ms]
2025-09-11 08:12:44.765 [info] fatal: not a git repository (or any of the parent directories): .git
2025-09-11 08:12:44.778 [info] > git rev-parse --show-toplevel [3ms]
2025-09-11 08:12:44.778 [info] fatal: not a git repository (or any of the parent directories): .git
2025-09-11 08:12:44.791 [info] > git rev-parse --show-toplevel [3ms]
2025-09-11 08:12:44.791 [info] fatal: not a git repository (or any of the parent directories): .git
2025-09-11 08:12:44.805 [info] > git rev-parse --show-toplevel [3ms]
2025-09-11 08:12:44.805 [info] fatal: not a git repository (or any of the parent directories): .git
2025-09-11 08:12:44.811 [info] [Model][doInitialScan] Initial repository scan completed - repositories (0), closed repositories (0), parent repositories (0), unsafe repositories (0)
2025-09-11 08:12:44.826 [info] > git rev-parse --show-toplevel [4ms]
2025-09-11 08:12:44.826 [info] fatal: not a git repository (or any of the parent directories): .git
2025-09-11 08:12:44.926 [info] > git rev-parse --show-toplevel [3ms]
2025-09-11 08:12:44.926 [info] fatal: not a git repository (or any of the parent directories): .git
2025-09-11 08:12:45.131 [info] > git rev-parse --show-toplevel [3ms]
2025-09-11 08:12:45.131 [info] fatal: not a git repository (or any of the parent directories): .git
2025-09-11 08:12:45.365 [info] > git rev-parse --show-toplevel [4ms]
2025-09-11 08:12:45.365 [info] fatal: not a git repository (or any of the parent directories): .git
