2025-10-03 10:39:39.542 [info] [main] Log level: Info
2025-10-03 10:39:39.542 [info] [main] Validating found git in: "git"
2025-10-03 10:39:39.542 [info] [main] Using git "2.50.1" from "git"
2025-10-03 10:39:39.542 [info] [Model][doInitialScan] Initial repository scan started
2025-10-03 10:39:39.542 [info] > git rev-parse --show-toplevel [23ms]
2025-10-03 10:39:39.542 [info] > git rev-parse --git-dir --git-common-dir --show-superproject-working-tree [16ms]
2025-10-03 10:39:39.542 [info] [Model][openRepository] Opened repository (path): /home/rohan/.config
2025-10-03 10:39:39.542 [info] [Model][openRepository] Opened repository (real path): /home/rohan/.config
2025-10-03 10:39:39.542 [info] [Model][openRepository] Opened repository (kind): repository
2025-10-03 10:39:39.542 [info] > git rev-parse --show-toplevel [34ms]
2025-10-03 10:39:39.542 [info] fatal: this operation must be run in a work tree
2025-10-03 10:39:39.542 [info] > git config --get commit.template [45ms]
2025-10-03 10:39:39.542 [info] [Git][getRemotes] No remotes found in the git config file
2025-10-03 10:39:39.542 [info] > git rev-parse --show-toplevel [75ms]
2025-10-03 10:39:39.554 [info] > git for-each-ref --format=%(refname)%00%(upstream:short)%00%(objectname)%00%(upstream:track)%00%(upstream:remotename)%00%(upstream:remoteref) refs/heads/main refs/remotes/main [16ms]
2025-10-03 10:39:39.554 [warning] [Git][getBranch] No such branch: main
2025-10-03 10:39:39.590 [info] > git for-each-ref --sort -committerdate --format %(refname)%00%(objectname)%00%(*objectname) [12ms]
2025-10-03 10:39:39.592 [info] > git rev-parse --show-toplevel [41ms]
2025-10-03 10:39:39.607 [info] > git rev-parse --show-toplevel [4ms]
2025-10-03 10:39:39.620 [info] > git rev-parse --show-toplevel [3ms]
2025-10-03 10:39:39.640 [info] > git status -z -uall [75ms]
2025-10-03 10:39:39.740 [info] > git for-each-ref --format=%(refname)%00%(upstream:short)%00%(objectname)%00%(upstream:track)%00%(upstream:remotename)%00%(upstream:remoteref) refs/heads/main refs/remotes/main [60ms]
2025-10-03 10:39:39.740 [warning] [Git][getBranch] No such branch: main
2025-10-03 10:39:39.741 [error] [GitHistoryProvider][resolveHEADMergeBase] Failed to resolve merge base for main: Error: No such branch: main.
2025-10-03 10:39:39.742 [info] > git rev-parse --show-toplevel [106ms]
2025-10-03 10:39:39.753 [info] > git config --get commit.template [14ms]
2025-10-03 10:39:40.012 [info] > git rev-parse --show-toplevel [260ms]
2025-10-03 10:39:40.109 [info] [Git][getRemotes] No remotes found in the git config file
2025-10-03 10:39:40.232 [info] > git check-ignore -v -z --stdin [207ms]
2025-10-03 10:39:40.234 [info] > git rev-parse --show-toplevel [116ms]
2025-10-03 10:39:40.234 [info] > git for-each-ref --format=%(refname)%00%(upstream:short)%00%(objectname)%00%(upstream:track)%00%(upstream:remotename)%00%(upstream:remoteref) refs/heads/main refs/remotes/main [126ms]
2025-10-03 10:39:40.234 [warning] [Git][getBranch] No such branch: main
2025-10-03 10:39:40.271 [info] > git for-each-ref --sort -committerdate --format %(refname)%00%(objectname)%00%(*objectname) [14ms]
2025-10-03 10:39:40.274 [info] > git rev-parse --show-toplevel [3ms]
2025-10-03 10:39:40.289 [info] > git status -z -uall [44ms]
2025-10-03 10:39:40.313 [info] > git rev-parse --show-toplevel [26ms]
2025-10-03 10:39:40.333 [info] > git rev-parse --show-toplevel [10ms]
2025-10-03 10:39:40.348 [info] > git rev-parse --show-toplevel [4ms]
2025-10-03 10:39:40.363 [info] > git rev-parse --show-toplevel [4ms]
2025-10-03 10:39:40.377 [info] > git rev-parse --show-toplevel [3ms]
2025-10-03 10:39:40.393 [info] > git rev-parse --show-toplevel [6ms]
2025-10-03 10:39:40.611 [info] > git rev-parse --show-toplevel [204ms]
2025-10-03 10:39:40.629 [info] > git rev-parse --show-toplevel [3ms]
2025-10-03 10:39:40.643 [info] > git rev-parse --show-toplevel [4ms]
2025-10-03 10:39:40.657 [info] > git rev-parse --show-toplevel [3ms]
2025-10-03 10:39:40.671 [info] > git rev-parse --show-toplevel [4ms]
2025-10-03 10:39:40.685 [info] > git rev-parse --show-toplevel [4ms]
2025-10-03 10:39:40.698 [info] > git rev-parse --show-toplevel [3ms]
2025-10-03 10:39:40.712 [info] > git rev-parse --show-toplevel [4ms]
2025-10-03 10:39:40.725 [info] > git rev-parse --show-toplevel [4ms]
2025-10-03 10:39:40.738 [info] > git rev-parse --show-toplevel [4ms]
2025-10-03 10:39:40.750 [info] > git rev-parse --show-toplevel [3ms]
2025-10-03 10:39:40.767 [info] > git rev-parse --show-toplevel [3ms]
2025-10-03 10:39:40.780 [info] > git rev-parse --show-toplevel [4ms]
2025-10-03 10:39:40.794 [info] > git rev-parse --show-toplevel [4ms]
2025-10-03 10:39:40.808 [info] > git rev-parse --show-toplevel [4ms]
2025-10-03 10:39:40.822 [info] > git rev-parse --show-toplevel [3ms]
2025-10-03 10:39:40.833 [info] > git rev-parse --show-toplevel [3ms]
2025-10-03 10:39:40.846 [info] > git rev-parse --show-toplevel [3ms]
2025-10-03 10:39:40.851 [info] [Model][doInitialScan] Initial repository scan completed - repositories (1), closed repositories (0), parent repositories (0), unsafe repositories (0)
2025-10-03 10:39:40.874 [info] > git show --textconv :.git/COMMIT_EDITMSG [14ms]
2025-10-03 10:39:40.885 [info] > git ls-files --stage -- .git/COMMIT_EDITMSG [12ms]
2025-10-03 10:39:40.896 [info] > git hash-object -t tree /dev/null [12ms]
2025-10-03 10:39:40.896 [warning] [GitFileSystemProvider][readFile] File not found - git:/home/rohan/.config/.git/COMMIT_EDITMSG.git?%7B%22path%22%3A%22%2Fhome%2Frohan%2F.config%2F.git%2FCOMMIT_EDITMSG%22%2C%22ref%22%3A%22%22%7D
2025-10-03 10:39:40.898 [info] > git hash-object -t tree /dev/null [3ms]
2025-10-03 10:39:40.898 [warning] [GitFileSystemProvider][stat] File not found - git:/home/rohan/.config/.git/COMMIT_EDITMSG.git?%7B%22path%22%3A%22%2Fhome%2Frohan%2F.config%2F.git%2FCOMMIT_EDITMSG%22%2C%22ref%22%3A%22%22%7D
2025-10-03 10:39:43.868 [info] [Git][getRemotes] No remotes found in the git config file
2025-10-03 10:39:43.869 [info] > git config --get commit.template [10ms]
2025-10-03 10:39:43.871 [info] > git for-each-ref --format=%(refname)%00%(upstream:short)%00%(objectname)%00%(upstream:track)%00%(upstream:remotename)%00%(upstream:remoteref) refs/heads/main refs/remotes/main [3ms]
2025-10-03 10:39:43.871 [warning] [Git][getBranch] No such branch: main
2025-10-03 10:39:43.891 [info] > git for-each-ref --sort -committerdate --format %(refname)%00%(objectname)%00%(*objectname) [3ms]
2025-10-03 10:39:43.921 [info] > git status -z -uall [42ms]
2025-10-03 10:39:48.967 [info] [Git][getRemotes] No remotes found in the git config file
2025-10-03 10:39:48.968 [info] > git config --get commit.template [14ms]
2025-10-03 10:39:48.969 [info] > git for-each-ref --format=%(refname)%00%(upstream:short)%00%(objectname)%00%(upstream:track)%00%(upstream:remotename)%00%(upstream:remoteref) refs/heads/main refs/remotes/main [3ms]
2025-10-03 10:39:48.969 [warning] [Git][getBranch] No such branch: main
2025-10-03 10:39:48.993 [info] > git for-each-ref --sort -committerdate --format %(refname)%00%(objectname)%00%(*objectname) [4ms]
2025-10-03 10:39:49.020 [info] > git status -z -uall [41ms]
2025-10-03 10:39:49.950 [info] > git check-ignore -v -z --stdin [4ms]
2025-10-03 10:39:54.484 [info] [Git][getRemotes] No remotes found in the git config file
2025-10-03 10:39:54.485 [info] > git config --get commit.template [13ms]
2025-10-03 10:39:54.487 [info] > git for-each-ref --format=%(refname)%00%(upstream:short)%00%(objectname)%00%(upstream:track)%00%(upstream:remotename)%00%(upstream:remoteref) refs/heads/main refs/remotes/main [3ms]
2025-10-03 10:39:54.487 [warning] [Git][getBranch] No such branch: main
2025-10-03 10:39:54.510 [info] > git for-each-ref --sort -committerdate --format %(refname)%00%(objectname)%00%(*objectname) [3ms]
2025-10-03 10:39:54.539 [info] > git status -z -uall [42ms]
2025-10-03 10:39:55.735 [info] > git log --format=%H%n%aN%n%aE%n%at%n%ct%n%P%n%D%n%B -z --shortstat --diff-merges=first-parent -n50 --skip=0 --topo-order --decorate=full --stdin [3ms]
2025-10-03 10:39:55.735 [info] fatal: bad revision 'refs/heads/main'
2025-10-03 10:39:55.736 [error] [GitHistoryProvider][provideHistoryItems] Failed to get history items with options '{"historyItemRefs":["refs/heads/main"],"limit":50,"skip":0}': Failed to execute git {
  "exitCode": 128,
  "gitCommand": "log",
  "stdout": "",
  "stderr": "fatal: bad revision 'refs/heads/main'\n"
}
2025-10-03 10:39:56.564 [info] > git check-ignore -v -z --stdin [4ms]
2025-10-03 10:39:59.573 [info] [Git][getRemotes] No remotes found in the git config file
2025-10-03 10:39:59.584 [info] > git config --get commit.template [11ms]
2025-10-03 10:39:59.586 [info] > git for-each-ref --format=%(refname)%00%(upstream:short)%00%(objectname)%00%(upstream:track)%00%(upstream:remotename)%00%(upstream:remoteref) refs/heads/main refs/remotes/main [3ms]
2025-10-03 10:39:59.586 [warning] [Git][getBranch] No such branch: main
2025-10-03 10:39:59.608 [info] > git for-each-ref --sort -committerdate --format %(refname)%00%(objectname)%00%(*objectname) [3ms]
2025-10-03 10:39:59.637 [info] > git status -z -uall [42ms]
2025-10-03 10:40:04.679 [info] [Git][getRemotes] No remotes found in the git config file
2025-10-03 10:40:04.680 [info] > git config --get commit.template [15ms]
2025-10-03 10:40:04.682 [info] > git for-each-ref --format=%(refname)%00%(upstream:short)%00%(objectname)%00%(upstream:track)%00%(upstream:remotename)%00%(upstream:remoteref) refs/heads/main refs/remotes/main [3ms]
2025-10-03 10:40:04.682 [warning] [Git][getBranch] No such branch: main
2025-10-03 10:40:04.707 [info] > git for-each-ref --sort -committerdate --format %(refname)%00%(objectname)%00%(*objectname) [3ms]
2025-10-03 10:40:04.740 [info] > git status -z -uall [47ms]
2025-10-03 10:40:30.864 [info] [Git][getRemotes] No remotes found in the git config file
2025-10-03 10:40:30.865 [info] > git config --get commit.template [17ms]
2025-10-03 10:40:30.868 [info] > git for-each-ref --format=%(refname)%00%(upstream:short)%00%(objectname)%00%(upstream:track)%00%(upstream:remotename)%00%(upstream:remoteref) refs/heads/main refs/remotes/main [5ms]
2025-10-03 10:40:30.868 [warning] [Git][getBranch] No such branch: main
2025-10-03 10:40:30.899 [info] > git for-each-ref --sort -committerdate --format %(refname)%00%(objectname)%00%(*objectname) [4ms]
2025-10-03 10:40:30.929 [info] > git status -z -uall [48ms]
2025-10-03 10:40:35.972 [info] [Git][getRemotes] No remotes found in the git config file
2025-10-03 10:40:35.974 [info] > git config --get commit.template [12ms]
2025-10-03 10:40:35.975 [info] > git for-each-ref --format=%(refname)%00%(upstream:short)%00%(objectname)%00%(upstream:track)%00%(upstream:remotename)%00%(upstream:remoteref) refs/heads/main refs/remotes/main [3ms]
2025-10-03 10:40:35.975 [warning] [Git][getBranch] No such branch: main
2025-10-03 10:40:35.999 [info] > git for-each-ref --sort -committerdate --format %(refname)%00%(objectname)%00%(*objectname) [4ms]
2025-10-03 10:40:36.028 [info] > git status -z -uall [43ms]
2025-10-03 10:40:41.073 [info] [Git][getRemotes] No remotes found in the git config file
2025-10-03 10:40:41.075 [info] > git config --get commit.template [14ms]
2025-10-03 10:40:41.077 [info] > git for-each-ref --format=%(refname)%00%(upstream:short)%00%(objectname)%00%(upstream:track)%00%(upstream:remotename)%00%(upstream:remoteref) refs/heads/main refs/remotes/main [4ms]
2025-10-03 10:40:41.077 [warning] [Git][getBranch] No such branch: main
2025-10-03 10:40:41.102 [info] > git for-each-ref --sort -committerdate --format %(refname)%00%(objectname)%00%(*objectname) [3ms]
2025-10-03 10:40:41.135 [info] > git status -z -uall [46ms]
2025-10-03 10:40:42.037 [info] > git check-ignore -v -z --stdin [4ms]
2025-10-03 10:40:44.746 [info] > git show --textconv :hypr/hyprland.conf [38ms]
2025-10-03 10:40:44.746 [info] > git show --textconv HEAD:hypr/hyprland.conf [26ms]
2025-10-03 10:40:44.746 [info] > git ls-files --stage -- hypr/hyprland.conf [15ms]
2025-10-03 10:40:44.759 [warning] [GitFileSystemProvider][readFile] File not found - git:/home/rohan/.config/hypr/hyprland.conf.git?%7B%22path%22%3A%22%2Fhome%2Frohan%2F.config%2Fhypr%2Fhyprland.conf%22%2C%22ref%22%3A%22HEAD%22%7D
2025-10-03 10:40:44.762 [info] > git ls-tree -l HEAD -- hypr/hyprland.conf [18ms]
2025-10-03 10:40:44.762 [info] fatal: Not a valid object name HEAD
2025-10-03 10:40:44.763 [warning] [GitFileSystemProvider][stat] File not found - git:/home/rohan/.config/hypr/hyprland.conf.git?%7B%22path%22%3A%22%2Fhome%2Frohan%2F.config%2Fhypr%2Fhyprland.conf%22%2C%22ref%22%3A%22HEAD%22%7D
2025-10-03 10:40:44.764 [info] > git cat-file -s dd1c1507434180ffc55ae88b78863b3169946f77 [6ms]
2025-10-03 10:40:45.544 [info] > git ls-files --stage -- hypr/hyprland.conf [4ms]
2025-10-03 10:40:45.558 [info] > git cat-file -s dd1c1507434180ffc55ae88b78863b3169946f77 [4ms]
2025-10-03 10:40:45.576 [info] > git show --textconv :hypr/hyprland.conf [4ms]
2025-10-03 10:40:46.163 [info] [Git][getRemotes] No remotes found in the git config file
2025-10-03 10:40:46.175 [info] > git config --get commit.template [13ms]
2025-10-03 10:40:46.177 [info] > git for-each-ref --format=%(refname)%00%(upstream:short)%00%(objectname)%00%(upstream:track)%00%(upstream:remotename)%00%(upstream:remoteref) refs/heads/main refs/remotes/main [3ms]
2025-10-03 10:40:46.177 [warning] [Git][getBranch] No such branch: main
2025-10-03 10:40:46.202 [info] > git for-each-ref --sort -committerdate --format %(refname)%00%(objectname)%00%(*objectname) [3ms]
2025-10-03 10:40:46.231 [info] > git status -z -uall [43ms]
2025-10-03 10:40:51.278 [info] [Git][getRemotes] No remotes found in the git config file
2025-10-03 10:40:51.279 [info] > git config --get commit.template [15ms]
2025-10-03 10:40:51.281 [info] > git for-each-ref --format=%(refname)%00%(upstream:short)%00%(objectname)%00%(upstream:track)%00%(upstream:remotename)%00%(upstream:remoteref) refs/heads/main refs/remotes/main [4ms]
2025-10-03 10:40:51.281 [warning] [Git][getBranch] No such branch: main
2025-10-03 10:40:51.307 [info] > git for-each-ref --sort -committerdate --format %(refname)%00%(objectname)%00%(*objectname) [3ms]
2025-10-03 10:40:51.338 [info] > git status -z -uall [46ms]
2025-10-03 10:41:04.872 [info] > git config --get commit.template [14ms]
2025-10-03 10:41:04.883 [info] [Git][getRemotes] No remotes found in the git config file
2025-10-03 10:41:04.884 [info] > git ls-files --stage -- hypr/hyprland.conf [13ms]
2025-10-03 10:41:04.895 [info] > git for-each-ref --format=%(refname)%00%(upstream:short)%00%(objectname)%00%(upstream:track)%00%(upstream:remotename)%00%(upstream:remoteref) refs/heads/main refs/remotes/main [12ms]
2025-10-03 10:41:04.895 [warning] [Git][getBranch] No such branch: main
2025-10-03 10:41:04.917 [info] > git cat-file -s dd1c1507434180ffc55ae88b78863b3169946f77 [23ms]
2025-10-03 10:41:04.919 [info] > git for-each-ref --sort -committerdate --format %(refname)%00%(objectname)%00%(*objectname) [4ms]
2025-10-03 10:41:04.936 [info] > git show --textconv :hypr/hyprland.conf [5ms]
2025-10-03 10:41:04.947 [info] > git status -z -uall [41ms]
2025-10-03 10:41:09.988 [info] [Git][getRemotes] No remotes found in the git config file
2025-10-03 10:41:09.989 [info] > git config --get commit.template [15ms]
2025-10-03 10:41:09.991 [info] > git for-each-ref --format=%(refname)%00%(upstream:short)%00%(objectname)%00%(upstream:track)%00%(upstream:remotename)%00%(upstream:remoteref) refs/heads/main refs/remotes/main [3ms]
2025-10-03 10:41:09.991 [warning] [Git][getBranch] No such branch: main
2025-10-03 10:41:10.016 [info] > git for-each-ref --sort -committerdate --format %(refname)%00%(objectname)%00%(*objectname) [3ms]
2025-10-03 10:41:10.046 [info] > git status -z -uall [44ms]
2025-10-03 10:41:21.599 [info] [Git][getRemotes] No remotes found in the git config file
2025-10-03 10:41:21.601 [info] > git config --get commit.template [15ms]
2025-10-03 10:41:21.603 [info] > git for-each-ref --format=%(refname)%00%(upstream:short)%00%(objectname)%00%(upstream:track)%00%(upstream:remotename)%00%(upstream:remoteref) refs/heads/main refs/remotes/main [4ms]
2025-10-03 10:41:21.603 [warning] [Git][getBranch] No such branch: main
2025-10-03 10:41:21.631 [info] > git for-each-ref --sort -committerdate --format %(refname)%00%(objectname)%00%(*objectname) [4ms]
2025-10-03 10:41:21.662 [info] > git status -z -uall [47ms]
2025-10-03 10:41:26.692 [info] [Git][getRemotes] No remotes found in the git config file
2025-10-03 10:41:26.707 [info] > git config --get commit.template [16ms]
2025-10-03 10:41:26.709 [info] > git for-each-ref --format=%(refname)%00%(upstream:short)%00%(objectname)%00%(upstream:track)%00%(upstream:remotename)%00%(upstream:remoteref) refs/heads/main refs/remotes/main [4ms]
2025-10-03 10:41:26.709 [warning] [Git][getBranch] No such branch: main
2025-10-03 10:41:26.734 [info] > git for-each-ref --sort -committerdate --format %(refname)%00%(objectname)%00%(*objectname) [4ms]
2025-10-03 10:41:26.764 [info] > git status -z -uall [45ms]
2025-10-03 10:41:31.804 [info] [Git][getRemotes] No remotes found in the git config file
2025-10-03 10:41:31.805 [info] > git config --get commit.template [14ms]
2025-10-03 10:41:31.807 [info] > git for-each-ref --format=%(refname)%00%(upstream:short)%00%(objectname)%00%(upstream:track)%00%(upstream:remotename)%00%(upstream:remoteref) refs/heads/main refs/remotes/main [3ms]
2025-10-03 10:41:31.807 [warning] [Git][getBranch] No such branch: main
2025-10-03 10:41:31.831 [info] > git for-each-ref --sort -committerdate --format %(refname)%00%(objectname)%00%(*objectname) [3ms]
2025-10-03 10:41:31.863 [info] > git status -z -uall [46ms]
2025-10-03 10:41:36.900 [info] [Git][getRemotes] No remotes found in the git config file
2025-10-03 10:41:36.901 [info] > git config --get commit.template [12ms]
2025-10-03 10:41:36.903 [info] > git for-each-ref --format=%(refname)%00%(upstream:short)%00%(objectname)%00%(upstream:track)%00%(upstream:remotename)%00%(upstream:remoteref) refs/heads/main refs/remotes/main [3ms]
2025-10-03 10:41:36.903 [warning] [Git][getBranch] No such branch: main
2025-10-03 10:41:36.926 [info] > git for-each-ref --sort -committerdate --format %(refname)%00%(objectname)%00%(*objectname) [3ms]
2025-10-03 10:41:36.955 [info] > git status -z -uall [43ms]
2025-10-03 10:41:37.839 [info] > git check-ignore -v -z --stdin [4ms]
2025-10-03 10:41:41.999 [info] [Git][getRemotes] No remotes found in the git config file
2025-10-03 10:41:42.000 [info] > git config --get commit.template [14ms]
2025-10-03 10:41:42.003 [info] > git for-each-ref --format=%(refname)%00%(upstream:short)%00%(objectname)%00%(upstream:track)%00%(upstream:remotename)%00%(upstream:remoteref) refs/heads/main refs/remotes/main [4ms]
2025-10-03 10:41:42.003 [warning] [Git][getBranch] No such branch: main
2025-10-03 10:41:42.029 [info] > git for-each-ref --sort -committerdate --format %(refname)%00%(objectname)%00%(*objectname) [4ms]
2025-10-03 10:41:42.057 [info] > git status -z -uall [44ms]
2025-10-03 10:41:47.099 [info] [Git][getRemotes] No remotes found in the git config file
2025-10-03 10:41:47.100 [info] > git config --get commit.template [14ms]
2025-10-03 10:41:47.102 [info] > git for-each-ref --format=%(refname)%00%(upstream:short)%00%(objectname)%00%(upstream:track)%00%(upstream:remotename)%00%(upstream:remoteref) refs/heads/main refs/remotes/main [3ms]
2025-10-03 10:41:47.102 [warning] [Git][getBranch] No such branch: main
2025-10-03 10:41:47.127 [info] > git for-each-ref --sort -committerdate --format %(refname)%00%(objectname)%00%(*objectname) [3ms]
2025-10-03 10:41:47.159 [info] > git status -z -uall [47ms]
2025-10-03 10:41:52.202 [info] [Git][getRemotes] No remotes found in the git config file
2025-10-03 10:41:52.204 [info] > git config --get commit.template [14ms]
2025-10-03 10:41:52.228 [info] > git for-each-ref --format=%(refname)%00%(upstream:short)%00%(objectname)%00%(upstream:track)%00%(upstream:remotename)%00%(upstream:remoteref) refs/heads/main refs/remotes/main [25ms]
2025-10-03 10:41:52.228 [warning] [Git][getBranch] No such branch: main
2025-10-03 10:41:52.255 [info] > git for-each-ref --sort -committerdate --format %(refname)%00%(objectname)%00%(*objectname) [3ms]
2025-10-03 10:41:52.287 [info] > git status -z -uall [47ms]
2025-10-03 10:41:55.244 [info] > git remote add rohan https://github.com/Hanny9008/nix-config-dotfiles.git [10ms]
2025-10-03 10:41:55.274 [info] > git config --get commit.template [16ms]
2025-10-03 10:41:55.276 [info] > git for-each-ref --format=%(refname)%00%(upstream:short)%00%(objectname)%00%(upstream:track)%00%(upstream:remotename)%00%(upstream:remoteref) refs/heads/main refs/remotes/main [3ms]
2025-10-03 10:41:55.277 [warning] [Git][getBranch] No such branch: main
2025-10-03 10:41:55.303 [info] > git for-each-ref --sort -committerdate --format %(refname)%00%(objectname)%00%(*objectname) [4ms]
2025-10-03 10:41:55.333 [info] > git status -z -uall [45ms]
2025-10-03 10:41:56.940 [info] > git ls-files --stage -- hypr/hyprland.conf [5ms]
2025-10-03 10:41:56.958 [info] > git cat-file -s dd1c1507434180ffc55ae88b78863b3169946f77 [6ms]
2025-10-03 10:41:56.980 [info] > git show --textconv :hypr/hyprland.conf [6ms]
2025-10-03 10:42:12.764 [info] > git fetch rohan [17405ms]
2025-10-03 10:42:12.764 [info] From https://github.com/Hanny9008/nix-config-dotfiles
 * [new branch]      main       -> rohan/main
2025-10-03 10:42:12.791 [info] > git config --get commit.template [14ms]
2025-10-03 10:42:12.793 [info] > git for-each-ref --format=%(refname)%00%(upstream:short)%00%(objectname)%00%(upstream:track)%00%(upstream:remotename)%00%(upstream:remoteref) refs/heads/main refs/remotes/main [3ms]
2025-10-03 10:42:12.793 [warning] [Git][getBranch] No such branch: main
2025-10-03 10:42:12.821 [info] > git for-each-ref --sort -committerdate --format %(refname)%00%(objectname)%00%(*objectname) [4ms]
2025-10-03 10:42:12.850 [info] > git status -z -uall [45ms]
2025-10-03 10:42:12.896 [info] > git config --get commit.template [14ms]
2025-10-03 10:42:12.910 [info] > git log --format=%H%n%aN%n%aE%n%at%n%ct%n%P%n%D%n%B -z --shortstat --diff-merges=first-parent -n50 --skip=0 --topo-order --decorate=full --stdin [15ms]
2025-10-03 10:42:12.910 [info] fatal: bad revision 'refs/heads/main'
2025-10-03 10:42:12.911 [error] [GitHistoryProvider][provideHistoryItems] Failed to get history items with options '{"historyItemRefs":["refs/heads/main"],"limit":50,"skip":0}': Failed to execute git {
  "exitCode": 128,
  "gitCommand": "log",
  "stdout": "",
  "stderr": "fatal: bad revision 'refs/heads/main'\n"
}
2025-10-03 10:42:12.911 [info] > git for-each-ref --format=%(refname)%00%(upstream:short)%00%(objectname)%00%(upstream:track)%00%(upstream:remotename)%00%(upstream:remoteref) refs/heads/main refs/remotes/main [3ms]
2025-10-03 10:42:12.912 [warning] [Git][getBranch] No such branch: main
2025-10-03 10:42:12.945 [info] > git for-each-ref --sort -committerdate --format %(refname)%00%(objectname)%00%(*objectname) [6ms]
2025-10-03 10:42:13.145 [info] > git status -z -uall [220ms]
2025-10-03 10:42:13.962 [info] > git ls-files --stage -- hypr/hyprland.conf [3ms]
2025-10-03 10:42:13.977 [info] > git cat-file -s dd1c1507434180ffc55ae88b78863b3169946f77 [4ms]
2025-10-03 10:42:13.996 [info] > git show --textconv :hypr/hyprland.conf [4ms]
2025-10-03 10:42:22.117 [info] > git config --get commit.template [14ms]
2025-10-03 10:42:22.118 [info] > git for-each-ref --format=%(refname)%00%(upstream:short)%00%(objectname)%00%(upstream:track)%00%(upstream:remotename)%00%(upstream:remoteref) refs/heads/main refs/remotes/main [3ms]
2025-10-03 10:42:22.118 [warning] [Git][getBranch] No such branch: main
2025-10-03 10:42:22.150 [info] > git for-each-ref --sort -committerdate --format %(refname)%00%(objectname)%00%(*objectname) [5ms]
2025-10-03 10:42:22.186 [info] > git status -z -uall [54ms]
2025-10-03 10:42:27.238 [info] > git config --get commit.template [16ms]
2025-10-03 10:42:27.240 [info] > git for-each-ref --format=%(refname)%00%(upstream:short)%00%(objectname)%00%(upstream:track)%00%(upstream:remotename)%00%(upstream:remoteref) refs/heads/main refs/remotes/main [4ms]
2025-10-03 10:42:27.240 [warning] [Git][getBranch] No such branch: main
2025-10-03 10:42:27.272 [info] > git for-each-ref --sort -committerdate --format %(refname)%00%(objectname)%00%(*objectname) [4ms]
2025-10-03 10:42:27.297 [info] > git status -z -uall [45ms]
2025-10-03 10:42:32.347 [info] > git config --get commit.template [15ms]
2025-10-03 10:42:32.349 [info] > git for-each-ref --format=%(refname)%00%(upstream:short)%00%(objectname)%00%(upstream:track)%00%(upstream:remotename)%00%(upstream:remoteref) refs/heads/main refs/remotes/main [3ms]
2025-10-03 10:42:32.349 [warning] [Git][getBranch] No such branch: main
2025-10-03 10:42:32.377 [info] > git for-each-ref --sort -committerdate --format %(refname)%00%(objectname)%00%(*objectname) [4ms]
2025-10-03 10:42:32.404 [info] > git status -z -uall [43ms]
2025-10-03 10:42:32.691 [info] > git push rohan main [182ms]
2025-10-03 10:42:32.692 [info] error: src refspec main does not match any
error: failed to push some refs to 'https://github.com/Hanny9008/nix-config-dotfiles.git'
2025-10-03 10:42:32.716 [info] > git config --get commit.template [5ms]
2025-10-03 10:42:32.731 [info] > git for-each-ref --format=%(refname)%00%(upstream:short)%00%(objectname)%00%(upstream:track)%00%(upstream:remotename)%00%(upstream:remoteref) refs/heads/main refs/remotes/main [4ms]
2025-10-03 10:42:32.731 [warning] [Git][getBranch] No such branch: main
2025-10-03 10:42:32.758 [info] > git for-each-ref --sort -committerdate --format %(refname)%00%(objectname)%00%(*objectname) [4ms]
2025-10-03 10:42:32.800 [info] > git status -z -uall [57ms]
2025-10-03 10:42:40.820 [info] > git config --get commit.template [16ms]
2025-10-03 10:42:40.822 [info] > git for-each-ref --format=%(refname)%00%(upstream:short)%00%(objectname)%00%(upstream:track)%00%(upstream:remotename)%00%(upstream:remoteref) refs/heads/main refs/remotes/main [4ms]
2025-10-03 10:42:40.822 [warning] [Git][getBranch] No such branch: main
2025-10-03 10:42:40.852 [info] > git for-each-ref --sort -committerdate --format %(refname)%00%(objectname)%00%(*objectname) [5ms]
2025-10-03 10:42:40.881 [info] > git status -z -uall [46ms]
2025-10-03 10:42:44.336 [info] > git log --format=%H%n%aN%n%aE%n%at%n%ct%n%P%n%D%n%B -z --shortstat --diff-merges=first-parent -n50 --skip=0 --topo-order --decorate=full --stdin [3ms]
2025-10-03 10:42:44.336 [info] fatal: bad revision 'refs/heads/main'
2025-10-03 10:42:44.337 [error] [GitHistoryProvider][provideHistoryItems] Failed to get history items with options '{"historyItemRefs":["refs/heads/main"],"limit":50,"skip":0}': Failed to execute git {
  "exitCode": 128,
  "gitCommand": "log",
  "stdout": "",
  "stderr": "fatal: bad revision 'refs/heads/main'\n"
}
2025-10-03 10:42:45.017 [info] > git check-ignore -v -z --stdin [5ms]
2025-10-03 10:42:45.921 [info] > git config --get commit.template [12ms]
2025-10-03 10:42:45.923 [info] > git for-each-ref --format=%(refname)%00%(upstream:short)%00%(objectname)%00%(upstream:track)%00%(upstream:remotename)%00%(upstream:remoteref) refs/heads/main refs/remotes/main [3ms]
2025-10-03 10:42:45.923 [warning] [Git][getBranch] No such branch: main
2025-10-03 10:42:45.948 [info] > git for-each-ref --sort -committerdate --format %(refname)%00%(objectname)%00%(*objectname) [4ms]
2025-10-03 10:42:45.975 [info] > git status -z -uall [41ms]
2025-10-03 10:42:46.376 [info] > git log --format=%H%n%aN%n%aE%n%at%n%ct%n%P%n%D%n%B -z --shortstat --diff-merges=first-parent -n50 --skip=0 --topo-order --decorate=full --stdin [3ms]
2025-10-03 10:42:46.376 [info] fatal: bad revision 'refs/heads/main'
2025-10-03 10:42:46.376 [error] [GitHistoryProvider][provideHistoryItems] Failed to get history items with options '{"historyItemRefs":["refs/heads/main"],"limit":50,"skip":0}': Failed to execute git {
  "exitCode": 128,
  "gitCommand": "log",
  "stdout": "",
  "stderr": "fatal: bad revision 'refs/heads/main'\n"
}
2025-10-03 10:42:50.753 [info] > git log --oneline --cherry main...main@{upstream} -- [4ms]
2025-10-03 10:42:50.754 [info] fatal: no such branch: 'main...main'
2025-10-03 10:42:51.916 [info] > git pull --tags [1148ms]
2025-10-03 10:42:51.916 [info] There is no tracking information for the current branch.
Please specify which branch you want to merge with.
See git-pull(1) for details.

    git pull <remote> <branch>

If you wish to set tracking information for this branch you can do so with:

    git branch --set-upstream-to=rohan/<branch> main
2025-10-03 10:42:51.942 [info] > git config --get commit.template [13ms]
2025-10-03 10:42:51.956 [info] > git for-each-ref --format=%(refname)%00%(upstream:short)%00%(objectname)%00%(upstream:track)%00%(upstream:remotename)%00%(upstream:remoteref) refs/heads/main refs/remotes/main [16ms]
2025-10-03 10:42:51.956 [warning] [Git][getBranch] No such branch: main
2025-10-03 10:42:51.979 [info] > git ls-files --stage -- hypr/hyprland.conf [24ms]
2025-10-03 10:42:51.991 [info] > git for-each-ref --sort -committerdate --format %(refname)%00%(objectname)%00%(*objectname) [13ms]
2025-10-03 10:42:51.993 [info] > git cat-file -s dd1c1507434180ffc55ae88b78863b3169946f77 [3ms]
2025-10-03 10:42:52.008 [info] > git status -z -uall [41ms]
2025-10-03 10:42:52.037 [info] > git show --textconv :hypr/hyprland.conf [31ms]
2025-10-03 10:42:52.042 [info] > git config --get commit.template [6ms]
2025-10-03 10:42:52.059 [info] > git for-each-ref --format=%(refname)%00%(upstream:short)%00%(objectname)%00%(upstream:track)%00%(upstream:remotename)%00%(upstream:remoteref) refs/heads/main refs/remotes/main [4ms]
2025-10-03 10:42:52.059 [warning] [Git][getBranch] No such branch: main
2025-10-03 10:42:52.088 [info] > git for-each-ref --sort -committerdate --format %(refname)%00%(objectname)%00%(*objectname) [5ms]
2025-10-03 10:42:52.274 [info] > git status -z -uall [202ms]
2025-10-03 10:42:55.683 [info] > git ls-files --stage -- hypr/hyprland.conf [3ms]
2025-10-03 10:42:55.703 [info] > git cat-file -s dd1c1507434180ffc55ae88b78863b3169946f77 [5ms]
2025-10-03 10:42:55.726 [info] > git show --textconv :hypr/hyprland.conf [4ms]
2025-10-03 10:42:57.314 [info] > git config --get commit.template [14ms]
2025-10-03 10:42:57.317 [info] > git for-each-ref --format=%(refname)%00%(upstream:short)%00%(objectname)%00%(upstream:track)%00%(upstream:remotename)%00%(upstream:remoteref) refs/heads/main refs/remotes/main [4ms]
2025-10-03 10:42:57.317 [warning] [Git][getBranch] No such branch: main
2025-10-03 10:42:57.345 [info] > git for-each-ref --sort -committerdate --format %(refname)%00%(objectname)%00%(*objectname) [4ms]
2025-10-03 10:42:57.375 [info] > git status -z -uall [46ms]
2025-10-03 10:43:29.151 [info] > git config --get commit.template [17ms]
2025-10-03 10:43:29.153 [info] > git for-each-ref --format=%(refname)%00%(upstream:short)%00%(objectname)%00%(upstream:track)%00%(upstream:remotename)%00%(upstream:remoteref) refs/heads/main refs/remotes/main [3ms]
2025-10-03 10:43:29.153 [warning] [Git][getBranch] No such branch: main
2025-10-03 10:43:29.184 [info] > git for-each-ref --sort -committerdate --format %(refname)%00%(objectname)%00%(*objectname) [5ms]
2025-10-03 10:43:29.210 [info] > git status -z -uall [43ms]
2025-10-03 10:43:41.893 [info] > git config --get commit.template [12ms]
2025-10-03 10:43:41.896 [info] > git for-each-ref --format=%(refname)%00%(upstream:short)%00%(objectname)%00%(upstream:track)%00%(upstream:remotename)%00%(upstream:remoteref) refs/heads/main refs/remotes/main [4ms]
2025-10-03 10:43:41.896 [warning] [Git][getBranch] No such branch: main
2025-10-03 10:43:41.924 [info] > git for-each-ref --sort -committerdate --format %(refname)%00%(objectname)%00%(*objectname) [4ms]
2025-10-03 10:43:41.954 [info] > git status -z -uall [47ms]
2025-10-03 10:44:03.685 [info] > git config --get commit.template [16ms]
2025-10-03 10:44:03.687 [info] > git for-each-ref --format=%(refname)%00%(upstream:short)%00%(objectname)%00%(upstream:track)%00%(upstream:remotename)%00%(upstream:remoteref) refs/heads/main refs/remotes/main [4ms]
2025-10-03 10:44:03.687 [warning] [Git][getBranch] No such branch: main
2025-10-03 10:44:03.718 [info] > git for-each-ref --sort -committerdate --format %(refname)%00%(objectname)%00%(*objectname) [5ms]
2025-10-03 10:44:03.750 [info] > git status -z -uall [50ms]
2025-10-03 10:44:08.801 [info] > git config --get commit.template [13ms]
2025-10-03 10:44:08.803 [info] > git for-each-ref --format=%(refname)%00%(upstream:short)%00%(objectname)%00%(upstream:track)%00%(upstream:remotename)%00%(upstream:remoteref) refs/heads/main refs/remotes/main [4ms]
2025-10-03 10:44:08.804 [warning] [Git][getBranch] No such branch: main
2025-10-03 10:44:08.831 [info] > git for-each-ref --sort -committerdate --format %(refname)%00%(objectname)%00%(*objectname) [4ms]
2025-10-03 10:44:08.858 [info] > git status -z -uall [43ms]
2025-10-03 10:44:13.755 [info] > git show --textconv :.git/COMMIT_EDITMSG [14ms]
2025-10-03 10:44:13.757 [warning] [GitFileSystemProvider][readFile] File not found - git:/home/rohan/.config/.git/COMMIT_EDITMSG.git?%7B%22path%22%3A%22%2Fhome%2Frohan%2F.config%2F.git%2FCOMMIT_EDITMSG%22%2C%22ref%22%3A%22%22%7D
2025-10-03 10:44:13.758 [info] > git ls-files --stage -- .git/COMMIT_EDITMSG [4ms]
2025-10-03 10:44:13.759 [warning] [GitFileSystemProvider][stat] File not found - git:/home/rohan/.config/.git/COMMIT_EDITMSG.git?%7B%22path%22%3A%22%2Fhome%2Frohan%2F.config%2F.git%2FCOMMIT_EDITMSG%22%2C%22ref%22%3A%22%22%7D
2025-10-03 10:44:23.782 [info] > git -c user.useConfigOnly=true commit --quiet [10770ms]
2025-10-03 10:44:23.817 [info] > git config --get commit.template [19ms]
2025-10-03 10:44:23.821 [info] > git for-each-ref --format=%(refname)%00%(upstream:short)%00%(objectname)%00%(upstream:track)%00%(upstream:remotename)%00%(upstream:remoteref) refs/heads/main refs/remotes/main [10ms]
2025-10-03 10:44:23.898 [info] > git status -z -uall [61ms]
2025-10-03 10:44:23.898 [info] > git for-each-ref --sort -committerdate --format %(refname)%00%(objectname)%00%(*objectname) [44ms]
2025-10-03 10:44:23.952 [info] > git config --get commit.template [15ms]
2025-10-03 10:44:23.954 [info] > git for-each-ref --format=%(refname)%00%(upstream:short)%00%(objectname)%00%(upstream:track)%00%(upstream:remotename)%00%(upstream:remoteref) refs/heads/main refs/remotes/main [4ms]
2025-10-03 10:44:23.996 [info] > git for-each-ref --sort -committerdate --format %(refname)%00%(objectname)%00%(*objectname) [16ms]
2025-10-03 10:44:24.038 [info] > git status -z -uall [70ms]
2025-10-03 10:44:24.094 [info] > git config --get commit.template [6ms]
2025-10-03 10:44:24.109 [info] > git for-each-ref --format=%(refname)%00%(upstream:short)%00%(objectname)%00%(upstream:track)%00%(upstream:remotename)%00%(upstream:remoteref) refs/heads/main refs/remotes/main [3ms]
2025-10-03 10:44:24.139 [info] > git for-each-ref --sort -committerdate --format %(refname)%00%(objectname)%00%(*objectname) [4ms]
2025-10-03 10:44:24.165 [info] > git status -z -uall [42ms]
2025-10-03 10:44:24.320 [info] > git show --textconv :hypr/hyprland.conf [16ms]
2025-10-03 10:44:24.324 [info] > git ls-files --stage -- hypr/hyprland.conf [6ms]
2025-10-03 10:44:24.339 [info] > git cat-file -s dd1c1507434180ffc55ae88b78863b3169946f77 [4ms]
2025-10-03 10:44:24.495 [info] > git blame --root --incremental c2682fc5487945a907df912c937f8ff542a25361 -- hypr/hyprland.conf [4ms]
2025-10-03 10:44:24.525 [info] > git log --format=%H%n%aN%n%aE%n%at%n%ct%n%P%n%D%n%B -z --shortstat --diff-merges=first-parent -n50 --skip=0 --topo-order --decorate=full --stdin [531ms]
2025-10-03 10:44:24.731 [info] > git check-ignore -v -z --stdin [5ms]
2025-10-03 10:44:25.262 [info] > git ls-files --stage -- hypr/hyprland.conf [4ms]
2025-10-03 10:44:25.278 [info] > git cat-file -s dd1c1507434180ffc55ae88b78863b3169946f77 [4ms]
2025-10-03 10:44:25.313 [info] > git show --textconv :hypr/hyprland.conf [8ms]
2025-10-03 10:44:29.071 [info] > git config --get commit.template [13ms]
2025-10-03 10:44:29.074 [info] > git for-each-ref --format=%(refname)%00%(upstream:short)%00%(objectname)%00%(upstream:track)%00%(upstream:remotename)%00%(upstream:remoteref) refs/heads/main refs/remotes/main [4ms]
2025-10-03 10:44:29.103 [info] > git for-each-ref --sort -committerdate --format %(refname)%00%(objectname)%00%(*objectname) [5ms]
2025-10-03 10:44:29.128 [info] > git status -z -uall [42ms]
2025-10-03 10:44:37.476 [info] > git config --get commit.template [15ms]
2025-10-03 10:44:37.478 [info] > git for-each-ref --format=%(refname)%00%(upstream:short)%00%(objectname)%00%(upstream:track)%00%(upstream:remotename)%00%(upstream:remoteref) refs/heads/main refs/remotes/main [4ms]
2025-10-03 10:44:37.507 [info] > git for-each-ref --sort -committerdate --format %(refname)%00%(objectname)%00%(*objectname) [4ms]
2025-10-03 10:44:37.531 [info] > git status -z -uall [41ms]
2025-10-03 10:44:42.566 [info] > git config --get commit.template [14ms]
2025-10-03 10:44:42.568 [info] > git for-each-ref --format=%(refname)%00%(upstream:short)%00%(objectname)%00%(upstream:track)%00%(upstream:remotename)%00%(upstream:remoteref) refs/heads/main refs/remotes/main [4ms]
2025-10-03 10:44:42.596 [info] > git for-each-ref --sort -committerdate --format %(refname)%00%(objectname)%00%(*objectname) [4ms]
2025-10-03 10:44:42.626 [info] > git status -z -uall [46ms]
2025-10-03 10:44:54.372 [info] > git add -A -- Code/Backups/d1630106495fc1ed5963e248ff3152ca/file/-7fd447a8 Code/Cache/Cache_Data/323c4847f42b636f_0 Code/Cache/Cache_Data/9f50bddbd978eddd_0 Code/Cache/Cache_Data/a05785a72c64fc1d_0 Code/Cache/Cache_Data/d121e2a6335b7510_0 Code/Cache/Cache_Data/index-dir/the-real-index Code/CachedData/6f17636121051a53c88d3e605c491d22af2ba755/chrome/js/index-dir/the-real-index Code/CachedProfilesData/__default__profile__/extensions.builtin.cache Code/DIPS Code/DIPS-wal Code/DawnGraphiteCache/data_1 Code/DawnGraphiteCache/index Code/DawnWebGPUCache/data_1 Code/DawnWebGPUCache/index Code/GPUCache/data_0 Code/GPUCache/data_1 Code/GPUCache/data_2 Code/GPUCache/data_3 Code/GPUCache/index Code/Local Storage/leveldb/000003.log Code/Local Storage/leveldb/LOG Code/Local Storage/leveldb/LOG.old Code/Network Persistent State Code/Session Storage/000003.log Code/Session Storage/LOG Code/Session Storage/LOG.old Code/TransportSecurity Code/User/History/4268d084/entries.json Code/User/globalStorage/state.vscdb Code/User/globalStorage/state.vscdb.backup Code/User/workspaceStorage/83164974d2eebc8cb3d25ae24180dfe9/state.vscdb Code/User/workspaceStorage/83164974d2eebc8cb3d25ae24180dfe9/state.vscdb.backup Code/code.lock Code/logs/20250905T190722/main.log Code/logs/20250905T190722/network-shared.log Code/logs/20250905T190722/remoteTunnelService.log Code/logs/20250905T190722/sharedprocess.log Code/logs/20250905T190722/telemetry.log Code/logs/20250905T190722/userDataSync.log Code/logs/20250905T190722/window1/renderer.log Code/logs/20250905T190722/window1/views.log Code/logs/20250905T190725/main.log Code/logs/20250905T190725/window1/renderer.log Code/logs/20250905T190725/window1/views.log Code/logs/20250907T092357/editSessions.log Code/logs/20250907T092357/main.log Code/logs/20250907T092357/network-shared.log Code/logs/20250907T092357/remoteTunnelService.log Code/logs/20250907T092357/sharedprocess.log Code/logs/20250907T092357/telemetry.log Code/logs/20250907T092357/terminal.log Code/logs/20250907T092357/userDataSync.log Code/logs/20250907T092357/window1/exthost/extHostTelemetry.log Code/logs/20250907T092357/window1/exthost/exthost.log Code/logs/20250907T092357/window1/exthost/vscode.css-language-features/CSS Language Server.log Code/logs/20250907T092357/window1/exthost/vscode.git/Git.log Code/logs/20250907T092357/window1/exthost/vscode.github-authentication/GitHub Authentication.log Code/logs/20250907T092357/window1/exthost/vscode.github/GitHub.log Code/logs/20250907T092357/window1/exthost/vscode.json-language-features/JSON Language Server.log Code/logs/20250907T092357/window1/network.log Code/logs/20250907T092357/window1/notebook.rendering.log Code/logs/20250907T092357/window1/output_20250907T092358/tasks.log Code/logs/20250907T092357/window1/renderer.log Code/logs/20250907T092357/window1/textModelChanges.log Code/logs/20250907T092357/window1/views.log Code/logs/20250929T132742/main.log Code/logs/20250929T132742/window1/exthost/exthost.log Code/logs/20250929T132742/window1/exthost/vscode.git/Git.log libreoffice/4/user/pack/registrymodifications.pack libreoffice/4/user/registrymodifications.xcu Code/CachedData/6f17636121051a53c88d3e605c491d22af2ba755/chrome/js/3a2a95b4dc803df6_0 Code/CachedData/6f17636121051a53c88d3e605c491d22af2ba755/chrome/js/4100e91c61128003_0 Code/CachedData/6f17636121051a53c88d3e605c491d22af2ba755/chrome/js/584738c3dc420040_0 Code/CachedData/6f17636121051a53c88d3e605c491d22af2ba755/chrome/js/75f40798f04dbb5c_0 Code/CachedData/6f17636121051a53c88d3e605c491d22af2ba755/chrome/js/85ef27de1ed337bb_0 Code/CachedData/6f17636121051a53c88d3e605c491d22af2ba755/chrome/js/b3152d98c7433653_0 Code/CachedData/6f17636121051a53c88d3e605c491d22af2ba755/chrome/js/c2b1c1292565607a_0 Code/CachedData/6f17636121051a53c88d3e605c491d22af2ba755/chrome/js/f0d33ceb6a5a06a9_0 Code/User/History/-2b7f858e/HK3S.json Code/User/History/4268d084/uq0h.conf Code/User/History/768b01ee/Krmw Code/User/History/768b01ee/inc7 Code/logs/20250930T095254/editSessions.log Code/logs/20250930T095254/main.log Code/logs/20250930T095254/network-shared.log Code/logs/20250930T095254/ptyhost.log Code/logs/20250930T095254/remoteTunnelService.log Code/logs/20250930T095254/sharedprocess.log Code/logs/20250930T095254/telemetry.log Code/logs/20250930T095254/terminal.log Code/logs/20250930T095254/userDataSync.log Code/logs/20250930T095254/window1/exthost/extHostTelemetry.log Code/logs/20250930T095254/window1/exthost/exthost.log Code/logs/20250930T095254/window1/exthost/vscode.git/Git.log Code/logs/20250930T095254/window1/exthost/vscode.github-authentication/GitHub Authentication.log Code/logs/20250930T095254/window1/exthost/vscode.github/GitHub.log Code/logs/20250930T095254/window1/network.log Code/logs/20250930T095254/window1/notebook.rendering.log Code/logs/20250930T095254/window1/output_20250930T095258/tasks.log Code/logs/20250930T095254/window1/renderer.log Code/logs/20250930T095254/window1/textModelChanges.log Code/logs/20250930T095254/window1/views.log Code/logs/20251002T095055/main.log Code/logs/20251002T095055/network-shared.log Code/logs/20251002T095055/remoteTunnelService.log Code/logs/20251002T095055/sharedprocess.log Code/logs/20251002T095055/telemetry.log Code/logs/20251002T095055/terminal.log Code/logs/20251002T095055/userDataSync.log Code/logs/20251002T095055/window1/exthost/extHostTelemetry.log Code/logs/20251002T095055/window1/exthost/exthost.log Code/logs/20251002T095055/window1/output_20251002T095057/tasks.log Code/logs/20251002T095055/window1/renderer.log Code/logs/20251002T095055/window1/textModelChanges.log Code/logs/20251002T095055/window1/views.log Code/logs/20251003T103935/editSessions.log Code/logs/20251003T103935/main.log Code/logs/20251003T103935/network-shared.log Code/logs/20251003T103935/ptyhost.log Code/logs/20251003T103935/remoteTunnelService.log Code/logs/20251003T103935/sharedprocess.log Code/logs/20251003T103935/telemetry.log Code/logs/20251003T103935/terminal.log Code/logs/20251003T103935/userDataSync.log Code/logs/20251003T103935/window1/exthost/extHostTelemetry.log Code/logs/20251003T103935/window1/exthost/exthost.log Code/logs/20251003T103935/window1/exthost/vscode.git/Git.log Code/logs/20251003T103935/window1/exthost/vscode.github-authentication/GitHub Authentication.log Code/logs/20251003T103935/window1/exthost/vscode.github/GitHub.log Code/logs/20251003T103935/window1/exthost/vscode.json-language-features/JSON Language Server.log Code/logs/20251003T103935/window1/network.log Code/logs/20251003T103935/window1/notebook.rendering.log Code/logs/20251003T103935/window1/output_20251003T103936/tasks.log Code/logs/20251003T103935/window1/renderer.log Code/logs/20251003T103935/window1/textModelChanges.log Code/logs/20251003T103935/window1/views.log libreoffice/4/.lock libreoffice/4/user/backup/Room Project 1.docx_0.odt libreoffice/4/user/backup/Writing Prompt #4 Student.docx.bak libreoffice/4/user/store/.templdir.cache [400ms]
2025-10-03 10:44:54.405 [info] > git config --get commit.template [17ms]
2025-10-03 10:44:54.408 [info] > git for-each-ref --format=%(refname)%00%(upstream:short)%00%(objectname)%00%(upstream:track)%00%(upstream:remotename)%00%(upstream:remoteref) refs/heads/main refs/remotes/main [5ms]
2025-10-03 10:44:54.440 [info] > git for-each-ref --sort -committerdate --format %(refname)%00%(objectname)%00%(*objectname) [4ms]
2025-10-03 10:44:54.455 [info] > git status -z -uall [33ms]
2025-10-03 10:44:55.631 [info] > git config --get commit.template [14ms]
2025-10-03 10:44:55.634 [info] > git for-each-ref --format=%(refname)%00%(upstream:short)%00%(objectname)%00%(upstream:track)%00%(upstream:remotename)%00%(upstream:remoteref) refs/heads/main refs/remotes/main [5ms]
2025-10-03 10:44:55.662 [info] > git for-each-ref --sort -committerdate --format %(refname)%00%(objectname)%00%(*objectname) [5ms]
2025-10-03 10:44:55.673 [info] > git status -z -uall [27ms]
2025-10-03 10:44:55.729 [info] > git ls-files --stage -- hypr/hyprland.conf [3ms]
2025-10-03 10:44:55.744 [info] > git cat-file -s dd1c1507434180ffc55ae88b78863b3169946f77 [4ms]
2025-10-03 10:44:55.774 [info] > git show --textconv :hypr/hyprland.conf [4ms]
2025-10-03 10:45:02.295 [info] > git check-ignore -v -z --stdin [5ms]
2025-10-03 10:45:03.087 [info] > git config --get commit.template [13ms]
2025-10-03 10:45:03.090 [info] > git for-each-ref --format=%(refname)%00%(upstream:short)%00%(objectname)%00%(upstream:track)%00%(upstream:remotename)%00%(upstream:remoteref) refs/heads/main refs/remotes/main [5ms]
2025-10-03 10:45:03.122 [info] > git for-each-ref --sort -committerdate --format %(refname)%00%(objectname)%00%(*objectname) [4ms]
2025-10-03 10:45:03.135 [info] > git status -z -uall [31ms]
2025-10-03 10:45:07.171 [info] > git show --textconv :.git/COMMIT_EDITMSG [13ms]
2025-10-03 10:45:07.172 [warning] [GitFileSystemProvider][readFile] File not found - git:/home/rohan/.config/.git/COMMIT_EDITMSG.git?%7B%22path%22%3A%22%2Fhome%2Frohan%2F.config%2F.git%2FCOMMIT_EDITMSG%22%2C%22ref%22%3A%22%22%7D
2025-10-03 10:45:07.174 [info] > git ls-files --stage -- .git/COMMIT_EDITMSG [4ms]
2025-10-03 10:45:07.175 [warning] [GitFileSystemProvider][stat] File not found - git:/home/rohan/.config/.git/COMMIT_EDITMSG.git?%7B%22path%22%3A%22%2Fhome%2Frohan%2F.config%2F.git%2FCOMMIT_EDITMSG%22%2C%22ref%22%3A%22%22%7D
2025-10-03 10:45:09.705 [info] > git blame --root --incremental c2682fc5487945a907df912c937f8ff542a25361 -- .git/COMMIT_EDITMSG [4ms]
2025-10-03 10:45:09.705 [info] fatal: no such path .git/COMMIT_EDITMSG in c2682fc5487945a907df912c937f8ff542a25361
2025-10-03 10:45:13.801 [info] > git -c user.useConfigOnly=true commit --quiet [7226ms]
2025-10-03 10:45:13.820 [info] > git config --get commit.template [5ms]
2025-10-03 10:45:13.838 [info] > git for-each-ref --format=%(refname)%00%(upstream:short)%00%(objectname)%00%(upstream:track)%00%(upstream:remotename)%00%(upstream:remoteref) refs/heads/main refs/remotes/main [4ms]
2025-10-03 10:45:13.868 [info] > git for-each-ref --sort -committerdate --format %(refname)%00%(objectname)%00%(*objectname) [4ms]
2025-10-03 10:45:13.875 [info] > git status -z -uall [25ms]
2025-10-03 10:45:13.985 [info] > git config --get commit.template [4ms]
2025-10-03 10:45:14.002 [info] > git for-each-ref --format=%(refname)%00%(upstream:short)%00%(objectname)%00%(upstream:track)%00%(upstream:remotename)%00%(upstream:remoteref) refs/heads/main refs/remotes/main [4ms]
2025-10-03 10:45:14.029 [info] > git for-each-ref --sort -committerdate --format %(refname)%00%(objectname)%00%(*objectname) [4ms]
2025-10-03 10:45:14.035 [info] > git status -z -uall [21ms]
2025-10-03 10:45:14.383 [info] > git show --textconv :hypr/hyprland.conf [14ms]
2025-10-03 10:45:14.386 [info] > git ls-files --stage -- hypr/hyprland.conf [4ms]
2025-10-03 10:45:14.399 [info] > git log --format=%H%n%aN%n%aE%n%at%n%ct%n%P%n%D%n%B -z --shortstat --diff-merges=first-parent -n50 --skip=0 --topo-order --decorate=full --stdin [452ms]
2025-10-03 10:45:14.458 [info] > git cat-file -s dd1c1507434180ffc55ae88b78863b3169946f77 [60ms]
2025-10-03 10:45:14.520 [info] > git blame --root --incremental dd3878b35d1c560e5e8a8752bf463f62bcbce581 -- hypr/hyprland.conf [4ms]
2025-10-03 10:45:14.594 [info] > git check-ignore -v -z --stdin [6ms]
2025-10-03 10:45:15.011 [info] > git ls-files --stage -- hypr/hyprland.conf [4ms]
2025-10-03 10:45:15.026 [info] > git cat-file -s dd1c1507434180ffc55ae88b78863b3169946f77 [5ms]
2025-10-03 10:45:15.055 [info] > git show --textconv :hypr/hyprland.conf [4ms]
2025-10-03 10:45:15.381 [info] > git config --get commit.template [15ms]
2025-10-03 10:45:15.384 [info] > git for-each-ref --format=%(refname)%00%(upstream:short)%00%(objectname)%00%(upstream:track)%00%(upstream:remotename)%00%(upstream:remoteref) refs/heads/main refs/remotes/main [5ms]
2025-10-03 10:45:15.412 [info] > git for-each-ref --sort -committerdate --format %(refname)%00%(objectname)%00%(*objectname) [5ms]
2025-10-03 10:45:15.418 [info] > git status -z -uall [22ms]
2025-10-03 10:45:27.782 [info] > git config --get commit.template [14ms]
2025-10-03 10:45:27.784 [info] > git for-each-ref --format=%(refname)%00%(upstream:short)%00%(objectname)%00%(upstream:track)%00%(upstream:remotename)%00%(upstream:remoteref) refs/heads/main refs/remotes/main [4ms]
2025-10-03 10:45:27.815 [info] > git for-each-ref --sort -committerdate --format %(refname)%00%(objectname)%00%(*objectname) [6ms]
2025-10-03 10:45:27.824 [info] > git status -z -uall [28ms]
2025-10-03 10:45:28.468 [info] > git check-ignore -v -z --stdin [4ms]
2025-10-03 10:45:30.103 [info] > git push [3ms]
2025-10-03 10:45:30.104 [info] fatal: The current branch main has no upstream branch.
To push the current branch and set the remote as upstream, use

    git push --set-upstream rohan main

To have this happen automatically for branches without a tracking
upstream, see 'push.autoSetupRemote' in 'git help config'.
2025-10-03 10:45:30.132 [info] > git config --get commit.template [15ms]
2025-10-03 10:45:30.133 [info] > git for-each-ref --format=%(refname)%00%(upstream:short)%00%(objectname)%00%(upstream:track)%00%(upstream:remotename)%00%(upstream:remoteref) refs/heads/main refs/remotes/main [3ms]
2025-10-03 10:45:30.162 [info] > git for-each-ref --sort -committerdate --format %(refname)%00%(objectname)%00%(*objectname) [4ms]
2025-10-03 10:45:30.173 [info] > git status -z -uall [28ms]
2025-10-03 10:45:37.925 [info] > git push -u rohan main [1137ms]
2025-10-03 10:45:37.926 [info] To https://github.com/Hanny9008/nix-config-dotfiles.git
 ! [rejected]        main -> main (non-fast-forward)
error: failed to push some refs to 'https://github.com/Hanny9008/nix-config-dotfiles.git'
hint: Updates were rejected because the tip of your current branch is behind
hint: its remote counterpart. If you want to integrate the remote changes,
hint: use 'git pull' before pushing again.
hint: See the 'Note about fast-forwards' in 'git push --help' for details.
2025-10-03 10:45:37.954 [info] > git config --get commit.template [13ms]
2025-10-03 10:45:37.956 [info] > git for-each-ref --format=%(refname)%00%(upstream:short)%00%(objectname)%00%(upstream:track)%00%(upstream:remotename)%00%(upstream:remoteref) refs/heads/main refs/remotes/main [4ms]
2025-10-03 10:45:37.986 [info] > git for-each-ref --sort -committerdate --format %(refname)%00%(objectname)%00%(*objectname) [3ms]
2025-10-03 10:45:37.997 [info] > git status -z -uall [27ms]
2025-10-03 10:45:38.019 [info] > git config --get commit.template [4ms]
2025-10-03 10:45:38.035 [info] > git for-each-ref --format=%(refname)%00%(upstream:short)%00%(objectname)%00%(upstream:track)%00%(upstream:remotename)%00%(upstream:remoteref) refs/heads/main refs/remotes/main [3ms]
2025-10-03 10:45:38.064 [info] > git for-each-ref --sort -committerdate --format %(refname)%00%(objectname)%00%(*objectname) [5ms]
2025-10-03 10:45:38.074 [info] > git status -z -uall [26ms]
2025-10-03 10:45:43.110 [info] > git config --get commit.template [15ms]
2025-10-03 10:45:43.113 [info] > git for-each-ref --format=%(refname)%00%(upstream:short)%00%(objectname)%00%(upstream:track)%00%(upstream:remotename)%00%(upstream:remoteref) refs/heads/main refs/remotes/main [5ms]
2025-10-03 10:45:43.147 [info] > git for-each-ref --sort -committerdate --format %(refname)%00%(objectname)%00%(*objectname) [4ms]
2025-10-03 10:45:43.156 [info] > git status -z -uall [28ms]
2025-10-03 10:46:12.685 [info] > git config --get commit.template [17ms]
2025-10-03 10:46:12.687 [info] > git for-each-ref --format=%(refname)%00%(upstream:short)%00%(objectname)%00%(upstream:track)%00%(upstream:remotename)%00%(upstream:remoteref) refs/heads/main refs/remotes/main [4ms]
2025-10-03 10:46:12.720 [info] > git for-each-ref --sort -committerdate --format %(refname)%00%(objectname)%00%(*objectname) [6ms]
2025-10-03 10:46:12.731 [info] > git status -z -uall [29ms]
2025-10-03 10:46:13.384 [info] > git check-ignore -v -z --stdin [5ms]
2025-10-03 10:47:01.985 [info] > git config --get commit.template [15ms]
2025-10-03 10:47:01.989 [info] > git for-each-ref --format=%(refname)%00%(upstream:short)%00%(objectname)%00%(upstream:track)%00%(upstream:remotename)%00%(upstream:remoteref) refs/heads/main refs/remotes/main [4ms]
2025-10-03 10:47:02.018 [info] > git for-each-ref --sort -committerdate --format %(refname)%00%(objectname)%00%(*objectname) [4ms]
2025-10-03 10:47:02.031 [info] > git status -z -uall [30ms]
2025-10-03 10:47:32.575 [info] > git config --get commit.template [13ms]
2025-10-03 10:47:32.578 [info] > git for-each-ref --format=%(refname)%00%(upstream:short)%00%(objectname)%00%(upstream:track)%00%(upstream:remotename)%00%(upstream:remoteref) refs/heads/main refs/remotes/main [5ms]
2025-10-03 10:47:32.607 [info] > git for-each-ref --sort -committerdate --format %(refname)%00%(objectname)%00%(*objectname) [4ms]
2025-10-03 10:47:32.622 [info] > git status -z -uall [31ms]
2025-10-03 10:47:33.287 [info] > git check-ignore -v -z --stdin [4ms]
2025-10-03 10:47:49.090 [info] > git config --get commit.template [19ms]
2025-10-03 10:47:49.091 [info] > git for-each-ref --format=%(refname)%00%(upstream:short)%00%(objectname)%00%(upstream:track)%00%(upstream:remotename)%00%(upstream:remoteref) refs/heads/main refs/remotes/main [4ms]
2025-10-03 10:47:49.126 [info] > git for-each-ref --sort -committerdate --format %(refname)%00%(objectname)%00%(*objectname) [5ms]
2025-10-03 10:47:49.140 [info] > git status -z -uall [33ms]
2025-10-03 10:47:49.816 [info] > git check-ignore -v -z --stdin [4ms]
2025-10-03 10:48:03.446 [info] > git config --get commit.template [15ms]
2025-10-03 10:48:03.449 [info] > git for-each-ref --format=%(refname)%00%(upstream:short)%00%(objectname)%00%(upstream:track)%00%(upstream:remotename)%00%(upstream:remoteref) refs/heads/main refs/remotes/main [4ms]
2025-10-03 10:48:03.478 [info] > git for-each-ref --sort -committerdate --format %(refname)%00%(objectname)%00%(*objectname) [4ms]
2025-10-03 10:48:03.495 [info] > git status -z -uall [33ms]
2025-10-03 10:49:15.772 [info] > git config --get commit.template [17ms]
2025-10-03 10:49:15.773 [info] > git for-each-ref --format=%(refname)%00%(upstream:short)%00%(objectname)%00%(upstream:track)%00%(upstream:remotename)%00%(upstream:remoteref) refs/heads/main refs/remotes/main [5ms]
2025-10-03 10:49:15.804 [info] > git for-each-ref --sort -committerdate --format %(refname)%00%(objectname)%00%(*objectname) [5ms]
2025-10-03 10:49:15.822 [info] > git status -z -uall [35ms]
2025-10-03 12:41:50.673 [info] > git config --get commit.template [14ms]
2025-10-03 12:41:50.676 [info] > git for-each-ref --format=%(refname)%00%(upstream:short)%00%(objectname)%00%(upstream:track)%00%(upstream:remotename)%00%(upstream:remoteref) refs/heads/main refs/remotes/main [4ms]
2025-10-03 12:41:50.705 [info] > git for-each-ref --sort -committerdate --format %(refname)%00%(objectname)%00%(*objectname) [5ms]
2025-10-03 12:41:50.738 [info] > git status -z -uall [50ms]
2025-10-03 12:41:55.771 [info] > git config --get commit.template [14ms]
2025-10-03 12:41:55.774 [info] > git for-each-ref --format=%(refname)%00%(upstream:short)%00%(objectname)%00%(upstream:track)%00%(upstream:remotename)%00%(upstream:remoteref) refs/heads/main refs/remotes/main [3ms]
2025-10-03 12:41:55.803 [info] > git for-each-ref --sort -committerdate --format %(refname)%00%(objectname)%00%(*objectname) [4ms]
2025-10-03 12:41:55.837 [info] > git status -z -uall [50ms]
2025-10-03 12:41:56.496 [info] > git check-ignore -v -z --stdin [4ms]
2025-10-03 12:42:00.869 [info] > git config --get commit.template [13ms]
2025-10-03 12:42:00.871 [info] > git for-each-ref --format=%(refname)%00%(upstream:short)%00%(objectname)%00%(upstream:track)%00%(upstream:remotename)%00%(upstream:remoteref) refs/heads/main refs/remotes/main [4ms]
2025-10-03 12:42:00.900 [info] > git for-each-ref --sort -committerdate --format %(refname)%00%(objectname)%00%(*objectname) [4ms]
2025-10-03 12:42:00.936 [info] > git status -z -uall [53ms]
2025-10-03 12:42:01.604 [info] > git check-ignore -v -z --stdin [5ms]
2025-10-03 12:42:56.172 [info] > git config --get commit.template [14ms]
2025-10-03 12:42:56.174 [info] > git for-each-ref --format=%(refname)%00%(upstream:short)%00%(objectname)%00%(upstream:track)%00%(upstream:remotename)%00%(upstream:remoteref) refs/heads/main refs/remotes/main [4ms]
2025-10-03 12:42:56.203 [info] > git for-each-ref --sort -committerdate --format %(refname)%00%(objectname)%00%(*objectname) [4ms]
2025-10-03 12:42:56.236 [info] > git status -z -uall [49ms]
2025-10-03 12:43:56.175 [info] > git config --get commit.template [15ms]
2025-10-03 12:43:56.178 [info] > git for-each-ref --format=%(refname)%00%(upstream:short)%00%(objectname)%00%(upstream:track)%00%(upstream:remotename)%00%(upstream:remoteref) refs/heads/main refs/remotes/main [4ms]
2025-10-03 12:43:56.207 [info] > git for-each-ref --sort -committerdate --format %(refname)%00%(objectname)%00%(*objectname) [4ms]
2025-10-03 12:43:56.241 [info] > git status -z -uall [50ms]
2025-10-03 12:46:28.221 [info] > git config --get commit.template [14ms]
2025-10-03 12:46:28.224 [info] > git for-each-ref --format=%(refname)%00%(upstream:short)%00%(objectname)%00%(upstream:track)%00%(upstream:remotename)%00%(upstream:remoteref) refs/heads/main refs/remotes/main [4ms]
2025-10-03 12:46:28.256 [info] > git for-each-ref --sort -committerdate --format %(refname)%00%(objectname)%00%(*objectname) [4ms]
2025-10-03 12:46:28.291 [info] > git status -z -uall [52ms]
2025-10-03 12:46:59.051 [info] > git config --get commit.template [15ms]
2025-10-03 12:46:59.054 [info] > git for-each-ref --format=%(refname)%00%(upstream:short)%00%(objectname)%00%(upstream:track)%00%(upstream:remotename)%00%(upstream:remoteref) refs/heads/main refs/remotes/main [4ms]
2025-10-03 12:46:59.083 [info] > git for-each-ref --sort -committerdate --format %(refname)%00%(objectname)%00%(*objectname) [5ms]
2025-10-03 12:46:59.115 [info] > git status -z -uall [49ms]
2025-10-03 12:47:47.891 [info] > git config --get commit.template [15ms]
2025-10-03 12:47:47.894 [info] > git for-each-ref --format=%(refname)%00%(upstream:short)%00%(objectname)%00%(upstream:track)%00%(upstream:remotename)%00%(upstream:remoteref) refs/heads/main refs/remotes/main [5ms]
2025-10-03 12:47:47.923 [info] > git for-each-ref --sort -committerdate --format %(refname)%00%(objectname)%00%(*objectname) [4ms]
2025-10-03 12:47:47.962 [info] > git status -z -uall [57ms]
2025-10-03 12:47:59.054 [info] > git config --get commit.template [15ms]
2025-10-03 12:47:59.058 [info] > git for-each-ref --format=%(refname)%00%(upstream:short)%00%(objectname)%00%(upstream:track)%00%(upstream:remotename)%00%(upstream:remoteref) refs/heads/main refs/remotes/main [5ms]
2025-10-03 12:47:59.087 [info] > git for-each-ref --sort -committerdate --format %(refname)%00%(objectname)%00%(*objectname) [4ms]
2025-10-03 12:47:59.121 [info] > git status -z -uall [50ms]
2025-10-03 12:48:59.058 [info] > git config --get commit.template [16ms]
2025-10-03 12:48:59.060 [info] > git for-each-ref --format=%(refname)%00%(upstream:short)%00%(objectname)%00%(upstream:track)%00%(upstream:remotename)%00%(upstream:remoteref) refs/heads/main refs/remotes/main [4ms]
2025-10-03 12:48:59.089 [info] > git for-each-ref --sort -committerdate --format %(refname)%00%(objectname)%00%(*objectname) [4ms]
2025-10-03 12:48:59.125 [info] > git status -z -uall [52ms]
2025-10-03 12:49:04.158 [info] > git config --get commit.template [15ms]
2025-10-03 12:49:04.161 [info] > git for-each-ref --format=%(refname)%00%(upstream:short)%00%(objectname)%00%(upstream:track)%00%(upstream:remotename)%00%(upstream:remoteref) refs/heads/main refs/remotes/main [4ms]
2025-10-03 12:49:04.191 [info] > git for-each-ref --sort -committerdate --format %(refname)%00%(objectname)%00%(*objectname) [5ms]
2025-10-03 12:49:04.226 [info] > git status -z -uall [52ms]
2025-10-03 12:49:09.265 [info] > git config --get commit.template [15ms]
2025-10-03 12:49:09.267 [info] > git for-each-ref --format=%(refname)%00%(upstream:short)%00%(objectname)%00%(upstream:track)%00%(upstream:remotename)%00%(upstream:remoteref) refs/heads/main refs/remotes/main [3ms]
2025-10-03 12:49:09.299 [info] > git for-each-ref --sort -committerdate --format %(refname)%00%(objectname)%00%(*objectname) [4ms]
2025-10-03 12:49:09.328 [info] > git status -z -uall [47ms]
2025-10-03 12:49:24.691 [info] > git config --get commit.template [14ms]
2025-10-03 12:49:24.694 [info] > git for-each-ref --format=%(refname)%00%(upstream:short)%00%(objectname)%00%(upstream:track)%00%(upstream:remotename)%00%(upstream:remoteref) refs/heads/main refs/remotes/main [4ms]
2025-10-03 12:49:24.723 [info] > git for-each-ref --sort -committerdate --format %(refname)%00%(objectname)%00%(*objectname) [5ms]
2025-10-03 12:49:24.754 [info] > git status -z -uall [48ms]
2025-10-03 12:49:59.061 [info] > git config --get commit.template [15ms]
2025-10-03 12:49:59.064 [info] > git for-each-ref --format=%(refname)%00%(upstream:short)%00%(objectname)%00%(upstream:track)%00%(upstream:remotename)%00%(upstream:remoteref) refs/heads/main refs/remotes/main [4ms]
2025-10-03 12:49:59.094 [info] > git for-each-ref --sort -committerdate --format %(refname)%00%(objectname)%00%(*objectname) [5ms]
2025-10-03 12:49:59.126 [info] > git status -z -uall [49ms]
2025-10-03 12:50:59.063 [info] > git config --get commit.template [14ms]
2025-10-03 12:50:59.066 [info] > git for-each-ref --format=%(refname)%00%(upstream:short)%00%(objectname)%00%(upstream:track)%00%(upstream:remotename)%00%(upstream:remoteref) refs/heads/main refs/remotes/main [4ms]
2025-10-03 12:50:59.095 [info] > git for-each-ref --sort -committerdate --format %(refname)%00%(objectname)%00%(*objectname) [4ms]
2025-10-03 12:50:59.129 [info] > git status -z -uall [50ms]
2025-10-03 12:51:28.378 [info] > git config --get commit.template [15ms]
2025-10-03 12:51:28.381 [info] > git for-each-ref --format=%(refname)%00%(upstream:short)%00%(objectname)%00%(upstream:track)%00%(upstream:remotename)%00%(upstream:remoteref) refs/heads/main refs/remotes/main [4ms]
2025-10-03 12:51:28.412 [info] > git for-each-ref --sort -committerdate --format %(refname)%00%(objectname)%00%(*objectname) [5ms]
2025-10-03 12:51:28.443 [info] > git status -z -uall [48ms]
2025-10-03 12:51:59.067 [info] > git config --get commit.template [15ms]
2025-10-03 12:51:59.070 [info] > git for-each-ref --format=%(refname)%00%(upstream:short)%00%(objectname)%00%(upstream:track)%00%(upstream:remotename)%00%(upstream:remoteref) refs/heads/main refs/remotes/main [5ms]
2025-10-03 12:51:59.100 [info] > git for-each-ref --sort -committerdate --format %(refname)%00%(objectname)%00%(*objectname) [5ms]
2025-10-03 12:51:59.133 [info] > git status -z -uall [50ms]
2025-10-03 13:07:47.507 [info] > git config --get commit.template [16ms]
2025-10-03 13:07:47.510 [info] > git for-each-ref --format=%(refname)%00%(upstream:short)%00%(objectname)%00%(upstream:track)%00%(upstream:remotename)%00%(upstream:remoteref) refs/heads/main refs/remotes/main [4ms]
2025-10-03 13:07:47.541 [info] > git for-each-ref --sort -committerdate --format %(refname)%00%(objectname)%00%(*objectname) [5ms]
2025-10-03 13:07:47.577 [info] > git status -z -uall [53ms]
2025-10-03 13:08:44.776 [info] > git config --get commit.template [16ms]
2025-10-03 13:08:44.779 [info] > git for-each-ref --format=%(refname)%00%(upstream:short)%00%(objectname)%00%(upstream:track)%00%(upstream:remotename)%00%(upstream:remoteref) refs/heads/main refs/remotes/main [4ms]
2025-10-03 13:08:44.809 [info] > git for-each-ref --sort -committerdate --format %(refname)%00%(objectname)%00%(*objectname) [5ms]
2025-10-03 13:08:44.843 [info] > git status -z -uall [50ms]
2025-10-03 13:08:49.877 [info] > git config --get commit.template [16ms]
2025-10-03 13:08:49.880 [info] > git for-each-ref --format=%(refname)%00%(upstream:short)%00%(objectname)%00%(upstream:track)%00%(upstream:remotename)%00%(upstream:remoteref) refs/heads/main refs/remotes/main [4ms]
2025-10-03 13:08:49.911 [info] > git for-each-ref --sort -committerdate --format %(refname)%00%(objectname)%00%(*objectname) [5ms]
2025-10-03 13:08:49.944 [info] > git status -z -uall [51ms]
2025-10-03 13:09:13.143 [info] > git config --get commit.template [15ms]
2025-10-03 13:09:13.146 [info] > git for-each-ref --format=%(refname)%00%(upstream:short)%00%(objectname)%00%(upstream:track)%00%(upstream:remotename)%00%(upstream:remoteref) refs/heads/main refs/remotes/main [4ms]
2025-10-03 13:09:13.176 [info] > git for-each-ref --sort -committerdate --format %(refname)%00%(objectname)%00%(*objectname) [5ms]
2025-10-03 13:09:13.211 [info] > git status -z -uall [51ms]
2025-10-03 13:09:47.514 [info] > git config --get commit.template [16ms]
2025-10-03 13:09:47.517 [info] > git for-each-ref --format=%(refname)%00%(upstream:short)%00%(objectname)%00%(upstream:track)%00%(upstream:remotename)%00%(upstream:remoteref) refs/heads/main refs/remotes/main [4ms]
2025-10-03 13:09:47.548 [info] > git for-each-ref --sort -committerdate --format %(refname)%00%(objectname)%00%(*objectname) [4ms]
2025-10-03 13:09:47.580 [info] > git status -z -uall [50ms]
2025-10-03 13:10:47.515 [info] > git config --get commit.template [16ms]
2025-10-03 13:10:47.518 [info] > git for-each-ref --format=%(refname)%00%(upstream:short)%00%(objectname)%00%(upstream:track)%00%(upstream:remotename)%00%(upstream:remoteref) refs/heads/main refs/remotes/main [4ms]
2025-10-03 13:10:47.549 [info] > git for-each-ref --sort -committerdate --format %(refname)%00%(objectname)%00%(*objectname) [5ms]
2025-10-03 13:10:47.582 [info] > git status -z -uall [51ms]
2025-10-03 13:11:16.974 [info] > git config --get commit.template [16ms]
2025-10-03 13:11:16.977 [info] > git for-each-ref --format=%(refname)%00%(upstream:short)%00%(objectname)%00%(upstream:track)%00%(upstream:remotename)%00%(upstream:remoteref) refs/heads/main refs/remotes/main [4ms]
2025-10-03 13:11:17.007 [info] > git for-each-ref --sort -committerdate --format %(refname)%00%(objectname)%00%(*objectname) [4ms]
2025-10-03 13:11:17.040 [info] > git status -z -uall [50ms]
2025-10-03 13:11:47.520 [info] > git config --get commit.template [16ms]
2025-10-03 13:11:47.522 [info] > git for-each-ref --format=%(refname)%00%(upstream:short)%00%(objectname)%00%(upstream:track)%00%(upstream:remotename)%00%(upstream:remoteref) refs/heads/main refs/remotes/main [4ms]
2025-10-03 13:11:47.553 [info] > git for-each-ref --sort -committerdate --format %(refname)%00%(objectname)%00%(*objectname) [5ms]
2025-10-03 13:11:47.584 [info] > git status -z -uall [49ms]
2025-10-03 13:12:47.519 [info] > git config --get commit.template [14ms]
2025-10-03 13:12:47.522 [info] > git for-each-ref --format=%(refname)%00%(upstream:short)%00%(objectname)%00%(upstream:track)%00%(upstream:remotename)%00%(upstream:remoteref) refs/heads/main refs/remotes/main [4ms]
2025-10-03 13:12:47.553 [info] > git for-each-ref --sort -committerdate --format %(refname)%00%(objectname)%00%(*objectname) [5ms]
2025-10-03 13:12:47.587 [info] > git status -z -uall [51ms]
2025-10-03 13:13:47.520 [info] > git config --get commit.template [15ms]
2025-10-03 13:13:47.523 [info] > git for-each-ref --format=%(refname)%00%(upstream:short)%00%(objectname)%00%(upstream:track)%00%(upstream:remotename)%00%(upstream:remoteref) refs/heads/main refs/remotes/main [4ms]
2025-10-03 13:13:47.553 [info] > git for-each-ref --sort -committerdate --format %(refname)%00%(objectname)%00%(*objectname) [5ms]
2025-10-03 13:13:47.587 [info] > git status -z -uall [52ms]
2025-10-03 13:14:13.140 [info] > git config --get commit.template [17ms]
2025-10-03 13:14:13.142 [info] > git for-each-ref --format=%(refname)%00%(upstream:short)%00%(objectname)%00%(upstream:track)%00%(upstream:remotename)%00%(upstream:remoteref) refs/heads/main refs/remotes/main [4ms]
2025-10-03 13:14:13.173 [info] > git for-each-ref --sort -committerdate --format %(refname)%00%(objectname)%00%(*objectname) [4ms]
2025-10-03 13:14:13.205 [info] > git status -z -uall [49ms]
2025-10-03 13:14:47.525 [info] > git config --get commit.template [15ms]
2025-10-03 13:14:47.528 [info] > git for-each-ref --format=%(refname)%00%(upstream:short)%00%(objectname)%00%(upstream:track)%00%(upstream:remotename)%00%(upstream:remoteref) refs/heads/main refs/remotes/main [4ms]
2025-10-03 13:14:47.555 [info] > git for-each-ref --sort -committerdate --format %(refname)%00%(objectname)%00%(*objectname) [4ms]
2025-10-03 13:14:47.587 [info] > git status -z -uall [48ms]
2025-10-03 13:15:47.527 [info] > git config --get commit.template [14ms]
2025-10-03 13:15:47.530 [info] > git for-each-ref --format=%(refname)%00%(upstream:short)%00%(objectname)%00%(upstream:track)%00%(upstream:remotename)%00%(upstream:remoteref) refs/heads/main refs/remotes/main [4ms]
2025-10-03 13:15:47.558 [info] > git for-each-ref --sort -committerdate --format %(refname)%00%(objectname)%00%(*objectname) [4ms]
2025-10-03 13:15:47.591 [info] > git status -z -uall [49ms]
2025-10-03 13:16:17.128 [info] > git config --get commit.template [14ms]
2025-10-03 13:16:17.131 [info] > git for-each-ref --format=%(refname)%00%(upstream:short)%00%(objectname)%00%(upstream:track)%00%(upstream:remotename)%00%(upstream:remoteref) refs/heads/main refs/remotes/main [4ms]
2025-10-03 13:16:17.159 [info] > git for-each-ref --sort -committerdate --format %(refname)%00%(objectname)%00%(*objectname) [4ms]
2025-10-03 13:16:17.192 [info] > git status -z -uall [49ms]
2025-10-03 13:16:47.530 [info] > git config --get commit.template [15ms]
2025-10-03 13:16:47.533 [info] > git for-each-ref --format=%(refname)%00%(upstream:short)%00%(objectname)%00%(upstream:track)%00%(upstream:remotename)%00%(upstream:remoteref) refs/heads/main refs/remotes/main [4ms]
2025-10-03 13:16:47.564 [info] > git for-each-ref --sort -committerdate --format %(refname)%00%(objectname)%00%(*objectname) [6ms]
2025-10-03 13:16:47.595 [info] > git status -z -uall [49ms]
2025-10-03 13:16:58.578 [info] > git config --get commit.template [16ms]
2025-10-03 13:16:58.581 [info] > git for-each-ref --format=%(refname)%00%(upstream:short)%00%(objectname)%00%(upstream:track)%00%(upstream:remotename)%00%(upstream:remoteref) refs/heads/main refs/remotes/main [4ms]
2025-10-03 13:16:58.611 [info] > git for-each-ref --sort -committerdate --format %(refname)%00%(objectname)%00%(*objectname) [4ms]
2025-10-03 13:16:58.643 [info] > git status -z -uall [49ms]
2025-10-03 13:17:47.531 [info] > git config --get commit.template [16ms]
2025-10-03 13:17:47.532 [info] > git for-each-ref --format=%(refname)%00%(upstream:short)%00%(objectname)%00%(upstream:track)%00%(upstream:remotename)%00%(upstream:remoteref) refs/heads/main refs/remotes/main [3ms]
2025-10-03 13:17:47.562 [info] > git for-each-ref --sort -committerdate --format %(refname)%00%(objectname)%00%(*objectname) [5ms]
2025-10-03 13:17:47.596 [info] > git status -z -uall [51ms]
2025-10-03 13:18:44.861 [info] > git config --get commit.template [16ms]
2025-10-03 13:18:44.863 [info] > git for-each-ref --format=%(refname)%00%(upstream:short)%00%(objectname)%00%(upstream:track)%00%(upstream:remotename)%00%(upstream:remoteref) refs/heads/main refs/remotes/main [4ms]
2025-10-03 13:18:44.892 [info] > git for-each-ref --sort -committerdate --format %(refname)%00%(objectname)%00%(*objectname) [4ms]
2025-10-03 13:18:44.928 [info] > git status -z -uall [52ms]
2025-10-03 13:18:49.961 [info] > git config --get commit.template [15ms]
2025-10-03 13:18:49.964 [info] > git for-each-ref --format=%(refname)%00%(upstream:short)%00%(objectname)%00%(upstream:track)%00%(upstream:remotename)%00%(upstream:remoteref) refs/heads/main refs/remotes/main [4ms]
2025-10-03 13:18:49.995 [info] > git for-each-ref --sort -committerdate --format %(refname)%00%(objectname)%00%(*objectname) [5ms]
2025-10-03 13:18:50.027 [info] > git status -z -uall [49ms]
2025-10-03 13:19:13.152 [info] > git config --get commit.template [16ms]
2025-10-03 13:19:13.155 [info] > git for-each-ref --format=%(refname)%00%(upstream:short)%00%(objectname)%00%(upstream:track)%00%(upstream:remotename)%00%(upstream:remoteref) refs/heads/main refs/remotes/main [5ms]
2025-10-03 13:19:13.186 [info] > git for-each-ref --sort -committerdate --format %(refname)%00%(objectname)%00%(*objectname) [5ms]
2025-10-03 13:19:13.218 [info] > git status -z -uall [50ms]
2025-10-03 13:19:47.545 [info] > git config --get commit.template [14ms]
2025-10-03 13:19:47.548 [info] > git for-each-ref --format=%(refname)%00%(upstream:short)%00%(objectname)%00%(upstream:track)%00%(upstream:remotename)%00%(upstream:remoteref) refs/heads/main refs/remotes/main [4ms]
2025-10-03 13:19:47.577 [info] > git for-each-ref --sort -committerdate --format %(refname)%00%(objectname)%00%(*objectname) [4ms]
2025-10-03 13:19:47.610 [info] > git status -z -uall [49ms]
2025-10-03 13:20:47.549 [info] > git config --get commit.template [16ms]
2025-10-03 13:20:47.552 [info] > git for-each-ref --format=%(refname)%00%(upstream:short)%00%(objectname)%00%(upstream:track)%00%(upstream:remotename)%00%(upstream:remoteref) refs/heads/main refs/remotes/main [4ms]
2025-10-03 13:20:47.579 [info] > git for-each-ref --sort -committerdate --format %(refname)%00%(objectname)%00%(*objectname) [4ms]
2025-10-03 13:20:47.614 [info] > git status -z -uall [50ms]
2025-10-03 13:21:17.288 [info] > git config --get commit.template [15ms]
2025-10-03 13:21:17.291 [info] > git for-each-ref --format=%(refname)%00%(upstream:short)%00%(objectname)%00%(upstream:track)%00%(upstream:remotename)%00%(upstream:remoteref) refs/heads/main refs/remotes/main [4ms]
2025-10-03 13:21:17.320 [info] > git for-each-ref --sort -committerdate --format %(refname)%00%(objectname)%00%(*objectname) [5ms]
2025-10-03 13:21:17.354 [info] > git status -z -uall [50ms]
2025-10-03 13:21:47.556 [info] > git config --get commit.template [16ms]
2025-10-03 13:21:47.559 [info] > git for-each-ref --format=%(refname)%00%(upstream:short)%00%(objectname)%00%(upstream:track)%00%(upstream:remotename)%00%(upstream:remoteref) refs/heads/main refs/remotes/main [4ms]
2025-10-03 13:21:47.589 [info] > git for-each-ref --sort -committerdate --format %(refname)%00%(objectname)%00%(*objectname) [4ms]
2025-10-03 13:21:47.624 [info] > git status -z -uall [51ms]
2025-10-03 13:22:47.554 [info] > git config --get commit.template [16ms]
2025-10-03 13:22:47.556 [info] > git for-each-ref --format=%(refname)%00%(upstream:short)%00%(objectname)%00%(upstream:track)%00%(upstream:remotename)%00%(upstream:remoteref) refs/heads/main refs/remotes/main [3ms]
2025-10-03 13:22:47.585 [info] > git for-each-ref --sort -committerdate --format %(refname)%00%(objectname)%00%(*objectname) [5ms]
2025-10-03 13:22:47.618 [info] > git status -z -uall [49ms]
2025-10-03 13:23:47.554 [info] > git config --get commit.template [15ms]
2025-10-03 13:23:47.556 [info] > git for-each-ref --format=%(refname)%00%(upstream:short)%00%(objectname)%00%(upstream:track)%00%(upstream:remotename)%00%(upstream:remoteref) refs/heads/main refs/remotes/main [3ms]
2025-10-03 13:23:47.585 [info] > git for-each-ref --sort -committerdate --format %(refname)%00%(objectname)%00%(*objectname) [5ms]
2025-10-03 13:23:47.618 [info] > git status -z -uall [50ms]
2025-10-03 13:24:13.166 [info] > git config --get commit.template [17ms]
2025-10-03 13:24:13.169 [info] > git for-each-ref --format=%(refname)%00%(upstream:short)%00%(objectname)%00%(upstream:track)%00%(upstream:remotename)%00%(upstream:remoteref) refs/heads/main refs/remotes/main [5ms]
2025-10-03 13:24:13.200 [info] > git for-each-ref --sort -committerdate --format %(refname)%00%(objectname)%00%(*objectname) [5ms]
2025-10-03 13:24:13.232 [info] > git status -z -uall [50ms]
2025-10-03 13:24:47.560 [info] > git config --get commit.template [16ms]
2025-10-03 13:24:47.563 [info] > git for-each-ref --format=%(refname)%00%(upstream:short)%00%(objectname)%00%(upstream:track)%00%(upstream:remotename)%00%(upstream:remoteref) refs/heads/main refs/remotes/main [5ms]
2025-10-03 13:24:47.593 [info] > git for-each-ref --sort -committerdate --format %(refname)%00%(objectname)%00%(*objectname) [4ms]
2025-10-03 13:24:47.626 [info] > git status -z -uall [50ms]
2025-10-03 13:25:47.563 [info] > git config --get commit.template [16ms]
2025-10-03 13:25:47.566 [info] > git for-each-ref --format=%(refname)%00%(upstream:short)%00%(objectname)%00%(upstream:track)%00%(upstream:remotename)%00%(upstream:remoteref) refs/heads/main refs/remotes/main [4ms]
2025-10-03 13:25:47.596 [info] > git for-each-ref --sort -committerdate --format %(refname)%00%(objectname)%00%(*objectname) [4ms]
2025-10-03 13:25:47.629 [info] > git status -z -uall [49ms]
2025-10-03 13:26:17.415 [info] > git config --get commit.template [15ms]
2025-10-03 13:26:17.419 [info] > git for-each-ref --format=%(refname)%00%(upstream:short)%00%(objectname)%00%(upstream:track)%00%(upstream:remotename)%00%(upstream:remoteref) refs/heads/main refs/remotes/main [4ms]
2025-10-03 13:26:17.448 [info] > git for-each-ref --sort -committerdate --format %(refname)%00%(objectname)%00%(*objectname) [4ms]
2025-10-03 13:26:17.487 [info] > git status -z -uall [55ms]
2025-10-03 13:26:47.567 [info] > git config --get commit.template [18ms]
2025-10-03 13:26:47.568 [info] > git for-each-ref --format=%(refname)%00%(upstream:short)%00%(objectname)%00%(upstream:track)%00%(upstream:remotename)%00%(upstream:remoteref) refs/heads/main refs/remotes/main [4ms]
2025-10-03 13:26:47.599 [info] > git for-each-ref --sort -committerdate --format %(refname)%00%(objectname)%00%(*objectname) [4ms]
2025-10-03 13:26:47.633 [info] > git status -z -uall [50ms]
2025-10-03 13:27:47.566 [info] > git config --get commit.template [14ms]
2025-10-03 13:27:47.569 [info] > git for-each-ref --format=%(refname)%00%(upstream:short)%00%(objectname)%00%(upstream:track)%00%(upstream:remotename)%00%(upstream:remoteref) refs/heads/main refs/remotes/main [4ms]
2025-10-03 13:27:47.602 [info] > git for-each-ref --sort -committerdate --format %(refname)%00%(objectname)%00%(*objectname) [6ms]
2025-10-03 13:27:47.635 [info] > git status -z -uall [52ms]
2025-10-03 13:28:44.778 [info] > git config --get commit.template [16ms]
2025-10-03 13:28:44.780 [info] > git for-each-ref --format=%(refname)%00%(upstream:short)%00%(objectname)%00%(upstream:track)%00%(upstream:remotename)%00%(upstream:remoteref) refs/heads/main refs/remotes/main [4ms]
2025-10-03 13:28:44.810 [info] > git for-each-ref --sort -committerdate --format %(refname)%00%(objectname)%00%(*objectname) [5ms]
2025-10-03 13:28:44.844 [info] > git status -z -uall [51ms]
2025-10-03 13:28:49.879 [info] > git config --get commit.template [15ms]
2025-10-03 13:28:49.882 [info] > git for-each-ref --format=%(refname)%00%(upstream:short)%00%(objectname)%00%(upstream:track)%00%(upstream:remotename)%00%(upstream:remoteref) refs/heads/main refs/remotes/main [4ms]
2025-10-03 13:28:49.914 [info] > git for-each-ref --sort -committerdate --format %(refname)%00%(objectname)%00%(*objectname) [5ms]
2025-10-03 13:28:49.947 [info] > git status -z -uall [51ms]
