2025-09-29 13:27:46.122 [info] Extension host with pid 3396 started
2025-09-29 13:27:46.122 [info] Skipping acquiring lock for /home/rohan/.config/Code/User/workspaceStorage/83164974d2eebc8cb3d25ae24180dfe9.
2025-09-29 13:27:46.693 [info] ExtensionService#_doActivateExtension vscode.github-authentication, startup: false, activationEvent: 'onAuthenticationRequest:github'
2025-09-29 13:27:46.754 [info] ExtensionService#_doActivateExtension vscode.emmet, startup: false, activationEvent: 'onLanguage'
2025-09-29 13:27:47.296 [info] ExtensionService#_doActivateExtension vscode.git-base, startup: true, activationEvent: '*', root cause: vscode.git
2025-09-29 13:27:47.321 [info] ExtensionService#_doActivateExtension vscode.git, startup: true, activationEvent: '*'
2025-09-29 13:27:47.433 [info] ExtensionService#_doActivateExtension vscode.github, startup: true, activationEvent: '*'
2025-09-29 13:27:47.785 [info] Eager extensions activated
2025-09-29 13:27:47.820 [info] ExtensionService#_doActivateExtension vscode.debug-auto-launch, startup: false, activationEvent: 'onStartupFinished'
2025-09-29 13:27:47.826 [info] ExtensionService#_doActivateExtension vscode.merge-conflict, startup: false, activationEvent: 'onStartupFinished'
2025-09-29 13:27:56.296 [warning] [Decorations] CAPPING events from decorations provider vscode.git 711
2025-09-29 13:27:56.622 [warning] [Decorations] CAPPING events from decorations provider vscode.git 711
2025-09-29 13:27:57.952 [warning] [Decorations] CAPPING events from decorations provider vscode.git 711
2025-09-29 13:28:03.026 [warning] [Decorations] CAPPING events from decorations provider vscode.git 711
2025-09-29 13:28:08.098 [warning] [Decorations] CAPPING events from decorations provider vscode.git 711
2025-09-29 13:28:13.172 [warning] [Decorations] CAPPING events from decorations provider vscode.git 711
2025-09-29 13:28:19.516 [warning] [Decorations] CAPPING events from decorations provider vscode.git 711
2025-09-29 13:28:24.584 [warning] [Decorations] CAPPING events from decorations provider vscode.git 711
2025-09-29 13:28:27.147 [warning] [Decorations] CAPPING events from decorations provider vscode.git 711
2025-09-29 13:28:27.795 [warning] [Decorations] CAPPING events from decorations provider vscode.git 711
2025-09-29 13:28:30.162 [warning] [Decorations] CAPPING events from decorations provider vscode.git 711
2025-09-29 13:28:33.902 [warning] [Decorations] CAPPING events from decorations provider vscode.git 711
2025-09-29 13:28:35.233 [warning] [Decorations] CAPPING events from decorations provider vscode.git 711
2025-09-29 13:28:40.299 [warning] [Decorations] CAPPING events from decorations provider vscode.git 711
2025-09-29 13:28:41.588 [info] Extension host terminating: renderer closed the MessagePort
2025-09-29 13:28:41.614 [info] Extension host with pid 3396 exiting with code 0
