2025-10-06 08:02:16.379 [info] Reading sessions from keychain...
2025-10-06 08:02:16.379 [info] Getting sessions for all scopes...
2025-10-06 08:02:16.454 [info] Got stored sessions!
2025-10-06 08:02:16.454 [info] Got 1 verified sessions.
2025-10-06 08:02:16.454 [info] Got 1 sessions for ...
2025-10-06 08:02:16.455 [info] Getting sessions for all scopes...
2025-10-06 08:02:16.455 [info] Got 1 sessions for ...
2025-10-06 08:02:16.455 [info] Getting sessions for all scopes...
2025-10-06 08:02:16.455 [info] Got 1 sessions for ...
2025-10-06 08:02:16.455 [info] Getting sessions for all scopes...
2025-10-06 08:02:16.455 [info] Got 1 sessions for ...
2025-10-06 08:02:16.455 [info] Getting sessions for all scopes...
2025-10-06 08:02:16.455 [info] Got 1 sessions for ...
2025-10-06 08:02:16.455 [info] Getting sessions for all scopes...
2025-10-06 08:02:16.455 [info] Got 1 sessions for ...
2025-10-06 08:02:16.456 [info] Getting sessions for all scopes...
2025-10-06 08:02:16.456 [info] Got 1 sessions for ...
2025-10-06 08:02:16.571 [info] Getting sessions for all scopes...
2025-10-06 08:02:16.571 [info] Got 1 sessions for ...
2025-10-06 08:02:16.571 [info] Getting sessions for all scopes...
2025-10-06 08:02:16.571 [info] Got 1 sessions for ...
2025-10-06 08:02:16.572 [info] Getting sessions for all scopes...
2025-10-06 08:02:16.572 [info] Got 1 sessions for ...
2025-10-06 08:02:16.572 [info] Getting sessions for all scopes...
2025-10-06 08:02:16.572 [info] Got 1 sessions for ...
2025-10-06 08:02:16.573 [info] Getting sessions for all scopes...
2025-10-06 08:02:16.573 [info] Got 1 sessions for ...
2025-10-06 08:02:16.573 [info] Getting sessions for all scopes...
2025-10-06 08:02:16.573 [info] Got 1 sessions for ...
2025-10-06 08:02:17.336 [info] Getting sessions for read:user,repo,user:email,workflow...
2025-10-06 08:02:17.336 [info] Got 1 sessions for read:user,repo,user:email,workflow...
2025-10-06 08:02:22.050 [info] Getting sessions for all scopes...
2025-10-06 08:02:22.050 [info] Got 1 sessions for ...
2025-10-06 08:02:34.218 [info] Getting sessions for all scopes...
2025-10-06 08:02:34.218 [info] Got 1 sessions for ...
2025-10-06 08:02:34.647 [info] Getting sessions for all scopes...
2025-10-06 08:02:34.647 [info] Got 1 sessions for ...
2025-10-06 08:02:34.648 [info] Getting sessions for all scopes...
2025-10-06 08:02:34.648 [info] Got 1 sessions for ...
2025-10-06 08:02:34.656 [info] Getting sessions for all scopes...
2025-10-06 08:02:34.656 [info] Got 1 sessions for ...
2025-10-06 08:05:47.996 [info] Getting sessions for read:user,repo,user:email,workflow...
2025-10-06 08:05:47.996 [info] Got 1 sessions for read:user,repo,user:email,workflow...
2025-10-06 08:05:54.617 [info] Getting sessions for read:user,repo,user:email,workflow...
2025-10-06 08:05:54.617 [info] Got 1 sessions for read:user,repo,user:email,workflow...
