2025-10-06 08:02:16.974 [info] [main] Log level: Info
2025-10-06 08:02:16.974 [info] [main] Validating found git in: "git"
2025-10-06 08:02:16.974 [info] [main] Using git "2.50.1" from "git"
2025-10-06 08:02:16.974 [info] [Model][doInitialScan] Initial repository scan started
2025-10-06 08:02:16.974 [info] > git rev-parse --show-toplevel [24ms]
2025-10-06 08:02:16.974 [info] > git rev-parse --git-dir --git-common-dir --show-superproject-working-tree [16ms]
2025-10-06 08:02:16.974 [info] [Model][openRepository] Opened repository (path): /home/rohan/.config
2025-10-06 08:02:16.974 [info] [Model][openRepository] Opened repository (real path): /home/rohan/.config
2025-10-06 08:02:16.974 [info] [Model][openRepository] Opened repository (kind): repository
2025-10-06 08:02:16.974 [info] > git rev-parse --show-toplevel [5ms]
2025-10-06 08:02:16.974 [info] > git config --get commit.template [17ms]
2025-10-06 08:02:16.974 [info] > git rev-parse --show-toplevel [76ms]
2025-10-06 08:02:16.974 [info] > git for-each-ref --format=%(refname)%00%(upstream:short)%00%(objectname)%00%(upstream:track)%00%(upstream:remotename)%00%(upstream:remoteref) refs/heads/main refs/remotes/main [73ms]
2025-10-06 08:02:16.975 [info] > git rev-parse --show-toplevel [28ms]
2025-10-06 08:02:17.039 [info] > git status -z -uall [78ms]
2025-10-06 08:02:17.039 [info] > git for-each-ref --sort -committerdate --format %(refname)%00%(objectname)%00%(*objectname) [67ms]
2025-10-06 08:02:17.088 [info] > git rev-parse --show-toplevel [51ms]
2025-10-06 08:02:17.154 [info] > git for-each-ref --format=%(refname)%00%(upstream:short)%00%(objectname)%00%(upstream:track)%00%(upstream:remotename)%00%(upstream:remoteref) refs/heads/main refs/remotes/main [26ms]
2025-10-06 08:02:17.171 [info] > git config --get --local branch.main.vscode-merge-base [7ms]
2025-10-06 08:02:17.171 [warning] [Git][config] git config failed: Failed to execute git
2025-10-06 08:02:17.181 [info] > git config --get commit.template [28ms]
2025-10-06 08:02:17.181 [info] > git rev-parse --show-toplevel [38ms]
2025-10-06 08:02:17.220 [info] > git rev-parse --show-toplevel [27ms]
2025-10-06 08:02:17.221 [info] > git reflog main --grep-reflog=branch: Created from *. [40ms]
2025-10-06 08:02:17.241 [info] > git for-each-ref --format=%(refname)%00%(upstream:short)%00%(objectname)%00%(upstream:track)%00%(upstream:remotename)%00%(upstream:remoteref) refs/heads/main refs/remotes/main [22ms]
2025-10-06 08:02:17.262 [info] > git rev-parse --show-toplevel [23ms]
2025-10-06 08:02:17.262 [info] > git symbolic-ref --short refs/remotes/rohan/HEAD [33ms]
2025-10-06 08:02:17.282 [info] > git for-each-ref --sort -committerdate --format %(refname)%00%(objectname)%00%(*objectname) [23ms]
2025-10-06 08:02:17.284 [info] > git for-each-ref --format=%(refname)%00%(upstream:short)%00%(objectname)%00%(upstream:track)%00%(upstream:remotename)%00%(upstream:remoteref) refs/heads/rohan/main refs/remotes/rohan/main [12ms]
2025-10-06 08:02:17.294 [info] > git rev-parse --show-toplevel [13ms]
2025-10-06 08:02:17.304 [info] > git status -z -uall [55ms]
2025-10-06 08:02:17.312 [info] > git config --add --local branch.main.vscode-merge-base rohan/main [19ms]
2025-10-06 08:02:17.324 [info] > git rev-parse --show-toplevel [21ms]
2025-10-06 08:02:17.335 [info] > git config --get commit.template [12ms]
2025-10-06 08:02:17.346 [info] > git rev-parse --show-toplevel [12ms]
2025-10-06 08:02:17.358 [info] > git for-each-ref --format=%(refname)%00%(upstream:short)%00%(objectname)%00%(upstream:track)%00%(upstream:remotename)%00%(upstream:remoteref) refs/heads/main refs/remotes/main [13ms]
2025-10-06 08:02:17.402 [info] > git check-ignore -v -z --stdin [15ms]
2025-10-06 08:02:17.403 [info] > git for-each-ref --sort -committerdate --format %(refname)%00%(objectname)%00%(*objectname) [27ms]
2025-10-06 08:02:17.404 [info] > git rev-parse --show-toplevel [49ms]
2025-10-06 08:02:17.430 [info] > git status -z -uall [64ms]
2025-10-06 08:02:17.430 [info] > git rev-parse --show-toplevel [17ms]
2025-10-06 08:02:17.447 [info] > git rev-parse --show-toplevel [2ms]
2025-10-06 08:02:17.459 [info] > git rev-parse --show-toplevel [2ms]
2025-10-06 08:02:17.475 [info] > git rev-parse --show-toplevel [9ms]
2025-10-06 08:02:17.486 [info] > git rev-parse --show-toplevel [3ms]
2025-10-06 08:02:17.497 [info] > git rev-parse --show-toplevel [3ms]
2025-10-06 08:02:17.508 [info] > git rev-parse --show-toplevel [2ms]
2025-10-06 08:02:17.520 [info] > git rev-parse --show-toplevel [3ms]
2025-10-06 08:02:17.531 [info] > git rev-parse --show-toplevel [3ms]
2025-10-06 08:02:17.555 [info] > git rev-parse --show-toplevel [15ms]
2025-10-06 08:02:17.565 [info] > git rev-parse --show-toplevel [2ms]
2025-10-06 08:02:17.576 [info] > git rev-parse --show-toplevel [3ms]
2025-10-06 08:02:17.588 [info] > git rev-parse --show-toplevel [5ms]
2025-10-06 08:02:17.599 [info] > git rev-parse --show-toplevel [3ms]
2025-10-06 08:02:17.609 [info] > git rev-parse --show-toplevel [2ms]
2025-10-06 08:02:17.619 [info] > git rev-parse --show-toplevel [3ms]
2025-10-06 08:02:17.629 [info] > git rev-parse --show-toplevel [3ms]
2025-10-06 08:02:17.640 [info] > git rev-parse --show-toplevel [3ms]
2025-10-06 08:02:17.650 [info] > git rev-parse --show-toplevel [3ms]
2025-10-06 08:02:17.659 [info] > git rev-parse --show-toplevel [2ms]
2025-10-06 08:02:17.669 [info] > git rev-parse --show-toplevel [2ms]
2025-10-06 08:02:17.680 [info] > git rev-parse --show-toplevel [3ms]
2025-10-06 08:02:17.685 [info] [Model][doInitialScan] Initial repository scan completed - repositories (1), closed repositories (0), parent repositories (0), unsafe repositories (0)
2025-10-06 08:02:17.784 [info] > git show --textconv :hypr/hyprland.conf [88ms]
2025-10-06 08:02:17.785 [info] > git ls-files --stage -- hypr/hyprland.conf [80ms]
2025-10-06 08:02:17.805 [info] > git cat-file -s dd1c1507434180ffc55ae88b78863b3169946f77 [13ms]
2025-10-06 08:02:17.877 [info] > git blame --root --incremental dd3878b35d1c560e5e8a8752bf463f62bcbce581 -- hypr/hyprland.conf [4ms]
2025-10-06 08:02:18.923 [info] > git ls-files --stage -- hypr/hyprland.conf [4ms]
2025-10-06 08:02:18.935 [info] > git cat-file -s dd1c1507434180ffc55ae88b78863b3169946f77 [3ms]
2025-10-06 08:02:18.952 [info] > git show --textconv :hypr/hyprland.conf [5ms]
2025-10-06 08:02:20.215 [info] > git config --get commit.template [7ms]
2025-10-06 08:02:20.229 [info] > git for-each-ref --format=%(refname)%00%(upstream:short)%00%(objectname)%00%(upstream:track)%00%(upstream:remotename)%00%(upstream:remoteref) refs/heads/main refs/remotes/main [4ms]
2025-10-06 08:02:20.254 [info] > git for-each-ref --sort -committerdate --format %(refname)%00%(objectname)%00%(*objectname) [4ms]
2025-10-06 08:02:20.292 [info] > git status -z -uall [53ms]
2025-10-06 08:02:25.324 [info] > git config --get commit.template [14ms]
2025-10-06 08:02:25.326 [info] > git for-each-ref --format=%(refname)%00%(upstream:short)%00%(objectname)%00%(upstream:track)%00%(upstream:remotename)%00%(upstream:remoteref) refs/heads/main refs/remotes/main [4ms]
2025-10-06 08:02:25.352 [info] > git for-each-ref --sort -committerdate --format %(refname)%00%(objectname)%00%(*objectname) [4ms]
2025-10-06 08:02:25.394 [info] > git status -z -uall [57ms]
2025-10-06 08:02:30.434 [info] > git config --get commit.template [12ms]
2025-10-06 08:02:30.436 [info] > git for-each-ref --format=%(refname)%00%(upstream:short)%00%(objectname)%00%(upstream:track)%00%(upstream:remotename)%00%(upstream:remoteref) refs/heads/main refs/remotes/main [4ms]
2025-10-06 08:02:30.461 [info] > git for-each-ref --sort -committerdate --format %(refname)%00%(objectname)%00%(*objectname) [4ms]
2025-10-06 08:02:30.504 [info] > git status -z -uall [57ms]
2025-10-06 08:02:35.534 [info] > git config --get commit.template [11ms]
2025-10-06 08:02:35.537 [info] > git for-each-ref --format=%(refname)%00%(upstream:short)%00%(objectname)%00%(upstream:track)%00%(upstream:remotename)%00%(upstream:remoteref) refs/heads/main refs/remotes/main [4ms]
2025-10-06 08:02:35.563 [info] > git for-each-ref --sort -committerdate --format %(refname)%00%(objectname)%00%(*objectname) [3ms]
2025-10-06 08:02:35.603 [info] > git status -z -uall [55ms]
2025-10-06 08:02:37.754 [info] > git check-ignore -v -z --stdin [4ms]
2025-10-06 08:02:39.469 [info] > git check-ignore -v -z --stdin [4ms]
2025-10-06 08:02:40.636 [info] > git config --get commit.template [12ms]
2025-10-06 08:02:40.639 [info] > git for-each-ref --format=%(refname)%00%(upstream:short)%00%(objectname)%00%(upstream:track)%00%(upstream:remotename)%00%(upstream:remoteref) refs/heads/main refs/remotes/main [5ms]
2025-10-06 08:02:40.665 [info] > git for-each-ref --sort -committerdate --format %(refname)%00%(objectname)%00%(*objectname) [4ms]
2025-10-06 08:02:40.707 [info] > git status -z -uall [57ms]
2025-10-06 08:02:45.739 [info] > git config --get commit.template [11ms]
2025-10-06 08:02:45.742 [info] > git for-each-ref --format=%(refname)%00%(upstream:short)%00%(objectname)%00%(upstream:track)%00%(upstream:remotename)%00%(upstream:remoteref) refs/heads/main refs/remotes/main [4ms]
2025-10-06 08:02:45.766 [info] > git for-each-ref --sort -committerdate --format %(refname)%00%(objectname)%00%(*objectname) [4ms]
2025-10-06 08:02:45.808 [info] > git status -z -uall [56ms]
2025-10-06 08:02:53.346 [info] > git config --get commit.template [12ms]
2025-10-06 08:02:53.348 [info] > git for-each-ref --format=%(refname)%00%(upstream:short)%00%(objectname)%00%(upstream:track)%00%(upstream:remotename)%00%(upstream:remoteref) refs/heads/main refs/remotes/main [3ms]
2025-10-06 08:02:53.378 [info] > git for-each-ref --sort -committerdate --format %(refname)%00%(objectname)%00%(*objectname) [4ms]
2025-10-06 08:02:53.417 [info] > git status -z -uall [57ms]
2025-10-06 08:02:56.197 [info] > git check-ignore -v -z --stdin [5ms]
2025-10-06 08:02:58.450 [info] > git config --get commit.template [11ms]
2025-10-06 08:02:58.453 [info] > git for-each-ref --format=%(refname)%00%(upstream:short)%00%(objectname)%00%(upstream:track)%00%(upstream:remotename)%00%(upstream:remoteref) refs/heads/main refs/remotes/main [4ms]
2025-10-06 08:02:58.480 [info] > git for-each-ref --sort -committerdate --format %(refname)%00%(objectname)%00%(*objectname) [4ms]
2025-10-06 08:02:58.526 [info] > git status -z -uall [62ms]
2025-10-06 08:03:03.561 [info] > git config --get commit.template [11ms]
2025-10-06 08:03:03.563 [info] > git for-each-ref --format=%(refname)%00%(upstream:short)%00%(objectname)%00%(upstream:track)%00%(upstream:remotename)%00%(upstream:remoteref) refs/heads/main refs/remotes/main [4ms]
2025-10-06 08:03:03.590 [info] > git for-each-ref --sort -committerdate --format %(refname)%00%(objectname)%00%(*objectname) [4ms]
2025-10-06 08:03:03.634 [info] > git status -z -uall [60ms]
2025-10-06 08:03:40.665 [info] > git for-each-ref --format=%(refname)%00%(upstream:short)%00%(objectname)%00%(upstream:track)%00%(upstream:remotename)%00%(upstream:remoteref) refs/heads/main refs/remotes/main [17ms]
2025-10-06 08:03:40.665 [info] > git config --get commit.template [33ms]
2025-10-06 08:03:40.694 [info] > git ls-files --stage -- hypr/hyprland.conf [31ms]
2025-10-06 08:03:40.709 [info] > git for-each-ref --sort -committerdate --format %(refname)%00%(objectname)%00%(*objectname) [16ms]
2025-10-06 08:03:40.711 [info] > git cat-file -s dd1c1507434180ffc55ae88b78863b3169946f77 [5ms]
2025-10-06 08:03:40.738 [info] > git show --textconv :hypr/hyprland.conf [6ms]
2025-10-06 08:03:40.741 [info] > git status -z -uall [62ms]
2025-10-06 08:04:05.596 [info] > git config --get commit.template [25ms]
2025-10-06 08:04:05.600 [info] > git for-each-ref --format=%(refname)%00%(upstream:short)%00%(objectname)%00%(upstream:track)%00%(upstream:remotename)%00%(upstream:remoteref) refs/heads/main refs/remotes/main [7ms]
2025-10-06 08:04:05.641 [info] > git for-each-ref --sort -committerdate --format %(refname)%00%(objectname)%00%(*objectname) [6ms]
2025-10-06 08:04:05.679 [info] > git status -z -uall [62ms]
2025-10-06 08:05:07.858 [info] > git log --format=%H%n%aN%n%aE%n%at%n%ct%n%P%n%D%n%B -z --shortstat --diff-merges=first-parent -n50 --skip=0 --topo-order --decorate=full --stdin [683ms]
2025-10-06 08:05:07.982 [info] > git check-ignore -v -z --stdin [6ms]
2025-10-06 08:05:09.591 [info] > git config --get commit.template [13ms]
2025-10-06 08:05:09.594 [info] > git for-each-ref --format=%(refname)%00%(upstream:short)%00%(objectname)%00%(upstream:track)%00%(upstream:remotename)%00%(upstream:remoteref) refs/heads/main refs/remotes/main [4ms]
2025-10-06 08:05:09.620 [info] > git for-each-ref --sort -committerdate --format %(refname)%00%(objectname)%00%(*objectname) [4ms]
2025-10-06 08:05:09.661 [info] > git status -z -uall [55ms]
2025-10-06 08:05:14.839 [info] > git config --get commit.template [14ms]
2025-10-06 08:05:14.842 [info] > git for-each-ref --format=%(refname)%00%(upstream:short)%00%(objectname)%00%(upstream:track)%00%(upstream:remotename)%00%(upstream:remoteref) refs/heads/main refs/remotes/main [4ms]
2025-10-06 08:05:14.870 [info] > git for-each-ref --sort -committerdate --format %(refname)%00%(objectname)%00%(*objectname) [4ms]
2025-10-06 08:05:14.914 [info] > git status -z -uall [58ms]
2025-10-06 08:05:23.622 [info] > git add -A -- . [96ms]
2025-10-06 08:05:24.276 [info] > git show --textconv :.git/COMMIT_EDITMSG [14ms]
2025-10-06 08:05:24.290 [info] > git ls-files --stage -- .git/COMMIT_EDITMSG [16ms]
2025-10-06 08:05:24.304 [info] > git hash-object -t tree /dev/null [16ms]
2025-10-06 08:05:24.305 [warning] [GitFileSystemProvider][readFile] File not found - git:/home/rohan/.config/.git/COMMIT_EDITMSG.git?%7B%22path%22%3A%22%2Fhome%2Frohan%2F.config%2F.git%2FCOMMIT_EDITMSG%22%2C%22ref%22%3A%22%22%7D
2025-10-06 08:05:24.307 [info] > git hash-object -t tree /dev/null [5ms]
2025-10-06 08:05:24.307 [warning] [GitFileSystemProvider][stat] File not found - git:/home/rohan/.config/.git/COMMIT_EDITMSG.git?%7B%22path%22%3A%22%2Fhome%2Frohan%2F.config%2F.git%2FCOMMIT_EDITMSG%22%2C%22ref%22%3A%22%22%7D
2025-10-06 08:05:24.641 [info] > git check-ignore -v -z --stdin [4ms]
2025-10-06 08:05:27.919 [info] > git blame --root --incremental dd3878b35d1c560e5e8a8752bf463f62bcbce581 -- .git/COMMIT_EDITMSG [4ms]
2025-10-06 08:05:27.919 [info] fatal: no such path .git/COMMIT_EDITMSG in dd3878b35d1c560e5e8a8752bf463f62bcbce581
2025-10-06 08:05:32.539 [info] > git -c user.useConfigOnly=true commit --quiet [8905ms]
2025-10-06 08:05:32.556 [info] > git config --get commit.template [4ms]
2025-10-06 08:05:32.572 [info] > git for-each-ref --format=%(refname)%00%(upstream:short)%00%(objectname)%00%(upstream:track)%00%(upstream:remotename)%00%(upstream:remoteref) refs/heads/main refs/remotes/main [5ms]
2025-10-06 08:05:32.601 [info] > git for-each-ref --sort -committerdate --format %(refname)%00%(objectname)%00%(*objectname) [4ms]
2025-10-06 08:05:32.606 [info] > git status -z -uall [22ms]
2025-10-06 08:05:32.755 [info] > git config --get commit.template [15ms]
2025-10-06 08:05:32.758 [info] > git for-each-ref --format=%(refname)%00%(upstream:short)%00%(objectname)%00%(upstream:track)%00%(upstream:remotename)%00%(upstream:remoteref) refs/heads/main refs/remotes/main [4ms]
2025-10-06 08:05:32.784 [info] > git for-each-ref --sort -committerdate --format %(refname)%00%(objectname)%00%(*objectname) [4ms]
2025-10-06 08:05:32.790 [info] > git status -z -uall [22ms]
2025-10-06 08:05:33.135 [info] > git show --textconv :hypr/hyprland.conf [12ms]
2025-10-06 08:05:33.138 [info] > git ls-files --stage -- hypr/hyprland.conf [4ms]
2025-10-06 08:05:33.152 [info] > git cat-file -s dd1c1507434180ffc55ae88b78863b3169946f77 [4ms]
2025-10-06 08:05:33.162 [info] > git log --format=%H%n%aN%n%aE%n%at%n%ct%n%P%n%D%n%B -z --shortstat --diff-merges=first-parent -n50 --skip=0 --topo-order --decorate=full --stdin [481ms]
2025-10-06 08:05:33.241 [info] > git blame --root --incremental 79534126e97fdef18cd194e6b56e5d740466549b -- hypr/hyprland.conf [6ms]
2025-10-06 08:05:33.346 [info] > git check-ignore -v -z --stdin [4ms]
2025-10-06 08:05:33.947 [info] > git ls-files --stage -- hypr/hyprland.conf [5ms]
2025-10-06 08:05:33.963 [info] > git cat-file -s dd1c1507434180ffc55ae88b78863b3169946f77 [5ms]
2025-10-06 08:05:33.982 [info] > git show --textconv :hypr/hyprland.conf [5ms]
2025-10-06 08:05:34.610 [info] > git config --get commit.template [13ms]
2025-10-06 08:05:34.612 [info] > git for-each-ref --format=%(refname)%00%(upstream:short)%00%(objectname)%00%(upstream:track)%00%(upstream:remotename)%00%(upstream:remoteref) refs/heads/main refs/remotes/main [3ms]
2025-10-06 08:05:34.638 [info] > git for-each-ref --sort -committerdate --format %(refname)%00%(objectname)%00%(*objectname) [5ms]
2025-10-06 08:05:34.644 [info] > git status -z -uall [21ms]
2025-10-06 08:05:35.296 [info] > git check-ignore -v -z --stdin [4ms]
2025-10-06 08:05:41.726 [info] > git push [4ms]
2025-10-06 08:05:41.727 [info] fatal: The current branch main has no upstream branch.
To push the current branch and set the remote as upstream, use

    git push --set-upstream rohan main

To have this happen automatically for branches without a tracking
upstream, see 'push.autoSetupRemote' in 'git help config'.
2025-10-06 08:05:41.756 [info] > git config --get commit.template [16ms]
2025-10-06 08:05:41.759 [info] > git for-each-ref --format=%(refname)%00%(upstream:short)%00%(objectname)%00%(upstream:track)%00%(upstream:remotename)%00%(upstream:remoteref) refs/heads/main refs/remotes/main [4ms]
2025-10-06 08:05:41.792 [info] > git for-each-ref --sort -committerdate --format %(refname)%00%(objectname)%00%(*objectname) [6ms]
2025-10-06 08:05:41.799 [info] > git status -z -uall [28ms]
2025-10-06 08:05:48.498 [info] > git push -u rohan main [970ms]
2025-10-06 08:05:48.499 [info] To https://github.com/Hanny9008/nix-config-dotfiles.git
 ! [rejected]        main -> main (non-fast-forward)
error: failed to push some refs to 'https://github.com/Hanny9008/nix-config-dotfiles.git'
hint: Updates were rejected because the tip of your current branch is behind
hint: its remote counterpart. If you want to integrate the remote changes,
hint: use 'git pull' before pushing again.
hint: See the 'Note about fast-forwards' in 'git push --help' for details.
2025-10-06 08:05:48.527 [info] > git config --get commit.template [14ms]
2025-10-06 08:05:48.529 [info] > git for-each-ref --format=%(refname)%00%(upstream:short)%00%(objectname)%00%(upstream:track)%00%(upstream:remotename)%00%(upstream:remoteref) refs/heads/main refs/remotes/main [3ms]
2025-10-06 08:05:48.555 [info] > git for-each-ref --sort -committerdate --format %(refname)%00%(objectname)%00%(*objectname) [3ms]
2025-10-06 08:05:48.562 [info] > git status -z -uall [21ms]
2025-10-06 08:05:48.596 [info] > git config --get commit.template [15ms]
2025-10-06 08:05:48.598 [info] > git for-each-ref --format=%(refname)%00%(upstream:short)%00%(objectname)%00%(upstream:track)%00%(upstream:remotename)%00%(upstream:remoteref) refs/heads/main refs/remotes/main [4ms]
2025-10-06 08:05:48.626 [info] > git for-each-ref --sort -committerdate --format %(refname)%00%(objectname)%00%(*objectname) [4ms]
2025-10-06 08:05:48.631 [info] > git status -z -uall [21ms]
2025-10-06 08:05:49.285 [info] > git check-ignore -v -z --stdin [4ms]
2025-10-06 08:05:54.154 [info] > git log --oneline --cherry main...main@{upstream} -- [3ms]
2025-10-06 08:05:54.154 [info] fatal: no upstream configured for branch 'main'
2025-10-06 08:05:55.216 [info] > git pull --tags [1050ms]
2025-10-06 08:05:55.216 [info] There is no tracking information for the current branch.
Please specify which branch you want to merge with.
See git-pull(1) for details.

    git pull <remote> <branch>

If you wish to set tracking information for this branch you can do so with:

    git branch --set-upstream-to=rohan/<branch> main
2025-10-06 08:05:55.244 [info] > git config --get commit.template [14ms]
2025-10-06 08:05:55.247 [info] > git for-each-ref --format=%(refname)%00%(upstream:short)%00%(objectname)%00%(upstream:track)%00%(upstream:remotename)%00%(upstream:remoteref) refs/heads/main refs/remotes/main [4ms]
2025-10-06 08:05:55.276 [info] > git for-each-ref --sort -committerdate --format %(refname)%00%(objectname)%00%(*objectname) [5ms]
2025-10-06 08:05:55.281 [info] > git status -z -uall [22ms]
2025-10-06 08:05:55.352 [info] > git ls-files --stage -- hypr/hyprland.conf [4ms]
2025-10-06 08:05:55.370 [info] > git cat-file -s dd1c1507434180ffc55ae88b78863b3169946f77 [3ms]
2025-10-06 08:05:55.408 [info] > git show --textconv :hypr/hyprland.conf [5ms]
2025-10-06 08:05:59.129 [info] > git config --get commit.template [15ms]
2025-10-06 08:05:59.141 [info] > git ls-files --stage -- hypr/hyprland.conf [14ms]
2025-10-06 08:05:59.153 [info] > git for-each-ref --format=%(refname)%00%(upstream:short)%00%(objectname)%00%(upstream:track)%00%(upstream:remotename)%00%(upstream:remoteref) refs/heads/main refs/remotes/main [13ms]
2025-10-06 08:05:59.175 [info] > git cat-file -s dd1c1507434180ffc55ae88b78863b3169946f77 [24ms]
2025-10-06 08:05:59.189 [info] > git status -z -uall [26ms]
2025-10-06 08:05:59.190 [info] > git for-each-ref --sort -committerdate --format %(refname)%00%(objectname)%00%(*objectname) [16ms]
2025-10-06 08:05:59.194 [info] > git show --textconv :hypr/hyprland.conf [6ms]
2025-10-06 08:06:05.638 [info] > git config --get commit.template [12ms]
2025-10-06 08:06:05.650 [info] > git ls-files --stage -- hypr/hyprland.conf [12ms]
2025-10-06 08:06:05.661 [info] > git for-each-ref --format=%(refname)%00%(upstream:short)%00%(objectname)%00%(upstream:track)%00%(upstream:remotename)%00%(upstream:remoteref) refs/heads/main refs/remotes/main [12ms]
2025-10-06 08:06:05.684 [info] > git cat-file -s dd1c1507434180ffc55ae88b78863b3169946f77 [24ms]
2025-10-06 08:06:05.687 [info] > git for-each-ref --sort -committerdate --format %(refname)%00%(objectname)%00%(*objectname) [5ms]
2025-10-06 08:06:05.700 [info] > git status -z -uall [28ms]
2025-10-06 08:06:05.706 [info] > git show --textconv :hypr/hyprland.conf [7ms]
2025-10-06 08:06:46.687 [info] > git config --get commit.template [12ms]
2025-10-06 08:06:46.698 [info] > git ls-files --stage -- hypr/hyprland.conf [12ms]
2025-10-06 08:06:46.709 [info] > git for-each-ref --format=%(refname)%00%(upstream:short)%00%(objectname)%00%(upstream:track)%00%(upstream:remotename)%00%(upstream:remoteref) refs/heads/main refs/remotes/main [12ms]
2025-10-06 08:06:46.732 [info] > git cat-file -s dd1c1507434180ffc55ae88b78863b3169946f77 [24ms]
2025-10-06 08:06:46.734 [info] > git for-each-ref --sort -committerdate --format %(refname)%00%(objectname)%00%(*objectname) [5ms]
2025-10-06 08:06:46.746 [info] > git status -z -uall [28ms]
2025-10-06 08:06:46.752 [info] > git show --textconv :hypr/hyprland.conf [6ms]
2025-10-06 08:06:59.815 [info] > git ls-files --stage -- hypr/hyprland.conf [3ms]
2025-10-06 08:06:59.815 [info] fatal: not a git repository (or any of the parent directories): .git
2025-10-06 08:06:59.821 [warning] [GitFileSystemProvider][stat] File not found - git:/home/rohan/.config/hypr/hyprland.conf.git?%7B%22path%22%3A%22%2Fhome%2Frohan%2F.config%2Fhypr%2Fhyprland.conf%22%2C%22ref%22%3A%22%22%7D
