2025-09-29 13:27:47.804 [info] [main] Log level: Info
2025-09-29 13:27:47.804 [info] [main] Validating found git in: "git"
2025-09-29 13:27:47.804 [info] [main] Using git "2.50.1" from "git"
2025-09-29 13:27:47.804 [info] [Model][doInitialScan] Initial repository scan started
2025-09-29 13:27:47.804 [info] > git rev-parse --show-toplevel [23ms]
2025-09-29 13:27:47.804 [info] fatal: not a git repository (or any of the parent directories): .git
2025-09-29 13:27:47.804 [info] > git rev-parse --show-toplevel [3ms]
2025-09-29 13:27:47.804 [info] fatal: not a git repository (or any of the parent directories): .git
2025-09-29 13:27:47.804 [info] > git rev-parse --show-toplevel [3ms]
2025-09-29 13:27:47.804 [info] fatal: not a git repository (or any of the parent directories): .git
2025-09-29 13:27:47.804 [info] > git rev-parse --show-toplevel [4ms]
2025-09-29 13:27:47.804 [info] fatal: not a git repository (or any of the parent directories): .git
2025-09-29 13:27:47.804 [info] > git rev-parse --show-toplevel [4ms]
2025-09-29 13:27:47.804 [info] fatal: not a git repository (or any of the parent directories): .git
2025-09-29 13:27:47.804 [info] > git rev-parse --show-toplevel [4ms]
2025-09-29 13:27:47.804 [info] fatal: not a git repository (or any of the parent directories): .git
2025-09-29 13:27:47.804 [info] > git rev-parse --show-toplevel [3ms]
2025-09-29 13:27:47.804 [info] fatal: not a git repository (or any of the parent directories): .git
2025-09-29 13:27:47.804 [info] > git rev-parse --show-toplevel [4ms]
2025-09-29 13:27:47.804 [info] fatal: not a git repository (or any of the parent directories): .git
2025-09-29 13:27:47.804 [info] > git rev-parse --show-toplevel [55ms]
2025-09-29 13:27:47.804 [info] fatal: not a git repository (or any of the parent directories): .git
2025-09-29 13:27:47.808 [info] > git rev-parse --show-toplevel [5ms]
2025-09-29 13:27:47.808 [info] fatal: not a git repository (or any of the parent directories): .git
2025-09-29 13:27:47.872 [info] > git rev-parse --show-toplevel [54ms]
2025-09-29 13:27:47.872 [info] fatal: not a git repository (or any of the parent directories): .git
2025-09-29 13:27:47.924 [info] > git rev-parse --show-toplevel [4ms]
2025-09-29 13:27:47.924 [info] fatal: not a git repository (or any of the parent directories): .git
2025-09-29 13:27:47.936 [info] > git rev-parse --show-toplevel [3ms]
2025-09-29 13:27:47.936 [info] fatal: not a git repository (or any of the parent directories): .git
2025-09-29 13:27:47.950 [info] > git rev-parse --show-toplevel [3ms]
2025-09-29 13:27:47.950 [info] fatal: not a git repository (or any of the parent directories): .git
2025-09-29 13:27:47.963 [info] > git rev-parse --show-toplevel [3ms]
2025-09-29 13:27:47.963 [info] fatal: not a git repository (or any of the parent directories): .git
2025-09-29 13:27:47.976 [info] > git rev-parse --show-toplevel [3ms]
2025-09-29 13:27:47.976 [info] fatal: not a git repository (or any of the parent directories): .git
2025-09-29 13:27:47.988 [info] > git rev-parse --show-toplevel [3ms]
2025-09-29 13:27:47.988 [info] fatal: not a git repository (or any of the parent directories): .git
2025-09-29 13:27:48.001 [info] > git rev-parse --show-toplevel [3ms]
2025-09-29 13:27:48.001 [info] fatal: not a git repository (or any of the parent directories): .git
2025-09-29 13:27:48.013 [info] > git rev-parse --show-toplevel [3ms]
2025-09-29 13:27:48.013 [info] fatal: not a git repository (or any of the parent directories): .git
2025-09-29 13:27:48.026 [info] > git rev-parse --show-toplevel [2ms]
2025-09-29 13:27:48.026 [info] fatal: not a git repository (or any of the parent directories): .git
2025-09-29 13:27:48.039 [info] > git rev-parse --show-toplevel [3ms]
2025-09-29 13:27:48.040 [info] fatal: not a git repository (or any of the parent directories): .git
2025-09-29 13:27:48.053 [info] > git rev-parse --show-toplevel [4ms]
2025-09-29 13:27:48.053 [info] fatal: not a git repository (or any of the parent directories): .git
2025-09-29 13:27:48.066 [info] > git rev-parse --show-toplevel [3ms]
2025-09-29 13:27:48.067 [info] fatal: not a git repository (or any of the parent directories): .git
2025-09-29 13:27:48.080 [info] > git rev-parse --show-toplevel [3ms]
2025-09-29 13:27:48.080 [info] fatal: not a git repository (or any of the parent directories): .git
2025-09-29 13:27:48.094 [info] > git rev-parse --show-toplevel [3ms]
2025-09-29 13:27:48.094 [info] fatal: not a git repository (or any of the parent directories): .git
2025-09-29 13:27:48.106 [info] > git rev-parse --show-toplevel [3ms]
2025-09-29 13:27:48.106 [info] fatal: not a git repository (or any of the parent directories): .git
2025-09-29 13:27:48.119 [info] > git rev-parse --show-toplevel [3ms]
2025-09-29 13:27:48.119 [info] fatal: not a git repository (or any of the parent directories): .git
2025-09-29 13:27:48.132 [info] > git rev-parse --show-toplevel [3ms]
2025-09-29 13:27:48.132 [info] fatal: not a git repository (or any of the parent directories): .git
2025-09-29 13:27:48.145 [info] > git rev-parse --show-toplevel [3ms]
2025-09-29 13:27:48.145 [info] fatal: not a git repository (or any of the parent directories): .git
2025-09-29 13:27:48.164 [info] > git rev-parse --show-toplevel [11ms]
2025-09-29 13:27:48.164 [info] fatal: not a git repository (or any of the parent directories): .git
2025-09-29 13:27:48.177 [info] > git rev-parse --show-toplevel [3ms]
2025-09-29 13:27:48.177 [info] fatal: not a git repository (or any of the parent directories): .git
2025-09-29 13:27:48.189 [info] > git rev-parse --show-toplevel [4ms]
2025-09-29 13:27:48.189 [info] fatal: not a git repository (or any of the parent directories): .git
2025-09-29 13:27:48.201 [info] > git rev-parse --show-toplevel [3ms]
2025-09-29 13:27:48.201 [info] fatal: not a git repository (or any of the parent directories): .git
2025-09-29 13:27:48.215 [info] > git rev-parse --show-toplevel [3ms]
2025-09-29 13:27:48.215 [info] fatal: not a git repository (or any of the parent directories): .git
2025-09-29 13:27:48.221 [info] [Model][doInitialScan] Initial repository scan completed - repositories (0), closed repositories (0), parent repositories (0), unsafe repositories (0)
2025-09-29 13:27:48.234 [info] > git rev-parse --show-toplevel [3ms]
2025-09-29 13:27:48.234 [info] fatal: not a git repository (or any of the parent directories): .git
2025-09-29 13:27:48.248 [info] > git rev-parse --show-toplevel [4ms]
2025-09-29 13:27:48.248 [info] fatal: not a git repository (or any of the parent directories): .git
2025-09-29 13:27:48.262 [info] > git rev-parse --show-toplevel [4ms]
2025-09-29 13:27:48.262 [info] fatal: not a git repository (or any of the parent directories): .git
2025-09-29 13:27:48.384 [info] > git rev-parse --show-toplevel [3ms]
2025-09-29 13:27:48.384 [info] fatal: not a git repository (or any of the parent directories): .git
2025-09-29 13:27:48.548 [info] > git rev-parse --show-toplevel [3ms]
2025-09-29 13:27:48.548 [info] fatal: not a git repository (or any of the parent directories): .git
2025-09-29 13:27:56.122 [info] > git init -b main [15ms]
2025-09-29 13:27:56.134 [info] > git rev-parse --show-toplevel [3ms]
2025-09-29 13:27:56.159 [info] > git rev-parse --git-dir --git-common-dir --show-superproject-working-tree [15ms]
2025-09-29 13:27:56.184 [info] [Model][openRepository] Opened repository (path): /home/rohan/.config
2025-09-29 13:27:56.184 [info] [Model][openRepository] Opened repository (real path): /home/rohan/.config
2025-09-29 13:27:56.184 [info] [Model][openRepository] Opened repository (kind): repository
2025-09-29 13:27:56.208 [info] > git config --get commit.template [4ms]
2025-09-29 13:27:56.221 [info] [Git][getRemotes] No remotes found in the git config file
2025-09-29 13:27:56.224 [info] > git for-each-ref --format=%(refname)%00%(upstream:short)%00%(objectname)%00%(upstream:track)%00%(upstream:remotename)%00%(upstream:remoteref) refs/heads/main refs/remotes/main [5ms]
2025-09-29 13:27:56.225 [warning] [Git][getBranch] No such branch: main
2025-09-29 13:27:56.269 [info] > git status -z -uall [33ms]
2025-09-29 13:27:56.269 [info] > git for-each-ref --sort -committerdate --format %(refname)%00%(objectname)%00%(*objectname) [21ms]
2025-09-29 13:27:56.531 [info] > git for-each-ref --format=%(refname)%00%(upstream:short)%00%(objectname)%00%(upstream:track)%00%(upstream:remotename)%00%(upstream:remoteref) refs/heads/main refs/remotes/main [220ms]
2025-09-29 13:27:56.531 [warning] [Git][getBranch] No such branch: main
2025-09-29 13:27:56.533 [error] [GitHistoryProvider][resolveHEADMergeBase] Failed to resolve merge base for main: Error: No such branch: main.
2025-09-29 13:27:56.556 [info] > git config --get commit.template [29ms]
2025-09-29 13:27:56.567 [info] [Git][getRemotes] No remotes found in the git config file
2025-09-29 13:27:56.570 [info] > git for-each-ref --format=%(refname)%00%(upstream:short)%00%(objectname)%00%(upstream:track)%00%(upstream:remotename)%00%(upstream:remoteref) refs/heads/main refs/remotes/main [3ms]
2025-09-29 13:27:56.570 [warning] [Git][getBranch] No such branch: main
2025-09-29 13:27:56.610 [info] > git status -z -uall [28ms]
2025-09-29 13:27:56.614 [info] > git for-each-ref --sort -committerdate --format %(refname)%00%(objectname)%00%(*objectname) [19ms]
2025-09-29 13:27:56.880 [info] > git log --format=%H%n%aN%n%aE%n%at%n%ct%n%P%n%D%n%B -z --shortstat --diff-merges=first-parent -n50 --skip=0 --topo-order --decorate=full --stdin [149ms]
2025-09-29 13:27:56.880 [info] fatal: bad revision 'refs/heads/main'
2025-09-29 13:27:56.881 [error] [GitHistoryProvider][provideHistoryItems] Failed to get history items with options '{"historyItemRefs":["refs/heads/main"],"limit":50,"skip":0}': Failed to execute git {
  "exitCode": 128,
  "gitCommand": "log",
  "stdout": "",
  "stderr": "fatal: bad revision 'refs/heads/main'\n"
}
2025-09-29 13:27:57.223 [info] > git check-ignore -v -z --stdin [3ms]
2025-09-29 13:27:57.909 [info] [Git][getRemotes] No remotes found in the git config file
2025-09-29 13:27:57.910 [info] > git config --get commit.template [12ms]
2025-09-29 13:27:57.912 [info] > git for-each-ref --format=%(refname)%00%(upstream:short)%00%(objectname)%00%(upstream:track)%00%(upstream:remotename)%00%(upstream:remoteref) refs/heads/main refs/remotes/main [3ms]
2025-09-29 13:27:57.912 [warning] [Git][getBranch] No such branch: main
2025-09-29 13:27:57.935 [info] > git for-each-ref --sort -committerdate --format %(refname)%00%(objectname)%00%(*objectname) [3ms]
2025-09-29 13:27:57.940 [info] > git status -z -uall [18ms]
2025-09-29 13:28:02.985 [info] [Git][getRemotes] No remotes found in the git config file
2025-09-29 13:28:02.986 [info] > git config --get commit.template [12ms]
2025-09-29 13:28:02.988 [info] > git for-each-ref --format=%(refname)%00%(upstream:short)%00%(objectname)%00%(upstream:track)%00%(upstream:remotename)%00%(upstream:remoteref) refs/heads/main refs/remotes/main [4ms]
2025-09-29 13:28:02.988 [warning] [Git][getBranch] No such branch: main
2025-09-29 13:28:03.010 [info] > git for-each-ref --sort -committerdate --format %(refname)%00%(objectname)%00%(*objectname) [4ms]
2025-09-29 13:28:03.015 [info] > git status -z -uall [17ms]
2025-09-29 13:28:08.056 [info] [Git][getRemotes] No remotes found in the git config file
2025-09-29 13:28:08.058 [info] > git config --get commit.template [13ms]
2025-09-29 13:28:08.060 [info] > git for-each-ref --format=%(refname)%00%(upstream:short)%00%(objectname)%00%(upstream:track)%00%(upstream:remotename)%00%(upstream:remoteref) refs/heads/main refs/remotes/main [4ms]
2025-09-29 13:28:08.060 [warning] [Git][getBranch] No such branch: main
2025-09-29 13:28:08.084 [info] > git for-each-ref --sort -committerdate --format %(refname)%00%(objectname)%00%(*objectname) [3ms]
2025-09-29 13:28:08.087 [info] > git status -z -uall [18ms]
2025-09-29 13:28:13.122 [info] [Git][getRemotes] No remotes found in the git config file
2025-09-29 13:28:13.133 [info] > git config --get commit.template [13ms]
2025-09-29 13:28:13.135 [info] > git for-each-ref --format=%(refname)%00%(upstream:short)%00%(objectname)%00%(upstream:track)%00%(upstream:remotename)%00%(upstream:remoteref) refs/heads/main refs/remotes/main [4ms]
2025-09-29 13:28:13.135 [warning] [Git][getBranch] No such branch: main
2025-09-29 13:28:13.161 [info] > git for-each-ref --sort -committerdate --format %(refname)%00%(objectname)%00%(*objectname) [4ms]
2025-09-29 13:28:13.164 [info] > git status -z -uall [17ms]
2025-09-29 13:28:19.471 [info] [Git][getRemotes] No remotes found in the git config file
2025-09-29 13:28:19.473 [info] > git config --get commit.template [14ms]
2025-09-29 13:28:19.475 [info] > git for-each-ref --format=%(refname)%00%(upstream:short)%00%(objectname)%00%(upstream:track)%00%(upstream:remotename)%00%(upstream:remoteref) refs/heads/main refs/remotes/main [4ms]
2025-09-29 13:28:19.475 [warning] [Git][getBranch] No such branch: main
2025-09-29 13:28:19.502 [info] > git for-each-ref --sort -committerdate --format %(refname)%00%(objectname)%00%(*objectname) [3ms]
2025-09-29 13:28:19.506 [info] > git status -z -uall [18ms]
2025-09-29 13:28:24.546 [info] [Git][getRemotes] No remotes found in the git config file
2025-09-29 13:28:24.547 [info] > git config --get commit.template [14ms]
2025-09-29 13:28:24.548 [info] > git for-each-ref --format=%(refname)%00%(upstream:short)%00%(objectname)%00%(upstream:track)%00%(upstream:remotename)%00%(upstream:remoteref) refs/heads/main refs/remotes/main [3ms]
2025-09-29 13:28:24.549 [warning] [Git][getBranch] No such branch: main
2025-09-29 13:28:24.572 [info] > git for-each-ref --sort -committerdate --format %(refname)%00%(objectname)%00%(*objectname) [3ms]
2025-09-29 13:28:24.576 [info] > git status -z -uall [18ms]
2025-09-29 13:28:26.849 [info] > git add -A -- .vscode/settings.json Code/.org.chromium.Chromium.0z0Bbt Code/.org.chromium.Chromium.3LX7ul Code/.org.chromium.Chromium.IAJOn4 Code/.org.chromium.Chromium.TAdG6w Code/.org.chromium.Chromium.aCo9CZ Code/Backups/d1630106495fc1ed5963e248ff3152ca/file/-7fd447a8 Code/Cache/Cache_Data/00493cae26813116_0 Code/Cache/Cache_Data/0bee00e681aad951_0 Code/Cache/Cache_Data/1058d96a345c3c70_0 Code/Cache/Cache_Data/19143e8946fab039_0 Code/Cache/Cache_Data/19143e8946fab039_s Code/Cache/Cache_Data/1a7dae7ab8834057_0 Code/Cache/Cache_Data/29b64fba0585f61c_0 Code/Cache/Cache_Data/2e1a1af56e1dd433_0 Code/Cache/Cache_Data/323c4847f42b636f_0 Code/Cache/Cache_Data/341b585d9fc66d1e_0 Code/Cache/Cache_Data/35afda5118c3d0a7_0 Code/Cache/Cache_Data/390737ca1e7dbec2_0 Code/Cache/Cache_Data/3e934936d15aa8cd_0 Code/Cache/Cache_Data/437642c948894ee0_0 Code/Cache/Cache_Data/45be081b7557b6f2_0 Code/Cache/Cache_Data/4d73d3d53471e410_0 Code/Cache/Cache_Data/4e16b0cb185be24b_0 Code/Cache/Cache_Data/4f89d8300110b75e_0 Code/Cache/Cache_Data/4f89d8300110b75e_s Code/Cache/Cache_Data/5283edf90cf4ab50_0 Code/Cache/Cache_Data/52cd4894415e6092_0 Code/Cache/Cache_Data/67c0c1567597bdb8_0 Code/Cache/Cache_Data/6c0442ee8d854854_0 Code/Cache/Cache_Data/6d7e783053f2a1f6_0 Code/Cache/Cache_Data/787a22ca0f9dcea2_0 Code/Cache/Cache_Data/787a22ca0f9dcea2_s Code/Cache/Cache_Data/7f4debb2eac192f1_0 Code/Cache/Cache_Data/81d4bb4ccc457efe_0 Code/Cache/Cache_Data/859fc105e9f94987_0 Code/Cache/Cache_Data/8bbcc2fc14000c1a_0 Code/Cache/Cache_Data/9d4777dc09b8f67f_0 Code/Cache/Cache_Data/9d4777dc09b8f67f_s Code/Cache/Cache_Data/9f50bddbd978eddd_0 Code/Cache/Cache_Data/a05785a72c64fc1d_0 Code/Cache/Cache_Data/a40dc7079f2cca77_0 Code/Cache/Cache_Data/a46d9027e9ba44c9_0 Code/Cache/Cache_Data/a577dad863b745b4_0 Code/Cache/Cache_Data/a8a3034978d12dd3_0 Code/Cache/Cache_Data/ab854bab4798c9ee_0 Code/Cache/Cache_Data/ab854bab4798c9ee_s Code/Cache/Cache_Data/b9baff5d7d666336_0 Code/Cache/Cache_Data/c1b3b03121c6cfc0_0 Code/Cache/Cache_Data/c3d48fcd6b6a79ce_0 Code/Cache/Cache_Data/cb0ac62c97bafdd3_0 Code/Cache/Cache_Data/cc7f2b8d72c337ea_0 Code/Cache/Cache_Data/ccae052022adbe03_0 Code/Cache/Cache_Data/cf40cab85ce35ab9_0 Code/Cache/Cache_Data/d121e2a6335b7510_0 Code/Cache/Cache_Data/dbf2e7ac88ca8814_0 Code/Cache/Cache_Data/e02572225c15a615_0 Code/Cache/Cache_Data/e2f39a8c049923b0_0 Code/Cache/Cache_Data/f0107a0ac1f3c707_0 Code/Cache/Cache_Data/f0107a0ac1f3c707_s Code/Cache/Cache_Data/f1c59f1549c2d2f7_0 Code/Cache/Cache_Data/f1c59f1549c2d2f7_s Code/Cache/Cache_Data/f30ddc9f84995331_0 Code/Cache/Cache_Data/fe7adcaa590958f4_0 Code/Cache/Cache_Data/fe7adcaa590958f4_s Code/Cache/Cache_Data/fe9c57a5466b07c2_0 Code/Cache/Cache_Data/index Code/Cache/Cache_Data/index-dir/the-real-index Code/CachedConfigurations/defaults/configurationDefaultsOverrides/configuration.json Code/CachedData/488a1f239235055e34e673291fb8d8c810886f81/chrome/js/0bf0401218fed083_0 Code/CachedData/488a1f239235055e34e673291fb8d8c810886f81/chrome/js/13e5d16eabe9c2ab_0 Code/CachedData/488a1f239235055e34e673291fb8d8c810886f81/chrome/js/38a4e8cffd28d5b6_0 Code/CachedData/488a1f239235055e34e673291fb8d8c810886f81/chrome/js/38cb9b7c37bf5292_0 Code/CachedData/488a1f239235055e34e673291fb8d8c810886f81/chrome/js/3d2357608bb49eee_0 Code/CachedData/488a1f239235055e34e673291fb8d8c810886f81/chrome/js/423da7a6bb0eee61_0 Code/CachedData/488a1f239235055e34e673291fb8d8c810886f81/chrome/js/4779055b5b766dda_0 Code/CachedData/488a1f239235055e34e673291fb8d8c810886f81/chrome/js/4a9120bfaa56ead8_0 Code/CachedData/488a1f239235055e34e673291fb8d8c810886f81/chrome/js/919034e71e6ed9d6_0 Code/CachedData/488a1f239235055e34e673291fb8d8c810886f81/chrome/js/932b5a5b21318297_0 Code/CachedData/488a1f239235055e34e673291fb8d8c810886f81/chrome/js/9403e415718f7072_0 Code/CachedData/488a1f239235055e34e673291fb8d8c810886f81/chrome/js/ca924281fbb76c23_0 Code/CachedData/488a1f239235055e34e673291fb8d8c810886f81/chrome/js/d7c68ea213de5f42_0 Code/CachedData/488a1f239235055e34e673291fb8d8c810886f81/chrome/js/e5e8c8a5efe088fc_0 Code/CachedData/488a1f239235055e34e673291fb8d8c810886f81/chrome/js/f20da38f81728d3f_0 Code/CachedData/488a1f239235055e34e673291fb8d8c810886f81/chrome/js/fe35e4e986c78749_0 Code/CachedData/488a1f239235055e34e673291fb8d8c810886f81/chrome/js/index Code/CachedData/488a1f239235055e34e673291fb8d8c810886f81/chrome/js/index-dir/the-real-index Code/CachedData/488a1f239235055e34e673291fb8d8c810886f81/chrome/wasm/index Code/CachedData/488a1f239235055e34e673291fb8d8c810886f81/chrome/wasm/index-dir/the-real-index Code/CachedData/6f17636121051a53c88d3e605c491d22af2ba755/chrome/js/07978f717d62a16f_0 Code/CachedData/6f17636121051a53c88d3e605c491d22af2ba755/chrome/js/094357c70784c980_0 Code/CachedData/6f17636121051a53c88d3e605c491d22af2ba755/chrome/js/12689878c6f411ba_0 Code/CachedData/6f17636121051a53c88d3e605c491d22af2ba755/chrome/js/4c5609cf1dc2d914_0 Code/CachedData/6f17636121051a53c88d3e605c491d22af2ba755/chrome/js/4f396af3a31bab7e_0 Code/CachedData/6f17636121051a53c88d3e605c491d22af2ba755/chrome/js/5345cb75dbbdc121_0 Code/CachedData/6f17636121051a53c88d3e605c491d22af2ba755/chrome/js/7675da54a7f94748_0 Code/CachedData/6f17636121051a53c88d3e605c491d22af2ba755/chrome/js/900975092c67564a_0 Code/CachedData/6f17636121051a53c88d3e605c491d22af2ba755/chrome/js/9921bb9a2cde79f8_0 Code/CachedData/6f17636121051a53c88d3e605c491d22af2ba755/chrome/js/a8710858f9b7b73f_0 Code/CachedData/6f17636121051a53c88d3e605c491d22af2ba755/chrome/js/af3158022e83f053_0 Code/CachedData/6f17636121051a53c88d3e605c491d22af2ba755/chrome/js/c875a57a08f475b1_0 Code/CachedData/6f17636121051a53c88d3e605c491d22af2ba755/chrome/js/d3eb67808150c7dc_0 Code/CachedData/6f17636121051a53c88d3e605c491d22af2ba755/chrome/js/eb46cb577fdbabeb_0 Code/CachedData/6f17636121051a53c88d3e605c491d22af2ba755/chrome/js/fe5f1a2dff62edf2_0 Code/CachedData/6f17636121051a53c88d3e605c491d22af2ba755/chrome/js/index Code/CachedData/6f17636121051a53c88d3e605c491d22af2ba755/chrome/js/index-dir/the-real-index Code/CachedData/6f17636121051a53c88d3e605c491d22af2ba755/chrome/wasm/index Code/CachedData/6f17636121051a53c88d3e605c491d22af2ba755/chrome/wasm/index-dir/the-real-index Code/CachedProfilesData/__default__profile__/extensions.builtin.cache Code/CachedProfilesData/__default__profile__/extensions.user.cache Code/Code Cache/js/index Code/Code Cache/js/index-dir/the-real-index Code/Code Cache/wasm/index Code/Code Cache/wasm/index-dir/the-real-index Code/Cookies Code/Cookies-journal Code/Crashpad/client_id Code/Crashpad/settings.dat Code/DIPS Code/DIPS-wal Code/DawnGraphiteCache/data_0 Code/DawnGraphiteCache/data_1 Code/DawnGraphiteCache/data_2 Code/DawnGraphiteCache/data_3 Code/DawnGraphiteCache/index Code/DawnWebGPUCache/data_0 Code/DawnWebGPUCache/data_1 Code/DawnWebGPUCache/data_2 Code/DawnWebGPUCache/data_3 Code/DawnWebGPUCache/index Code/Dictionaries/en-US-10-1.bdic Code/GPUCache/data_0 Code/GPUCache/data_1 Code/GPUCache/data_2 Code/GPUCache/data_3 Code/GPUCache/index Code/Local Storage/leveldb/000003.log Code/Local Storage/leveldb/CURRENT Code/Local Storage/leveldb/LOCK Code/Local Storage/leveldb/LOG Code/Local Storage/leveldb/LOG.old Code/Local Storage/leveldb/MANIFEST-000001 Code/Network Persistent State Code/Preferences Code/Session Storage/000003.log Code/Session Storage/CURRENT Code/Session Storage/LOCK Code/Session Storage/LOG Code/Session Storage/LOG.old Code/Session Storage/MANIFEST-000001 Code/Shared Dictionary/cache/index Code/Shared Dictionary/cache/index-dir/the-real-index Code/Shared Dictionary/db Code/Shared Dictionary/db-journal Code/SharedStorage Code/SharedStorage-wal Code/TransportSecurity Code/Trust Tokens Code/Trust Tokens-journal Code/User/History/-188c9b34/0cGy.css Code/User/History/-188c9b34/0vjY.css Code/User/History/-188c9b34/2Noh.css Code/User/History/-188c9b34/3qa9.css Code/User/History/-188c9b34/4M7C.css Code/User/History/-188c9b34/4auw.css Code/User/History/-188c9b34/5LVC.css Code/User/History/-188c9b34/5jZM.css Code/User/History/-188c9b34/6AJK.css Code/User/History/-188c9b34/8Pkt.css Code/User/History/-188c9b34/9o0r.css Code/User/History/-188c9b34/A7b2.css Code/User/History/-188c9b34/AcHC.css Code/User/History/-188c9b34/B26s.css Code/User/History/-188c9b34/EEAv.css Code/User/History/-188c9b34/F2VK.css Code/User/History/-188c9b34/FYjm.css Code/User/History/-188c9b34/Gtrr.css Code/User/History/-188c9b34/HC9t.css Code/User/History/-188c9b34/HUOu.css Code/User/History/-188c9b34/JaFr.css Code/User/History/-188c9b34/JgS3.css Code/User/History/-188c9b34/MXZR.css Code/User/History/-188c9b34/P6ZV.css Code/User/History/-188c9b34/PNeR.css Code/User/History/-188c9b34/RNxJ.css Code/User/History/-188c9b34/TYGx.css Code/User/History/-188c9b34/XDTZ.css Code/User/History/-188c9b34/a2vj.css Code/User/History/-188c9b34/aCK5.css Code/User/History/-188c9b34/enRV.css Code/User/History/-188c9b34/entries.json Code/User/History/-188c9b34/gol4.css Code/User/History/-188c9b34/iEAD.css Code/User/History/-188c9b34/iciC.css Code/User/History/-188c9b34/jQga.css Code/User/History/-188c9b34/jWp1.css Code/User/History/-188c9b34/ks8g.css Code/User/History/-188c9b34/oHr2.css Code/User/History/-188c9b34/p4G4.css Code/User/History/-188c9b34/rBKf.css Code/User/History/-188c9b34/sGYG.css Code/User/History/-188c9b34/sW9N.css Code/User/History/-188c9b34/seVU.css Code/User/History/-188c9b34/vhKN.css Code/User/History/-188c9b34/x3DA.css Code/User/History/-188c9b34/yQAl.css Code/User/History/-188c9b34/ytvR.css Code/User/History/-23a13e51/5OIC.json Code/User/History/-23a13e51/6aNg.json Code/User/History/-23a13e51/GuZM.json Code/User/History/-23a13e51/entries.json Code/User/History/-23a13e51/lJf9.json Code/User/History/-23a13e51/qY2Y.json Code/User/History/-31f5043c/0LRR.conf Code/User/History/-31f5043c/2PaJ.conf Code/User/History/-31f5043c/3OCK.conf Code/User/History/-31f5043c/52NX.conf Code/User/History/-31f5043c/8AV8.conf Code/User/History/-31f5043c/8EPe.conf Code/User/History/-31f5043c/8o7B.conf Code/User/History/-31f5043c/9Xrl.conf Code/User/History/-31f5043c/ALWh.conf Code/User/History/-31f5043c/ANm3.conf Code/User/History/-31f5043c/DZBf.conf Code/User/History/-31f5043c/EWis.conf Code/User/History/-31f5043c/EyIf.conf Code/User/History/-31f5043c/HHbZ.conf Code/User/History/-31f5043c/INFw.conf Code/User/History/-31f5043c/J7Ay.conf Code/User/History/-31f5043c/Og3r.conf Code/User/History/-31f5043c/RiBX.conf Code/User/History/-31f5043c/SGYt.conf Code/User/History/-31f5043c/SQ1E.conf Code/User/History/-31f5043c/UePK.conf Code/User/History/-31f5043c/Vylu.conf Code/User/History/-31f5043c/WnvS.conf Code/User/History/-31f5043c/X27E.conf Code/User/History/-31f5043c/cV7q.conf Code/User/History/-31f5043c/ceQD.conf Code/User/History/-31f5043c/e3zl.conf Code/User/History/-31f5043c/eRsm.conf Code/User/History/-31f5043c/entries.json Code/User/History/-31f5043c/fJr0.conf Code/User/History/-31f5043c/iZYs.conf Code/User/History/-31f5043c/j9Ay.conf Code/User/History/-31f5043c/jG7b.conf Code/User/History/-31f5043c/jfsb.conf Code/User/History/-31f5043c/mB2p.conf Code/User/History/-31f5043c/mPFQ.conf Code/User/History/-31f5043c/mq9H.conf Code/User/History/-31f5043c/mtVh.conf Code/User/History/-31f5043c/nY2b.conf Code/User/History/-31f5043c/oflO.conf Code/User/History/-31f5043c/q4UQ.conf Code/User/History/-31f5043c/qNT7.conf Code/User/History/-31f5043c/qtBu.conf Code/User/History/-31f5043c/rVUi.conf Code/User/History/-31f5043c/uIsg.conf Code/User/History/-31f5043c/upco.conf Code/User/History/-31f5043c/vdil.conf Code/User/History/-31f5043c/wSXc.conf Code/User/History/-31f5043c/xdEa.conf Code/User/History/-31f5043c/yHmm.conf Code/User/History/-31f5043c/yXr9.conf Code/User/History/-4d9dfc52/1cMU.json Code/User/History/-4d9dfc52/1maQ.json Code/User/History/-4d9dfc52/2XVT.json Code/User/History/-4d9dfc52/5OsM.json Code/User/History/-4d9dfc52/B4h8.json Code/User/History/-4d9dfc52/Dfjc.json Code/User/History/-4d9dfc52/FnjL.json Code/User/History/-4d9dfc52/GBl5.json Code/User/History/-4d9dfc52/KxMh.json Code/User/History/-4d9dfc52/M3GL.json Code/User/History/-4d9dfc52/QVpX.json Code/User/History/-4d9dfc52/QbZe.json Code/User/History/-4d9dfc52/ZI6T.json Code/User/History/-4d9dfc52/ZRLH.json Code/User/History/-4d9dfc52/bqaB.json Code/User/History/-4d9dfc52/entries.json Code/User/History/-4d9dfc52/hfd6.json Code/User/History/-4d9dfc52/ihC3.json Code/User/History/-4d9dfc52/ooec.json Code/User/History/-4d9dfc52/tDLQ.json Code/User/History/-4d9dfc52/u3A8.json Code/User/History/-4d9dfc52/uIFg.json Code/User/History/-4d9dfc52/uVk8.json Code/User/History/-4d9dfc52/wIvb.json Code/User/History/-57bcd8bf/Bchz Code/User/History/-57bcd8bf/EhQA Code/User/History/-57bcd8bf/SeGy Code/User/History/-57bcd8bf/Sjd5 Code/User/History/-57bcd8bf/entries.json Code/User/History/-57bcd8bf/sAGA Code/User/History/-57bcd8bf/zPy7 Code/User/History/-70c4639c/IOUo Code/User/History/-70c4639c/entries.json Code/User/History/-70c4639c/n3vf Code/User/History/-70c4639c/ukeF Code/User/History/3a3c1369/2mUl.conf Code/User/History/3a3c1369/Qd6S.conf Code/User/History/3a3c1369/SEbX.conf Code/User/History/3a3c1369/entries.json Code/User/History/3cae5830/5RGt.json Code/User/History/3cae5830/KAGe.json Code/User/History/3cae5830/VfVC.json Code/User/History/3cae5830/entries.json Code/User/History/3cae5830/uFgW.json Code/User/History/4268d084/8ZDp.conf Code/User/History/4268d084/CWxn.conf Code/User/History/4268d084/cMC8.conf Code/User/History/4268d084/dYVt.conf Code/User/History/4268d084/entries.json Code/User/History/4268d084/fB0f.conf Code/User/History/4f0d58fe/GTKv.css Code/User/History/4f0d58fe/GhTM.css Code/User/History/4f0d58fe/entries.json Code/User/History/4f0d58fe/nGNg.css Code/User/History/7a32afe7/0Cs1.css Code/User/History/7a32afe7/2jTk.css Code/User/History/7a32afe7/7VTI.css Code/User/History/7a32afe7/7cWx.css Code/User/History/7a32afe7/94En.css Code/User/History/7a32afe7/9kXK.css Code/User/History/7a32afe7/JPQN.css Code/User/History/7a32afe7/Kv1C.css Code/User/History/7a32afe7/M0kL.css Code/User/History/7a32afe7/UCa0.css Code/User/History/7a32afe7/UbH0.css Code/User/History/7a32afe7/V5i7.css Code/User/History/7a32afe7/ZoZu.css Code/User/History/7a32afe7/aetB.css Code/User/History/7a32afe7/bxdp.css Code/User/History/7a32afe7/entries.json Code/User/History/7a32afe7/fcye.css Code/User/History/7a32afe7/gUqe.css Code/User/History/7a32afe7/gvrg.css Code/User/History/7a32afe7/z78D.css Code/User/globalStorage/state.vscdb Code/User/globalStorage/state.vscdb.backup Code/User/globalStorage/storage.json Code/User/settings.json Code/User/workspaceStorage/83164974d2eebc8cb3d25ae24180dfe9/state.vscdb Code/User/workspaceStorage/83164974d2eebc8cb3d25ae24180dfe9/state.vscdb.backup Code/User/workspaceStorage/83164974d2eebc8cb3d25ae24180dfe9/workspace.json Code/code.lock Code/languagepacks.json Code/logs/20250905T190722/main.log Code/logs/20250905T190722/network-shared.log Code/logs/20250905T190722/remoteTunnelService.log Code/logs/20250905T190722/sharedprocess.log Code/logs/20250905T190722/telemetry.log Code/logs/20250905T190722/userDataSync.log Code/logs/20250905T190722/window1/renderer.log Code/logs/20250905T190722/window1/views.log Code/logs/20250905T190725/main.log Code/logs/20250905T190725/window1/renderer.log Code/logs/20250905T190725/window1/views.log Code/logs/20250907T092357/editSessions.log Code/logs/20250907T092357/main.log Code/logs/20250907T092357/network-shared.log Code/logs/20250907T092357/remoteTunnelService.log Code/logs/20250907T092357/sharedprocess.log Code/logs/20250907T092357/telemetry.log Code/logs/20250907T092357/terminal.log Code/logs/20250907T092357/userDataSync.log Code/logs/20250907T092357/window1/exthost/extHostTelemetry.log Code/logs/20250907T092357/window1/exthost/exthost.log Code/logs/20250907T092357/window1/exthost/vscode.css-language-features/CSS Language Server.log Code/logs/20250907T092357/window1/exthost/vscode.git/Git.log Code/logs/20250907T092357/window1/exthost/vscode.github-authentication/GitHub Authentication.log Code/logs/20250907T092357/window1/exthost/vscode.github/GitHub.log Code/logs/20250907T092357/window1/exthost/vscode.json-language-features/JSON Language Server.log Code/logs/20250907T092357/window1/network.log Code/logs/20250907T092357/window1/notebook.rendering.log Code/logs/20250907T092357/window1/output_20250907T092358/tasks.log Code/logs/20250907T092357/window1/renderer.log Code/logs/20250907T092357/window1/textModelChanges.log Code/logs/20250907T092357/window1/views.log Code/logs/20250907T100736/editSessions.log Code/logs/20250907T100736/main.log Code/logs/20250907T100736/network-shared.log Code/logs/20250907T100736/remoteTunnelService.log Code/logs/20250907T100736/sharedprocess.log Code/logs/20250907T100736/telemetry.log Code/logs/20250907T100736/terminal.log Code/logs/20250907T100736/userDataSync.log Code/logs/20250907T100736/window1/exthost/extHostTelemetry.log Code/logs/20250907T100736/window1/exthost/exthost.log Code/logs/20250907T100736/window1/exthost/vscode.github-authentication/GitHub Authentication.log Code/logs/20250907T100736/window1/exthost/vscode.github/GitHub.log Code/logs/20250907T100736/window1/network.log Code/logs/20250907T100736/window1/notebook.rendering.log Code/logs/20250907T100736/window1/output_20250907T100737/tasks.log Code/logs/20250907T100736/window1/renderer.log Code/logs/20250907T100736/window1/textModelChanges.log Code/logs/20250907T100736/window1/views.log Code/logs/20250908T103024/editSessions.log Code/logs/20250908T103024/main.log Code/logs/20250908T103024/network-shared.log Code/logs/20250908T103024/remoteTunnelService.log Code/logs/20250908T103024/sharedprocess.log Code/logs/20250908T103024/telemetry.log Code/logs/20250908T103024/terminal.log Code/logs/20250908T103024/userDataSync.log Code/logs/20250908T103024/window1/exthost/extHostTelemetry.log Code/logs/20250908T103024/window1/exthost/exthost.log Code/logs/20250908T103024/window1/exthost/vscode.git/Git.log Code/logs/20250908T103024/window1/exthost/vscode.github-authentication/GitHub Authentication.log Code/logs/20250908T103024/window1/exthost/vscode.github/GitHub.log Code/logs/20250908T103024/window1/fileWatcher.log Code/logs/20250908T103024/window1/network.log Code/logs/20250908T103024/window1/notebook.rendering.log Code/logs/20250908T103024/window1/output_20250908T103025/tasks.log Code/logs/20250908T103024/window1/output_20250908T103035/tasks.log Code/logs/20250908T103024/window1/renderer.log Code/logs/20250908T103024/window1/textModelChanges.log Code/logs/20250908T103024/window1/views.log Code/logs/20250908T122143/editSessions.log Code/logs/20250908T122143/main.log Code/logs/20250908T122143/network-shared.log Code/logs/20250908T122143/remoteTunnelService.log Code/logs/20250908T122143/sharedprocess.log Code/logs/20250908T122143/telemetry.log Code/logs/20250908T122143/terminal.log Code/logs/20250908T122143/userDataSync.log Code/logs/20250908T122143/window1/exthost/extHostTelemetry.log Code/logs/20250908T122143/window1/exthost/exthost.log Code/logs/20250908T122143/window1/exthost/vscode.git/Git.log Code/logs/20250908T122143/window1/exthost/vscode.github-authentication/GitHub Authentication.log Code/logs/20250908T122143/window1/exthost/vscode.github/GitHub.log Code/logs/20250908T122143/window1/network.log Code/logs/20250908T122143/window1/notebook.rendering.log Code/logs/20250908T122143/window1/output_20250908T122145/tasks.log Code/logs/20250908T122143/window1/renderer.log Code/logs/20250908T122143/window1/textModelChanges.log Code/logs/20250908T122143/window1/views.log Code/logs/20250911T081239/editSessions.log Code/logs/20250911T081239/main.log Code/logs/20250911T081239/network-shared.log Code/logs/20250911T081239/remoteTunnelService.log Code/logs/20250911T081239/sharedprocess.log Code/logs/20250911T081239/telemetry.log Code/logs/20250911T081239/terminal.log Code/logs/20250911T081239/userDataSync.log Code/logs/20250911T081239/window1/exthost/extHostTelemetry.log Code/logs/20250911T081239/window1/exthost/exthost.log Code/logs/20250911T081239/window1/exthost/vscode.git/Git.log Code/logs/20250911T081239/window1/exthost/vscode.github-authentication/GitHub Authentication.log Code/logs/20250911T081239/window1/exthost/vscode.github/GitHub.log Code/logs/20250911T081239/window1/network.log Code/logs/20250911T081239/window1/notebook.rendering.log Code/logs/20250911T081239/window1/output_20250911T081243/tasks.log Code/logs/20250911T081239/window1/renderer.log Code/logs/20250911T081239/window1/textModelChanges.log Code/logs/20250911T081239/window1/views.log Code/logs/20250911T090300/editSessions.log Code/logs/20250911T090300/main.log Code/logs/20250911T090300/network-shared.log Code/logs/20250911T090300/remoteTunnelService.log Code/logs/20250911T090300/sharedprocess.log Code/logs/20250911T090300/telemetry.log Code/logs/20250911T090300/terminal.log Code/logs/20250911T090300/userDataSync.log Code/logs/20250911T090300/window1/exthost/extHostTelemetry.log Code/logs/20250911T090300/window1/exthost/exthost.log Code/logs/20250911T090300/window1/exthost/vscode.git/Git.log Code/logs/20250911T090300/window1/exthost/vscode.github-authentication/GitHub Authentication.log Code/logs/20250911T090300/window1/exthost/vscode.github/GitHub.log Code/logs/20250911T090300/window1/exthost/vscode.json-language-features/JSON Language Server.log Code/logs/20250911T090300/window1/network.log Code/logs/20250911T090300/window1/notebook.rendering.log Code/logs/20250911T090300/window1/output_20250911T090304/tasks.log Code/logs/20250911T090300/window1/renderer.log Code/logs/20250911T090300/window1/textModelChanges.log Code/logs/20250911T090300/window1/views.log Code/logs/20250914T190606/editSessions.log Code/logs/20250914T190606/main.log Code/logs/20250914T190606/network-shared.log Code/logs/20250914T190606/remoteTunnelService.log Code/logs/20250914T190606/sharedprocess.log Code/logs/20250914T190606/telemetry.log Code/logs/20250914T190606/terminal.log Code/logs/20250914T190606/userDataSync.log Code/logs/20250914T190606/window1/exthost/extHostTelemetry.log Code/logs/20250914T190606/window1/exthost/exthost.log Code/logs/20250914T190606/window1/exthost/vscode.git/Git.log Code/logs/20250914T190606/window1/exthost/vscode.github-authentication/GitHub Authentication.log Code/logs/20250914T190606/window1/exthost/vscode.github/GitHub.log Code/logs/20250914T190606/window1/network.log Code/logs/20250914T190606/window1/notebook.rendering.log Code/logs/20250914T190606/window1/output_20250914T190609/tasks.log Code/logs/20250914T190606/window1/renderer.log Code/logs/20250914T190606/window1/textModelChanges.log Code/logs/20250914T190606/window1/views.log Code/logs/20250929T132742/editSessions.log Code/logs/20250929T132742/main.log Code/logs/20250929T132742/network-shared.log Code/logs/20250929T132742/remoteTunnelService.log Code/logs/20250929T132742/sharedprocess.log Code/logs/20250929T132742/telemetry.log Code/logs/20250929T132742/terminal.log Code/logs/20250929T132742/userDataSync.log Code/logs/20250929T132742/window1/exthost/extHostTelemetry.log Code/logs/20250929T132742/window1/exthost/exthost.log Code/logs/20250929T132742/window1/exthost/vscode.git/Git.log Code/logs/20250929T132742/window1/exthost/vscode.github-authentication/GitHub Authentication.log Code/logs/20250929T132742/window1/exthost/vscode.github/GitHub.log Code/logs/20250929T132742/window1/network.log Code/logs/20250929T132742/window1/notebook.rendering.log Code/logs/20250929T132742/window1/output_20250929T132746/tasks.log Code/logs/20250929T132742/window1/renderer.log Code/logs/20250929T132742/window1/textModelChanges.log Code/logs/20250929T132742/window1/views.log Code/machineid GIMP/2.10/action-history GIMP/2.10/colorrc GIMP/2.10/contextrc GIMP/2.10/controllerrc GIMP/2.10/devicerc GIMP/2.10/dockrc GIMP/2.10/internal-data/custom.ggr GIMP/2.10/menurc GIMP/2.10/parasiterc GIMP/2.10/pluginrc GIMP/2.10/sessionrc GIMP/2.10/tags.xml GIMP/2.10/templaterc GIMP/2.10/themerc GIMP/2.10/tool-options/gimp-airbrush-tool GIMP/2.10/tool-options/gimp-align-tool GIMP/2.10/tool-options/gimp-brightness-contrast-tool GIMP/2.10/tool-options/gimp-bucket-fill-tool GIMP/2.10/tool-options/gimp-by-color-select-tool GIMP/2.10/tool-options/gimp-cage-tool GIMP/2.10/tool-options/gimp-clone-tool GIMP/2.10/tool-options/gimp-color-picker-tool GIMP/2.10/tool-options/gimp-convolve-tool GIMP/2.10/tool-options/gimp-crop-tool GIMP/2.10/tool-options/gimp-curves-tool GIMP/2.10/tool-options/gimp-dodge-burn-tool GIMP/2.10/tool-options/gimp-ellipse-select-tool GIMP/2.10/tool-options/gimp-eraser-tool GIMP/2.10/tool-options/gimp-flip-tool GIMP/2.10/tool-options/gimp-foreground-select-tool GIMP/2.10/tool-options/gimp-free-select-tool GIMP/2.10/tool-options/gimp-fuzzy-select-tool GIMP/2.10/tool-options/gimp-gegl-tool GIMP/2.10/tool-options/gimp-gradient-tool GIMP/2.10/tool-options/gimp-handle-transform-tool GIMP/2.10/tool-options/gimp-heal-tool GIMP/2.10/tool-options/gimp-ink-tool GIMP/2.10/tool-options/gimp-iscissors-tool GIMP/2.10/tool-options/gimp-levels-tool GIMP/2.10/tool-options/gimp-measure-tool GIMP/2.10/tool-options/gimp-move-tool GIMP/2.10/tool-options/gimp-mypaint-brush-tool GIMP/2.10/tool-options/gimp-offset-tool GIMP/2.10/tool-options/gimp-operation-tool GIMP/2.10/tool-options/gimp-paintbrush-tool GIMP/2.10/tool-options/gimp-pencil-tool GIMP/2.10/tool-options/gimp-perspective-clone-tool GIMP/2.10/tool-options/gimp-perspective-tool GIMP/2.10/tool-options/gimp-rect-select-tool GIMP/2.10/tool-options/gimp-rotate-tool GIMP/2.10/tool-options/gimp-scale-tool GIMP/2.10/tool-options/gimp-shear-tool GIMP/2.10/tool-options/gimp-smudge-tool GIMP/2.10/tool-options/gimp-text-tool GIMP/2.10/tool-options/gimp-threshold-tool GIMP/2.10/tool-options/gimp-transform-3d-tool GIMP/2.10/tool-options/gimp-unified-transform-tool GIMP/2.10/tool-options/gimp-vector-tool GIMP/2.10/tool-options/gimp-warp-tool GIMP/2.10/tool-options/gimp-zoom-tool GIMP/2.10/toolrc GIMP/2.10/unitrc cinnamon/spices/calendar@cinnamon.org/13.json cinnamon/spices/cornerbar@cinnamon.org/14.json cinnamon/spices/favorites@cinnamon.org/9.json cinnamon/spices/grouped-window-list@cinnamon.org/2.json cinnamon/spices/menu@cinnamon.org/0.json cinnamon/spices/network@cinnamon.org/network@cinnamon.org.json cinnamon/spices/notifications@cinnamon.org/notifications@cinnamon.org.json cinnamon/spices/power@cinnamon.org/power@cinnamon.org.json cinnamon/spices/printers@cinnamon.org/6.json cinnamon/spices/sound@cinnamon.org/sound@cinnamon.org.json dconf/.keep dconf/user enchant/he.dic enchant/he.exc environment.d/10-home-manager.conf evolution/sources/system-proxy.source gtk-2.0/gtkfilechooser.ini gtk-3.0/settings.ini gtk-4.0/settings.ini home-manager/flake.nix home-manager/home.nix hypr/hyprland.conf hypr/hyprlock.conf hypr/hyprpaper.conf kitty/kitty.conf libreoffice/4/user/GraphicsRenderTests.log libreoffice/4/user/additions/20616/libreoffice-style-yaru-bark-v2__ScaleMaxHeightWzIwMF0.png libreoffice/4/user/additions/20617/libreoffice-style-yaru-blue-v2__ScaleMaxHeightWzIwMF0.png libreoffice/4/user/additions/20618/libreoffice-style-yaru-magenta-v2__ScaleMaxHeightWzIwMF0.png libreoffice/4/user/additions/20619/libreoffice-style-yaru-mate__ScaleMaxHeightWzIwMF0.png libreoffice/4/user/additions/20620/libreoffice-style-yaru-olive-v2__ScaleMaxHeightWzIwMF0.png libreoffice/4/user/additions/20621/libreoffice-style-yaru-prussiangreen-v2__ScaleMaxHeightWzIwMF0.png libreoffice/4/user/additions/20622/libreoffice-style-yaru-purple-v2__ScaleMaxHeightWzIwMF0.png libreoffice/4/user/additions/20623/libreoffice-style-yaru-red-v2__ScaleMaxHeightWzIwMF0.png libreoffice/4/user/additions/20624/libreoffice-style-yaru-sage-v2__ScaleMaxHeightWzIwMF0.png libreoffice/4/user/additions/20625/libreoffice-style-yaru-viridian-v2__ScaleMaxHeightWzIwMF0.png libreoffice/4/user/additions/41982/Screenshot_20241214_162839__ScaleMaxHeightWzIwMF0.png libreoffice/4/user/additions/801/2020-06-01-08_41_57-Untitled-1-LibreOfficeDev-Writer__ScaleMaxHeightWzIwMF0.png libreoffice/4/user/additions/galaxy-icon-theme/galaxy-icon-theme_PadWzMzNiwxMDAsIkZGRkZGRiIsMF0__ScaleMaxHeightWzIwMF0.png libreoffice/4/user/additions/high-contrast-icon-theme/high-contrast-icon-theme_9b15ccaf-06b8-48c5-9d31-da7ae05fb9b1__ScaleMaxHeightWzIwMF0.png libreoffice/4/user/additions/industrial-icon-theme/2020-05-28-10_46_43-Untitled-1-LibreOfficeDev-Writer__ScaleMaxHeightWzIwMF0.png libreoffice/4/user/additions/oxygen-icon-theme/oxygen-icon-theme__ScaleMaxHeightWzIwMF0.png libreoffice/4/user/additions/tango-icon-theme-for-libreoffice/tango-icon-theme-for-libreoffice_33134e92-e9b7-4ed4-86b1-8b0e2fd209e8__ScaleMaxHeightWzIwMF0.png libreoffice/4/user/additions/yaru-icon-theme/libreoffice-style-yaru-v5__ScaleMaxHeightWzIwMF0.png libreoffice/4/user/autotext/mytexts.bau libreoffice/4/user/backup/000 Recommendation Procedures.doc_1.odt libreoffice/4/user/backup/Chapter 1_1 Notes with questions (STUDENT).docx.bak libreoffice/4/user/backup/Writing Prompt #1.docx.bak libreoffice/4/user/backup/Writing Prompt #2 Student(1).docx.bak libreoffice/4/user/backup/Writing Prompt #3 Student.docx.bak libreoffice/4/user/basic/Standard/Module1.xba libreoffice/4/user/basic/Standard/dialog.xlb libreoffice/4/user/basic/Standard/script.xlb libreoffice/4/user/basic/dialog.xlc libreoffice/4/user/basic/script.xlc libreoffice/4/user/config/autotbl.fmt libreoffice/4/user/config/fontnameboxmruentries libreoffice/4/user/config/javasettings_Linux_X86_64.xml libreoffice/4/user/database/biblio.odb libreoffice/4/user/database/biblio/biblio.dbf libreoffice/4/user/database/biblio/biblio.dbt libreoffice/4/user/database/evolocal.odb libreoffice/4/user/extensions/buildid libreoffice/4/user/extensions/bundled/lastsynchronized libreoffice/4/user/extensions/bundled/registry/com.sun.star.comp.deployment.configuration.PackageRegistryBackend/backenddb.xml libreoffice/4/user/extensions/bundled/registry/com.sun.star.comp.deployment.help.PackageRegistryBackend/backenddb.xml libreoffice/4/user/extensions/shared/lastsynchronized libreoffice/4/user/extensions/shared/registry/com.sun.star.comp.deployment.configuration.PackageRegistryBackend/backenddb.xml libreoffice/4/user/extensions/shared/registry/com.sun.star.comp.deployment.help.PackageRegistryBackend/backenddb.xml libreoffice/4/user/extensions/tmp/registry/com.sun.star.comp.deployment.configuration.PackageRegistryBackend/backenddb.xml libreoffice/4/user/extensions/tmp/registry/com.sun.star.comp.deployment.help.PackageRegistryBackend/backenddb.xml libreoffice/4/user/gallery/sg30.sdv libreoffice/4/user/gallery/sg30.thm libreoffice/4/user/pack/ExtensionInfo.pack libreoffice/4/user/pack/autotext/mytexts.pack libreoffice/4/user/pack/basic/Standard/Module1.pack [1246ms]
2025-09-29 13:28:27.085 [info] > git add -A -- libreoffice/4/user/pack/basic/Standard/dialog.pack libreoffice/4/user/pack/basic/Standard/script.pack libreoffice/4/user/pack/basic/dialog.pack libreoffice/4/user/pack/basic/script.pack libreoffice/4/user/pack/config/autotbl.pack libreoffice/4/user/pack/config/fontnameboxmruentries.pack libreoffice/4/user/pack/config/javasettings_Linux_X86_64.pack libreoffice/4/user/pack/database/biblio.pack libreoffice/4/user/pack/database/biblio/biblio.pack libreoffice/4/user/pack/database/evolocal.pack libreoffice/4/user/pack/registrymodifications.pack libreoffice/4/user/registrymodifications.xcu libreoffice/4/user/uno_packages/cache/registry/com.sun.star.comp.deployment.configuration.PackageRegistryBackend/backenddb.xml libreoffice/4/user/uno_packages/cache/registry/com.sun.star.comp.deployment.help.PackageRegistryBackend/backenddb.xml mako/config menus/cinnamon-applications-merged mimeapps.list nemo/desktop-metadata nixos/configuration.nix nixos/configuration.nix.save nixos/configuration.nix.save.1 nixos/flake.lock nixos/flake.nix nixos/hardware-configuration.nix nixos/home.nix nwg-look/config pavucontrol.ini pix/active_filter.xml pix/filters.xml pix/history.xbel pulse/cookie spotify/Users/31ae64tf5yjnfn2nplzlnr3jfmou-user/ad-state-storage.bnk spotify/Users/31ae64tf5yjnfn2nplzlnr3jfmou-user/frecency.pb spotify/Users/31ae64tf5yjnfn2nplzlnr3jfmou-user/local-files.bnk spotify/Users/31ae64tf5yjnfn2nplzlnr3jfmou-user/local_sync_state spotify/Users/31ae64tf5yjnfn2nplzlnr3jfmou-user/log spotify/Users/31ae64tf5yjnfn2nplzlnr3jfmou-user/log-tracked spotify/Users/31ae64tf5yjnfn2nplzlnr3jfmou-user/pending-messages_seq_nr spotify/Users/31ae64tf5yjnfn2nplzlnr3jfmou-user/prefs spotify/Users/31ae64tf5yjnfn2nplzlnr3jfmou-user/watch-sources.bnk spotify/prefs systemd/user/tray.target user-dirs.dirs user-dirs.locale waybar/config waybar/config.sh waybar/modules.json waybar/style.css wlogout/layout wlogout/lock_black.png wlogout/reboot_black.png wlogout/shutdown_black.png wlogout/style.css wofi/config wofi/style.css x-cinnamon-xdg-terminals.list xdg-terminals.list xed/accels [227ms]
2025-09-29 13:28:27.108 [info] [Git][getRemotes] No remotes found in the git config file
2025-09-29 13:28:27.109 [info] > git config --get commit.template [10ms]
2025-09-29 13:28:27.111 [info] > git for-each-ref --format=%(refname)%00%(upstream:short)%00%(objectname)%00%(upstream:track)%00%(upstream:remotename)%00%(upstream:remoteref) refs/heads/main refs/remotes/main [3ms]
2025-09-29 13:28:27.111 [warning] [Git][getBranch] No such branch: main
2025-09-29 13:28:27.131 [info] > git for-each-ref --sort -committerdate --format %(refname)%00%(objectname)%00%(*objectname) [3ms]
2025-09-29 13:28:27.139 [info] > git status -z -uall [20ms]
2025-09-29 13:28:27.598 [info] > git show --textconv :hypr/hyprland.conf [11ms]
2025-09-29 13:28:27.664 [info] > git show --textconv HEAD:hypr/hyprland.conf [67ms]
2025-09-29 13:28:27.664 [info] > git ls-files --stage -- hypr/hyprland.conf [12ms]
2025-09-29 13:28:27.684 [info] > git cat-file -s dd1c1507434180ffc55ae88b78863b3169946f77 [11ms]
2025-09-29 13:28:27.686 [info] > git ls-tree -l HEAD -- hypr/hyprland.conf [23ms]
2025-09-29 13:28:27.686 [info] fatal: Not a valid object name HEAD
2025-09-29 13:28:27.696 [info] > git hash-object -t tree /dev/null [14ms]
2025-09-29 13:28:27.696 [warning] [GitFileSystemProvider][readFile] File not found - git:/home/rohan/.config/hypr/hyprland.conf.git?%7B%22path%22%3A%22%2Fhome%2Frohan%2F.config%2Fhypr%2Fhyprland.conf%22%2C%22ref%22%3A%22HEAD%22%7D
2025-09-29 13:28:27.710 [info] > git hash-object -t tree /dev/null [16ms]
2025-09-29 13:28:27.711 [warning] [GitFileSystemProvider][stat] File not found - git:/home/rohan/.config/hypr/hyprland.conf.git?%7B%22path%22%3A%22%2Fhome%2Frohan%2F.config%2Fhypr%2Fhyprland.conf%22%2C%22ref%22%3A%22HEAD%22%7D
2025-09-29 13:28:27.712 [info] > git branch [3ms]
2025-09-29 13:28:27.733 [info] > git rm --cached -r -- . [12ms]
2025-09-29 13:28:27.733 [info] error: the following files have staged content different from both the
file and the HEAD:
    Code/logs/20250929T132742/window1/exthost/exthost.log
    Code/logs/20250929T132742/window1/exthost/vscode.git/Git.log
(use -f to force removal)
2025-09-29 13:28:27.754 [info] [Git][getRemotes] No remotes found in the git config file
2025-09-29 13:28:27.755 [info] > git config --get commit.template [10ms]
2025-09-29 13:28:27.757 [info] > git for-each-ref --format=%(refname)%00%(upstream:short)%00%(objectname)%00%(upstream:track)%00%(upstream:remotename)%00%(upstream:remoteref) refs/heads/main refs/remotes/main [3ms]
2025-09-29 13:28:27.757 [warning] [Git][getBranch] No such branch: main
2025-09-29 13:28:27.780 [info] > git for-each-ref --sort -committerdate --format %(refname)%00%(objectname)%00%(*objectname) [3ms]
2025-09-29 13:28:27.785 [info] > git status -z -uall [18ms]
2025-09-29 13:28:28.656 [info] > git ls-files --stage -- hypr/hyprland.conf [5ms]
2025-09-29 13:28:28.671 [info] > git cat-file -s dd1c1507434180ffc55ae88b78863b3169946f77 [4ms]
2025-09-29 13:28:28.688 [info] > git show --textconv :hypr/hyprland.conf [5ms]
2025-09-29 13:28:30.107 [info] [Git][getRemotes] No remotes found in the git config file
2025-09-29 13:28:30.120 [info] > git config --get commit.template [15ms]
2025-09-29 13:28:30.122 [info] > git for-each-ref --format=%(refname)%00%(upstream:short)%00%(objectname)%00%(upstream:track)%00%(upstream:remotename)%00%(upstream:remoteref) refs/heads/main refs/remotes/main [4ms]
2025-09-29 13:28:30.122 [warning] [Git][getBranch] No such branch: main
2025-09-29 13:28:30.148 [info] > git for-each-ref --sort -committerdate --format %(refname)%00%(objectname)%00%(*objectname) [3ms]
2025-09-29 13:28:30.155 [info] > git status -z -uall [21ms]
2025-09-29 13:28:33.825 [info] > git -c user.useConfigOnly=true commit --quiet [47ms]
2025-09-29 13:28:33.825 [info] Author identity unknown

*** Please tell me who you are.

Run

  git config --global user.email "you@example.com"
  git config --global user.name "Your Name"

to set your account's default identity.
Omit --global to set the identity only in this repository.

fatal: no email was given and auto-detection is disabled
2025-09-29 13:28:33.839 [info] > git config --get-all user.name [4ms]
2025-09-29 13:28:33.861 [info] [Git][getRemotes] No remotes found in the git config file
2025-09-29 13:28:33.862 [info] > git config --get commit.template [13ms]
2025-09-29 13:28:33.864 [info] > git for-each-ref --format=%(refname)%00%(upstream:short)%00%(objectname)%00%(upstream:track)%00%(upstream:remotename)%00%(upstream:remoteref) refs/heads/main refs/remotes/main [3ms]
2025-09-29 13:28:33.864 [warning] [Git][getBranch] No such branch: main
2025-09-29 13:28:33.889 [info] > git for-each-ref --sort -committerdate --format %(refname)%00%(objectname)%00%(*objectname) [5ms]
2025-09-29 13:28:33.894 [info] > git status -z -uall [20ms]
2025-09-29 13:28:35.192 [info] [Git][getRemotes] No remotes found in the git config file
2025-09-29 13:28:35.193 [info] > git config --get commit.template [14ms]
2025-09-29 13:28:35.195 [info] > git for-each-ref --format=%(refname)%00%(upstream:short)%00%(objectname)%00%(upstream:track)%00%(upstream:remotename)%00%(upstream:remoteref) refs/heads/main refs/remotes/main [3ms]
2025-09-29 13:28:35.195 [warning] [Git][getBranch] No such branch: main
2025-09-29 13:28:35.217 [info] > git for-each-ref --sort -committerdate --format %(refname)%00%(objectname)%00%(*objectname) [3ms]
2025-09-29 13:28:35.225 [info] > git status -z -uall [21ms]
2025-09-29 13:28:35.303 [info] > git ls-files --stage -- hypr/hyprland.conf [4ms]
2025-09-29 13:28:35.316 [info] > git cat-file -s dd1c1507434180ffc55ae88b78863b3169946f77 [4ms]
2025-09-29 13:28:35.493 [info] > git show --textconv :hypr/hyprland.conf [164ms]
2025-09-29 13:28:40.260 [info] [Git][getRemotes] No remotes found in the git config file
2025-09-29 13:28:40.261 [info] > git config --get commit.template [13ms]
2025-09-29 13:28:40.262 [info] > git for-each-ref --format=%(refname)%00%(upstream:short)%00%(objectname)%00%(upstream:track)%00%(upstream:remotename)%00%(upstream:remoteref) refs/heads/main refs/remotes/main [2ms]
2025-09-29 13:28:40.262 [warning] [Git][getBranch] No such branch: main
2025-09-29 13:28:40.285 [info] > git for-each-ref --sort -committerdate --format %(refname)%00%(objectname)%00%(*objectname) [3ms]
2025-09-29 13:28:40.293 [info] > git status -z -uall [21ms]
