2025-10-06 08:07:20.411 [info] [main] Log level: Info
2025-10-06 08:07:20.411 [info] [main] Validating found git in: "git"
2025-10-06 08:07:20.411 [info] [main] Using git "2.50.1" from "git"
2025-10-06 08:07:20.411 [info] [Model][doInitialScan] Initial repository scan started
2025-10-06 08:07:20.411 [info] > git rev-parse --show-toplevel [28ms]
2025-10-06 08:07:20.411 [info] fatal: not a git repository (or any of the parent directories): .git
2025-10-06 08:07:20.411 [info] > git rev-parse --show-toplevel [8ms]
2025-10-06 08:07:20.411 [info] fatal: not a git repository (or any of the parent directories): .git
2025-10-06 08:07:20.411 [info] > git rev-parse --show-toplevel [3ms]
2025-10-06 08:07:20.411 [info] fatal: not a git repository (or any of the parent directories): .git
2025-10-06 08:07:20.411 [info] > git rev-parse --show-toplevel [3ms]
2025-10-06 08:07:20.411 [info] fatal: not a git repository (or any of the parent directories): .git
2025-10-06 08:07:20.411 [info] > git rev-parse --show-toplevel [2ms]
2025-10-06 08:07:20.411 [info] fatal: not a git repository (or any of the parent directories): .git
2025-10-06 08:07:20.411 [info] > git rev-parse --show-toplevel [3ms]
2025-10-06 08:07:20.411 [info] fatal: not a git repository (or any of the parent directories): .git
2025-10-06 08:07:20.411 [info] > git rev-parse --show-toplevel [3ms]
2025-10-06 08:07:20.411 [info] fatal: not a git repository (or any of the parent directories): .git
2025-10-06 08:07:20.411 [info] > git rev-parse --show-toplevel [3ms]
2025-10-06 08:07:20.411 [info] fatal: not a git repository (or any of the parent directories): .git
2025-10-06 08:07:20.412 [info] > git rev-parse --show-toplevel [56ms]
2025-10-06 08:07:20.412 [info] fatal: not a git repository (or any of the parent directories): .git
2025-10-06 08:07:20.480 [info] > git rev-parse --show-toplevel [51ms]
2025-10-06 08:07:20.480 [info] fatal: not a git repository (or any of the parent directories): .git
2025-10-06 08:07:20.535 [info] > git rev-parse --show-toplevel [3ms]
2025-10-06 08:07:20.535 [info] fatal: not a git repository (or any of the parent directories): .git
2025-10-06 08:07:20.548 [info] > git rev-parse --show-toplevel [4ms]
2025-10-06 08:07:20.548 [info] fatal: not a git repository (or any of the parent directories): .git
2025-10-06 08:07:20.561 [info] > git rev-parse --show-toplevel [3ms]
2025-10-06 08:07:20.562 [info] fatal: not a git repository (or any of the parent directories): .git
2025-10-06 08:07:20.575 [info] > git rev-parse --show-toplevel [4ms]
2025-10-06 08:07:20.575 [info] fatal: not a git repository (or any of the parent directories): .git
2025-10-06 08:07:20.588 [info] > git rev-parse --show-toplevel [4ms]
2025-10-06 08:07:20.589 [info] fatal: not a git repository (or any of the parent directories): .git
2025-10-06 08:07:20.601 [info] > git rev-parse --show-toplevel [3ms]
2025-10-06 08:07:20.602 [info] fatal: not a git repository (or any of the parent directories): .git
2025-10-06 08:07:20.616 [info] > git rev-parse --show-toplevel [4ms]
2025-10-06 08:07:20.616 [info] fatal: not a git repository (or any of the parent directories): .git
2025-10-06 08:07:20.630 [info] > git rev-parse --show-toplevel [3ms]
2025-10-06 08:07:20.630 [info] fatal: not a git repository (or any of the parent directories): .git
2025-10-06 08:07:20.644 [info] > git rev-parse --show-toplevel [3ms]
2025-10-06 08:07:20.644 [info] fatal: not a git repository (or any of the parent directories): .git
2025-10-06 08:07:20.658 [info] > git rev-parse --show-toplevel [4ms]
2025-10-06 08:07:20.658 [info] fatal: not a git repository (or any of the parent directories): .git
2025-10-06 08:07:20.671 [info] > git rev-parse --show-toplevel [4ms]
2025-10-06 08:07:20.671 [info] fatal: not a git repository (or any of the parent directories): .git
2025-10-06 08:07:20.683 [info] > git rev-parse --show-toplevel [3ms]
2025-10-06 08:07:20.684 [info] fatal: not a git repository (or any of the parent directories): .git
2025-10-06 08:07:20.696 [info] > git rev-parse --show-toplevel [2ms]
2025-10-06 08:07:20.696 [info] fatal: not a git repository (or any of the parent directories): .git
2025-10-06 08:07:20.709 [info] > git rev-parse --show-toplevel [3ms]
2025-10-06 08:07:20.709 [info] fatal: not a git repository (or any of the parent directories): .git
2025-10-06 08:07:20.722 [info] > git rev-parse --show-toplevel [4ms]
2025-10-06 08:07:20.722 [info] fatal: not a git repository (or any of the parent directories): .git
2025-10-06 08:07:20.736 [info] > git rev-parse --show-toplevel [2ms]
2025-10-06 08:07:20.737 [info] fatal: not a git repository (or any of the parent directories): .git
2025-10-06 08:07:20.750 [info] > git rev-parse --show-toplevel [3ms]
2025-10-06 08:07:20.750 [info] fatal: not a git repository (or any of the parent directories): .git
2025-10-06 08:07:20.763 [info] > git rev-parse --show-toplevel [3ms]
2025-10-06 08:07:20.764 [info] fatal: not a git repository (or any of the parent directories): .git
2025-10-06 08:07:20.777 [info] > git rev-parse --show-toplevel [3ms]
2025-10-06 08:07:20.778 [info] fatal: not a git repository (or any of the parent directories): .git
2025-10-06 08:07:20.791 [info] > git rev-parse --show-toplevel [4ms]
2025-10-06 08:07:20.791 [info] fatal: not a git repository (or any of the parent directories): .git
2025-10-06 08:07:20.804 [info] > git rev-parse --show-toplevel [3ms]
2025-10-06 08:07:20.805 [info] fatal: not a git repository (or any of the parent directories): .git
2025-10-06 08:07:20.820 [info] > git rev-parse --show-toplevel [4ms]
2025-10-06 08:07:20.820 [info] fatal: not a git repository (or any of the parent directories): .git
2025-10-06 08:07:20.835 [info] > git rev-parse --show-toplevel [4ms]
2025-10-06 08:07:20.835 [info] fatal: not a git repository (or any of the parent directories): .git
2025-10-06 08:07:20.851 [info] > git rev-parse --show-toplevel [4ms]
2025-10-06 08:07:20.851 [info] fatal: not a git repository (or any of the parent directories): .git
2025-10-06 08:07:20.865 [info] > git rev-parse --show-toplevel [3ms]
2025-10-06 08:07:20.865 [info] fatal: not a git repository (or any of the parent directories): .git
2025-10-06 08:07:20.873 [info] [Model][doInitialScan] Initial repository scan completed - repositories (0), closed repositories (0), parent repositories (0), unsafe repositories (0)
2025-10-06 08:07:20.886 [info] > git rev-parse --show-toplevel [3ms]
2025-10-06 08:07:20.886 [info] fatal: not a git repository (or any of the parent directories): .git
2025-10-06 08:07:20.900 [info] > git rev-parse --show-toplevel [3ms]
2025-10-06 08:07:20.900 [info] fatal: not a git repository (or any of the parent directories): .git
2025-10-06 08:07:20.914 [info] > git rev-parse --show-toplevel [3ms]
2025-10-06 08:07:20.914 [info] fatal: not a git repository (or any of the parent directories): .git
2025-10-06 08:07:21.254 [info] > git rev-parse --show-toplevel [4ms]
2025-10-06 08:07:21.254 [info] fatal: not a git repository (or any of the parent directories): .git
2025-10-06 08:07:21.499 [info] > git rev-parse --show-toplevel [3ms]
2025-10-06 08:07:21.499 [info] fatal: not a git repository (or any of the parent directories): .git
2025-10-06 08:07:21.616 [info] > git rev-parse --show-toplevel [3ms]
2025-10-06 08:07:21.616 [info] fatal: not a git repository (or any of the parent directories): .git
2025-10-06 08:09:06.158 [info] > git init -b main [14ms]
2025-10-06 08:09:06.175 [info] > git rev-parse --show-toplevel [3ms]
2025-10-06 08:09:06.198 [info] > git rev-parse --git-dir --git-common-dir --show-superproject-working-tree [9ms]
2025-10-06 08:09:06.225 [info] [Model][openRepository] Opened repository (path): /home/rohan/.config
2025-10-06 08:09:06.225 [info] [Model][openRepository] Opened repository (real path): /home/rohan/.config
2025-10-06 08:09:06.225 [info] [Model][openRepository] Opened repository (kind): repository
2025-10-06 08:09:06.265 [info] > git config --get commit.template [3ms]
2025-10-06 08:09:06.280 [info] [Git][getRemotes] No remotes found in the git config file
2025-10-06 08:09:06.283 [info] > git for-each-ref --format=%(refname)%00%(upstream:short)%00%(objectname)%00%(upstream:track)%00%(upstream:remotename)%00%(upstream:remoteref) refs/heads/main refs/remotes/main [4ms]
2025-10-06 08:09:06.284 [warning] [Git][getBranch] No such branch: main
2025-10-06 08:09:06.322 [info] > git status -z -uall [24ms]
2025-10-06 08:09:06.322 [info] > git for-each-ref --sort -committerdate --format %(refname)%00%(objectname)%00%(*objectname) [8ms]
2025-10-06 08:09:06.384 [info] > git for-each-ref --format=%(refname)%00%(upstream:short)%00%(objectname)%00%(upstream:track)%00%(upstream:remotename)%00%(upstream:remoteref) refs/heads/main refs/remotes/main [19ms]
2025-10-06 08:09:06.385 [warning] [Git][getBranch] No such branch: main
2025-10-06 08:09:06.386 [error] [GitHistoryProvider][resolveHEADMergeBase] Failed to resolve merge base for main: Error: No such branch: main.
2025-10-06 08:09:06.389 [info] > git config --get commit.template [6ms]
2025-10-06 08:09:06.400 [info] [Git][getRemotes] No remotes found in the git config file
2025-10-06 08:09:06.413 [info] > git for-each-ref --format=%(refname)%00%(upstream:short)%00%(objectname)%00%(upstream:track)%00%(upstream:remotename)%00%(upstream:remoteref) refs/heads/main refs/remotes/main [13ms]
2025-10-06 08:09:06.413 [warning] [Git][getBranch] No such branch: main
2025-10-06 08:09:06.658 [info] > git status -z -uall [232ms]
2025-10-06 08:09:06.658 [info] > git for-each-ref --sort -committerdate --format %(refname)%00%(objectname)%00%(*objectname) [218ms]
2025-10-06 08:09:07.427 [info] > git check-ignore -v -z --stdin [4ms]
