2025-10-03 10:39:39.020 [info] Reading sessions from keychain...
2025-10-03 10:39:39.020 [info] Getting sessions for all scopes...
2025-10-03 10:39:39.162 [info] Got 0 sessions for ...
2025-10-03 10:39:39.162 [info] Getting sessions for all scopes...
2025-10-03 10:39:39.162 [info] Got 0 sessions for ...
2025-10-03 10:39:39.162 [info] Getting sessions for all scopes...
2025-10-03 10:39:39.162 [info] Got 0 sessions for ...
2025-10-03 10:39:39.162 [info] Getting sessions for all scopes...
2025-10-03 10:39:39.162 [info] Got 0 sessions for ...
2025-10-03 10:39:39.162 [info] Getting sessions for all scopes...
2025-10-03 10:39:39.162 [info] Got 0 sessions for ...
2025-10-03 10:39:39.162 [info] Getting sessions for all scopes...
2025-10-03 10:39:39.162 [info] Got 0 sessions for ...
2025-10-03 10:39:39.163 [info] Getting sessions for all scopes...
2025-10-03 10:39:39.163 [info] Got 0 sessions for ...
2025-10-03 10:39:39.309 [info] Getting sessions for all scopes...
2025-10-03 10:39:39.309 [info] Got 0 sessions for ...
2025-10-03 10:39:39.310 [info] Getting sessions for all scopes...
2025-10-03 10:39:39.310 [info] Got 0 sessions for ...
2025-10-03 10:39:39.310 [info] Getting sessions for all scopes...
2025-10-03 10:39:39.310 [info] Got 0 sessions for ...
2025-10-03 10:39:39.311 [info] Getting sessions for all scopes...
2025-10-03 10:39:39.311 [info] Got 0 sessions for ...
2025-10-03 10:39:39.311 [info] Getting sessions for all scopes...
2025-10-03 10:39:39.311 [info] Got 0 sessions for ...
2025-10-03 10:39:39.311 [info] Getting sessions for all scopes...
2025-10-03 10:39:39.311 [info] Got 0 sessions for ...
2025-10-03 10:39:40.081 [info] Getting sessions for all scopes...
2025-10-03 10:39:40.081 [info] Got 0 sessions for ...
2025-10-03 10:39:41.376 [info] Getting sessions for all scopes...
2025-10-03 10:39:41.376 [info] Got 0 sessions for ...
2025-10-03 10:39:41.838 [info] Getting sessions for all scopes...
2025-10-03 10:39:41.838 [info] Got 0 sessions for ...
2025-10-03 10:39:41.839 [info] Getting sessions for all scopes...
2025-10-03 10:39:41.839 [info] Got 0 sessions for ...
2025-10-03 10:39:41.853 [info] Getting sessions for all scopes...
2025-10-03 10:39:41.853 [info] Got 0 sessions for ...
2025-10-03 10:41:55.882 [info] Getting sessions for read:user,repo,user:email,workflow...
2025-10-03 10:41:55.882 [info] Got 0 sessions for read:user,repo,user:email,workflow...
2025-10-03 10:41:58.142 [info] Logging in with 'any' account...
2025-10-03 10:41:58.142 [info] Logging in for the following scopes: read:user repo user:email workflow
2025-10-03 10:41:58.232 [info] Trying with local server... (read:user repo user:email workflow)
2025-10-03 10:42:02.736 [info] Exchanging code for token...
2025-10-03 10:42:03.150 [info] Token exchange success!
2025-10-03 10:42:03.152 [info] Getting user info...
2025-10-03 10:42:04.902 [info] Got account info!
2025-10-03 10:42:04.903 [info] Storing 1 sessions...
2025-10-03 10:42:11.780 [info] Reading sessions from keychain...
2025-10-03 10:42:11.780 [info] Stored 1 sessions!
2025-10-03 10:42:11.780 [info] Login success!
2025-10-03 10:42:11.903 [info] Getting sessions for all scopes...
2025-10-03 10:42:11.908 [info] Got stored sessions!
2025-10-03 10:42:11.908 [info] Got 1 verified sessions.
2025-10-03 10:42:11.908 [info] Got 1 sessions for ...
2025-10-03 10:42:11.908 [info] Getting sessions for all scopes...
2025-10-03 10:42:11.908 [info] Got 1 sessions for ...
2025-10-03 10:42:11.908 [info] Getting sessions for all scopes...
2025-10-03 10:42:11.908 [info] Got 1 sessions for ...
2025-10-03 10:42:11.909 [info] Getting sessions for all scopes...
2025-10-03 10:42:11.909 [info] Got 1 sessions for ...
2025-10-03 10:42:11.916 [info] Getting sessions for all scopes...
2025-10-03 10:42:11.916 [info] Got 1 sessions for ...
2025-10-03 10:42:11.917 [info] Getting sessions for all scopes...
2025-10-03 10:42:11.917 [info] Got 1 sessions for ...
2025-10-03 10:42:11.918 [info] Getting sessions for read:user,repo,user:email,workflow...
2025-10-03 10:42:11.918 [info] Got 1 sessions for read:user,repo,user:email,workflow...
2025-10-03 10:42:51.264 [info] Getting sessions for read:user,repo,user:email,workflow...
2025-10-03 10:42:51.265 [info] Got 1 sessions for read:user,repo,user:email,workflow...
2025-10-03 10:45:37.393 [info] Getting sessions for read:user,repo,user:email,workflow...
2025-10-03 10:45:37.394 [info] Got 1 sessions for read:user,repo,user:email,workflow...
